This file contains any messages produced by compilers while
running configure, to aid debugging if configure makes a mistake.

It was created by configure, which was
generated by GNU Autoconf 2.69.  Invocation command line was

  $ ./configure --disable-option-checking --prefix=/usr/local --cache-file=/dev/null --srcdir=.

## --------- ##
## Platform. ##
## --------- ##

hostname = cebf3c9a2b34
uname -m = x86_64
uname -r = 5.4.0-153-generic
uname -s = Linux
uname -v = #170-Ubuntu SMP Fri Jun 16 13:43:31 UTC 2023

/usr/bin/uname -p = unknown
/bin/uname -X     = unknown

/bin/arch              = unknown
/usr/bin/arch -k       = unknown
/usr/convex/getsysinfo = unknown
/usr/bin/hostinfo      = unknown
/bin/machine           = unknown
/usr/bin/oslevel       = unknown
/bin/universe          = unknown

PATH: /usr/local/sbin
PATH: /usr/local/bin
PATH: /usr/sbin
PATH: /usr/bin
PATH: /sbin
PATH: /bin


## ----------- ##
## Core tests. ##
## ----------- ##

configure:2167: checking build system type
configure:2181: result: x86_64-unknown-linux-gnu
configure:2201: checking host system type
configure:2214: result: x86_64-unknown-linux-gnu
configure:2414: checking for gcc
configure:2430: found /usr/bin/gcc
configure:2441: result: gcc
configure:2670: checking for C compiler version
configure:2679: gcc --version >&5
gcc (Ubuntu 5.4.0-6ubuntu1~16.04.12) 5.4.0 20160609
Copyright (C) 2015 Free Software Foundation, Inc.
This is free software; see the source for copying conditions.  There is NO
warranty; not even for MERCHANTABILITY or FITNESS FOR A PARTICULAR PURPOSE.

configure:2690: $? = 0
configure:2679: gcc -v >&5
Using built-in specs.
COLLECT_GCC=gcc
COLLECT_LTO_WRAPPER=/usr/lib/gcc/x86_64-linux-gnu/5/lto-wrapper
Target: x86_64-linux-gnu
Configured with: ../src/configure -v --with-pkgversion='Ubuntu 5.4.0-6ubuntu1~16.04.12' --with-bugurl=file:///usr/share/doc/gcc-5/README.Bugs --enable-languages=c,ada,c++,java,go,d,fortran,objc,obj-c++ --prefix=/usr --program-suffix=-5 --enable-shared --enable-linker-build-id --libexecdir=/usr/lib --without-included-gettext --enable-threads=posix --libdir=/usr/lib --enable-nls --with-sysroot=/ --enable-clocale=gnu --enable-libstdcxx-debug --enable-libstdcxx-time=yes --with-default-libstdcxx-abi=new --enable-gnu-unique-object --disable-vtable-verify --enable-libmpx --enable-plugin --with-system-zlib --disable-browser-plugin --enable-java-awt=gtk --enable-gtk-cairo --with-java-home=/usr/lib/jvm/java-1.5.0-gcj-5-amd64/jre --enable-java-home --with-jvm-root-dir=/usr/lib/jvm/java-1.5.0-gcj-5-amd64 --with-jvm-jar-dir=/usr/lib/jvm-exports/java-1.5.0-gcj-5-amd64 --with-arch-directory=amd64 --with-ecj-jar=/usr/share/java/eclipse-ecj.jar --enable-objc-gc --enable-multiarch --disable-werror --with-arch-32=i686 --with-abi=m64 --with-multilib-list=m32,m64,mx32 --enable-multilib --with-tune=generic --enable-checking=release --build=x86_64-linux-gnu --host=x86_64-linux-gnu --target=x86_64-linux-gnu
Thread model: posix
gcc version 5.4.0 20160609 (Ubuntu 5.4.0-6ubuntu1~16.04.12) 
configure:2690: $? = 0
configure:2679: gcc -V >&5
gcc: error: unrecognized command line option '-V'
gcc: fatal error: no input files
compilation terminated.
configure:2690: $? = 1
configure:2679: gcc -qversion >&5
gcc: error: unrecognized command line option '-qversion'
gcc: fatal error: no input files
compilation terminated.
configure:2690: $? = 1
configure:2710: checking whether the C compiler works
configure:2732: gcc    conftest.c  >&5
configure:2736: $? = 0
configure:2784: result: yes
configure:2787: checking for C compiler default output file name
configure:2789: result: a.out
configure:2795: checking for suffix of executables
configure:2802: gcc -o conftest    conftest.c  >&5
configure:2806: $? = 0
configure:2828: result: 
configure:2850: checking whether we are cross compiling
configure:2858: gcc -o conftest    conftest.c  >&5
configure:2862: $? = 0
configure:2869: ./conftest
configure:2873: $? = 0
configure:2888: result: no
configure:2893: checking for suffix of object files
configure:2915: gcc -c   conftest.c >&5
configure:2919: $? = 0
configure:2940: result: o
configure:2944: checking whether we are using the GNU C compiler
configure:2963: gcc -c   conftest.c >&5
configure:2963: $? = 0
configure:2972: result: yes
configure:2981: checking whether gcc accepts -g
configure:3001: gcc -c -g  conftest.c >&5
configure:3001: $? = 0
configure:3042: result: yes
configure:3059: checking for gcc option to accept ISO C89
configure:3122: gcc  -c -g -O2  conftest.c >&5
configure:3122: $? = 0
configure:3135: result: none needed
configure:3161: checking how to run the C preprocessor
configure:3192: gcc -E  conftest.c
configure:3192: $? = 0
configure:3206: gcc -E  conftest.c
conftest.c:10:28: fatal error: ac_nonexistent.h: No such file or directory
compilation terminated.
configure:3206: $? = 1
configure: failed program was:
| /* confdefs.h */
| #define PACKAGE_NAME ""
| #define PACKAGE_TARNAME ""
| #define PACKAGE_VERSION ""
| #define PACKAGE_STRING ""
| #define PACKAGE_BUGREPORT ""
| #define PACKAGE_URL ""
| #define LINUX 1
| /* end confdefs.h.  */
| #include <ac_nonexistent.h>
configure:3231: result: gcc -E
configure:3251: gcc -E  conftest.c
configure:3251: $? = 0
configure:3265: gcc -E  conftest.c
conftest.c:10:28: fatal error: ac_nonexistent.h: No such file or directory
compilation terminated.
configure:3265: $? = 1
configure: failed program was:
| /* confdefs.h */
| #define PACKAGE_NAME ""
| #define PACKAGE_TARNAME ""
| #define PACKAGE_VERSION ""
| #define PACKAGE_STRING ""
| #define PACKAGE_BUGREPORT ""
| #define PACKAGE_URL ""
| #define LINUX 1
| /* end confdefs.h.  */
| #include <ac_nonexistent.h>
configure:3294: checking for grep that handles long lines and -e
configure:3352: result: /bin/grep
configure:3357: checking for egrep
configure:3419: result: /bin/grep -E
configure:3424: checking for ANSI C header files
configure:3444: gcc -c -g -O2  conftest.c >&5
configure:3444: $? = 0
configure:3517: gcc -o conftest -g -O2   conftest.c  >&5
configure:3517: $? = 0
configure:3517: ./conftest
configure:3517: $? = 0
configure:3528: result: yes
configure:3541: checking for sys/types.h
configure:3541: gcc -c -g -O2  conftest.c >&5
configure:3541: $? = 0
configure:3541: result: yes
configure:3541: checking for sys/stat.h
configure:3541: gcc -c -g -O2  conftest.c >&5
configure:3541: $? = 0
configure:3541: result: yes
configure:3541: checking for stdlib.h
configure:3541: gcc -c -g -O2  conftest.c >&5
configure:3541: $? = 0
configure:3541: result: yes
configure:3541: checking for string.h
configure:3541: gcc -c -g -O2  conftest.c >&5
configure:3541: $? = 0
configure:3541: result: yes
configure:3541: checking for memory.h
configure:3541: gcc -c -g -O2  conftest.c >&5
configure:3541: $? = 0
configure:3541: result: yes
configure:3541: checking for strings.h
configure:3541: gcc -c -g -O2  conftest.c >&5
configure:3541: $? = 0
configure:3541: result: yes
configure:3541: checking for inttypes.h
configure:3541: gcc -c -g -O2  conftest.c >&5
configure:3541: $? = 0
configure:3541: result: yes
configure:3541: checking for stdint.h
configure:3541: gcc -c -g -O2  conftest.c >&5
configure:3541: $? = 0
configure:3541: result: yes
configure:3541: checking for unistd.h
configure:3541: gcc -c -g -O2  conftest.c >&5
configure:3541: $? = 0
configure:3541: result: yes
configure:3558: checking pcap.h usability
configure:3558: gcc -c -g -O2  conftest.c >&5
conftest.c:53:18: fatal error: pcap.h: No such file or directory
compilation terminated.
configure:3558: $? = 1
configure: failed program was:
| /* confdefs.h */
| #define PACKAGE_NAME ""
| #define PACKAGE_TARNAME ""
| #define PACKAGE_VERSION ""
| #define PACKAGE_STRING ""
| #define PACKAGE_BUGREPORT ""
| #define PACKAGE_URL ""
| #define LINUX 1
| #define STDC_HEADERS 1
| #define HAVE_SYS_TYPES_H 1
| #define HAVE_SYS_STAT_H 1
| #define HAVE_STDLIB_H 1
| #define HAVE_STRING_H 1
| #define HAVE_MEMORY_H 1
| #define HAVE_STRINGS_H 1
| #define HAVE_INTTYPES_H 1
| #define HAVE_STDINT_H 1
| #define HAVE_UNISTD_H 1
| /* end confdefs.h.  */
| #include <stdio.h>
| #ifdef HAVE_SYS_TYPES_H
| # include <sys/types.h>
| #endif
| #ifdef HAVE_SYS_STAT_H
| # include <sys/stat.h>
| #endif
| #ifdef STDC_HEADERS
| # include <stdlib.h>
| # include <stddef.h>
| #else
| # ifdef HAVE_STDLIB_H
| #  include <stdlib.h>
| # endif
| #endif
| #ifdef HAVE_STRING_H
| # if !defined STDC_HEADERS && defined HAVE_MEMORY_H
| #  include <memory.h>
| # endif
| # include <string.h>
| #endif
| #ifdef HAVE_STRINGS_H
| # include <strings.h>
| #endif
| #ifdef HAVE_INTTYPES_H
| # include <inttypes.h>
| #endif
| #ifdef HAVE_STDINT_H
| # include <stdint.h>
| #endif
| #ifdef HAVE_UNISTD_H
| # include <unistd.h>
| #endif
| #include <pcap.h>
configure:3558: result: no
configure:3558: checking pcap.h presence
configure:3558: gcc -E  conftest.c
conftest.c:20:18: fatal error: pcap.h: No such file or directory
compilation terminated.
configure:3558: $? = 1
configure: failed program was:
| /* confdefs.h */
| #define PACKAGE_NAME ""
| #define PACKAGE_TARNAME ""
| #define PACKAGE_VERSION ""
| #define PACKAGE_STRING ""
| #define PACKAGE_BUGREPORT ""
| #define PACKAGE_URL ""
| #define LINUX 1
| #define STDC_HEADERS 1
| #define HAVE_SYS_TYPES_H 1
| #define HAVE_SYS_STAT_H 1
| #define HAVE_STDLIB_H 1
| #define HAVE_STRING_H 1
| #define HAVE_MEMORY_H 1
| #define HAVE_STRINGS_H 1
| #define HAVE_INTTYPES_H 1
| #define HAVE_STDINT_H 1
| #define HAVE_UNISTD_H 1
| /* end confdefs.h.  */
| #include <pcap.h>
configure:3558: result: no
configure:3558: checking for pcap.h
configure:3558: result: no
configure:3676: checking linux/version.h usability
configure:3676: gcc -c -g -O2 -I/nmap/nmap/libpcap  conftest.c >&5
configure:3676: $? = 0
configure:3676: result: yes
configure:3676: checking linux/version.h presence
configure:3676: gcc -E -I/nmap/nmap/libpcap  conftest.c
configure:3676: $? = 0
configure:3676: result: yes
configure:3676: checking for linux/version.h
configure:3676: result: yes
configure:3682: checking for Linux epoll(7) interface
configure:3708: gcc -o conftest -g -O2 -I/nmap/nmap/libpcap  -DHAVE_LINUX_VERSION_H -L/nmap/nmap/libpcap  conftest.c  >&5
configure:3708: $? = 0
configure:3719: result: yes
configure:3730: checking for poll(2)
configure:3746: gcc -o conftest -g -O2 -I/nmap/nmap/libpcap  -L/nmap/nmap/libpcap  conftest.c  >&5
configure:3746: $? = 0
configure:3756: result: yes
configure:3770: checking for kqueue
configure:3770: gcc -o conftest -g -O2 -I/nmap/nmap/libpcap  -L/nmap/nmap/libpcap  conftest.c  >&5
/tmp/ccglfyA7.o: In function `main':
/nmap/nmap/nsock/src/conftest.c:58: undefined reference to `kqueue'
collect2: error: ld returned 1 exit status
configure:3770: $? = 1
configure: failed program was:
| /* confdefs.h */
| #define PACKAGE_NAME ""
| #define PACKAGE_TARNAME ""
| #define PACKAGE_VERSION ""
| #define PACKAGE_STRING ""
| #define PACKAGE_BUGREPORT ""
| #define PACKAGE_URL ""
| #define LINUX 1
| #define STDC_HEADERS 1
| #define HAVE_SYS_TYPES_H 1
| #define HAVE_SYS_STAT_H 1
| #define HAVE_STDLIB_H 1
| #define HAVE_STRING_H 1
| #define HAVE_MEMORY_H 1
| #define HAVE_STRINGS_H 1
| #define HAVE_INTTYPES_H 1
| #define HAVE_STDINT_H 1
| #define HAVE_UNISTD_H 1
| #define HAVE_PCAP_SET_IMMEDIATE_MODE 1
| #define HAVE_PCAP 1
| #define HAVE_EPOLL 1
| #define HAVE_POLL 1
| /* end confdefs.h.  */
| /* Define kqueue to an innocuous variant, in case <limits.h> declares kqueue.
|    For example, HP-UX 11i <limits.h> declares gettimeofday.  */
| #define kqueue innocuous_kqueue
| 
| /* System header to define __stub macros and hopefully few prototypes,
|     which can conflict with char kqueue (); below.
|     Prefer <limits.h> to <assert.h> if __STDC__ is defined, since
|     <limits.h> exists even on freestanding compilers.  */
| 
| #ifdef __STDC__
| # include <limits.h>
| #else
| # include <assert.h>
| #endif
| 
| #undef kqueue
| 
| /* Override any GCC internal prototype to avoid an error.
|    Use char because int might match the return type of a GCC
|    builtin and then its argument prototype would still apply.  */
| #ifdef __cplusplus
| extern "C"
| #endif
| char kqueue ();
| /* The GNU C library defines this for functions which it implements
|     to always fail with ENOSYS.  Some functions are actually named
|     something starting with __ and the normal name is an alias.  */
| #if defined __stub_kqueue || defined __stub___kqueue
| choke me
| #endif
| 
| int
| main ()
| {
| return kqueue ();
|   ;
|   return 0;
| }
configure:3770: result: no
configure:3770: checking for kevent
configure:3770: gcc -o conftest -g -O2 -I/nmap/nmap/libpcap  -L/nmap/nmap/libpcap  conftest.c  >&5
/tmp/ccKyD0R8.o: In function `main':
/nmap/nmap/nsock/src/conftest.c:58: undefined reference to `kevent'
collect2: error: ld returned 1 exit status
configure:3770: $? = 1
configure: failed program was:
| /* confdefs.h */
| #define PACKAGE_NAME ""
| #define PACKAGE_TARNAME ""
| #define PACKAGE_VERSION ""
| #define PACKAGE_STRING ""
| #define PACKAGE_BUGREPORT ""
| #define PACKAGE_URL ""
| #define LINUX 1
| #define STDC_HEADERS 1
| #define HAVE_SYS_TYPES_H 1
| #define HAVE_SYS_STAT_H 1
| #define HAVE_STDLIB_H 1
| #define HAVE_STRING_H 1
| #define HAVE_MEMORY_H 1
| #define HAVE_STRINGS_H 1
| #define HAVE_INTTYPES_H 1
| #define HAVE_STDINT_H 1
| #define HAVE_UNISTD_H 1
| #define HAVE_PCAP_SET_IMMEDIATE_MODE 1
| #define HAVE_PCAP 1
| #define HAVE_EPOLL 1
| #define HAVE_POLL 1
| /* end confdefs.h.  */
| /* Define kevent to an innocuous variant, in case <limits.h> declares kevent.
|    For example, HP-UX 11i <limits.h> declares gettimeofday.  */
| #define kevent innocuous_kevent
| 
| /* System header to define __stub macros and hopefully few prototypes,
|     which can conflict with char kevent (); below.
|     Prefer <limits.h> to <assert.h> if __STDC__ is defined, since
|     <limits.h> exists even on freestanding compilers.  */
| 
| #ifdef __STDC__
| # include <limits.h>
| #else
| # include <assert.h>
| #endif
| 
| #undef kevent
| 
| /* Override any GCC internal prototype to avoid an error.
|    Use char because int might match the return type of a GCC
|    builtin and then its argument prototype would still apply.  */
| #ifdef __cplusplus
| extern "C"
| #endif
| char kevent ();
| /* The GNU C library defines this for functions which it implements
|     to always fail with ENOSYS.  Some functions are actually named
|     something starting with __ and the normal name is an alias.  */
| #if defined __stub_kevent || defined __stub___kevent
| choke me
| #endif
| 
| int
| main ()
| {
| return kevent ();
|   ;
|   return 0;
| }
configure:3770: result: no
configure:3829: checking for gcc
configure:3856: result: gcc
configure:4085: checking for C compiler version
configure:4094: gcc --version >&5
gcc (Ubuntu 5.4.0-6ubuntu1~16.04.12) 5.4.0 20160609
Copyright (C) 2015 Free Software Foundation, Inc.
This is free software; see the source for copying conditions.  There is NO
warranty; not even for MERCHANTABILITY or FITNESS FOR A PARTICULAR PURPOSE.

configure:4105: $? = 0
configure:4094: gcc -v >&5
Using built-in specs.
COLLECT_GCC=gcc
COLLECT_LTO_WRAPPER=/usr/lib/gcc/x86_64-linux-gnu/5/lto-wrapper
Target: x86_64-linux-gnu
Configured with: ../src/configure -v --with-pkgversion='Ubuntu 5.4.0-6ubuntu1~16.04.12' --with-bugurl=file:///usr/share/doc/gcc-5/README.Bugs --enable-languages=c,ada,c++,java,go,d,fortran,objc,obj-c++ --prefix=/usr --program-suffix=-5 --enable-shared --enable-linker-build-id --libexecdir=/usr/lib --without-included-gettext --enable-threads=posix --libdir=/usr/lib --enable-nls --with-sysroot=/ --enable-clocale=gnu --enable-libstdcxx-debug --enable-libstdcxx-time=yes --with-default-libstdcxx-abi=new --enable-gnu-unique-object --disable-vtable-verify --enable-libmpx --enable-plugin --with-system-zlib --disable-browser-plugin --enable-java-awt=gtk --enable-gtk-cairo --with-java-home=/usr/lib/jvm/java-1.5.0-gcj-5-amd64/jre --enable-java-home --with-jvm-root-dir=/usr/lib/jvm/java-1.5.0-gcj-5-amd64 --with-jvm-jar-dir=/usr/lib/jvm-exports/java-1.5.0-gcj-5-amd64 --with-arch-directory=amd64 --with-ecj-jar=/usr/share/java/eclipse-ecj.jar --enable-objc-gc --enable-multiarch --disable-werror --with-arch-32=i686 --with-abi=m64 --with-multilib-list=m32,m64,mx32 --enable-multilib --with-tune=generic --enable-checking=release --build=x86_64-linux-gnu --host=x86_64-linux-gnu --target=x86_64-linux-gnu
Thread model: posix
gcc version 5.4.0 20160609 (Ubuntu 5.4.0-6ubuntu1~16.04.12) 
configure:4105: $? = 0
configure:4094: gcc -V >&5
gcc: error: unrecognized command line option '-V'
gcc: fatal error: no input files
compilation terminated.
configure:4105: $? = 1
configure:4094: gcc -qversion >&5
gcc: error: unrecognized command line option '-qversion'
gcc: fatal error: no input files
compilation terminated.
configure:4105: $? = 1
configure:4109: checking whether we are using the GNU C compiler
configure:4137: result: yes
configure:4146: checking whether gcc accepts -g
configure:4207: result: yes
configure:4224: checking for gcc option to accept ISO C89
configure:4300: result: none needed
configure:4366: checking for ranlib
configure:4382: found /usr/bin/ranlib
configure:4393: result: ranlib
configure:4417: checking for gethostent
configure:4417: gcc -o conftest -g -O2 -Wall  -I/nmap/nmap/libpcap  -L/nmap/nmap/libpcap  conftest.c  >&5
configure:4417: $? = 0
configure:4417: result: yes
configure:4468: checking for setsockopt
configure:4468: gcc -o conftest -g -O2 -Wall  -I/nmap/nmap/libpcap  -L/nmap/nmap/libpcap  conftest.c  >&5
configure:4468: $? = 0
configure:4468: result: yes
configure:4520: checking for nanosleep
configure:4520: gcc -o conftest -g -O2 -Wall  -I/nmap/nmap/libpcap  -L/nmap/nmap/libpcap  conftest.c  >&5
configure:4520: $? = 0
configure:4520: result: yes
configure:4572: checking for ANSI C header files
configure:4676: result: yes
configure:4687: checking net/bpf.h usability
configure:4687: gcc -c -g -O2 -Wall  -I/nmap/nmap/libpcap  conftest.c >&5
conftest.c:58:21: fatal error: net/bpf.h: No such file or directory
compilation terminated.
configure:4687: $? = 1
configure: failed program was:
| /* confdefs.h */
| #define PACKAGE_NAME ""
| #define PACKAGE_TARNAME ""
| #define PACKAGE_VERSION ""
| #define PACKAGE_STRING ""
| #define PACKAGE_BUGREPORT ""
| #define PACKAGE_URL ""
| #define LINUX 1
| #define STDC_HEADERS 1
| #define HAVE_SYS_TYPES_H 1
| #define HAVE_SYS_STAT_H 1
| #define HAVE_STDLIB_H 1
| #define HAVE_STRING_H 1
| #define HAVE_MEMORY_H 1
| #define HAVE_STRINGS_H 1
| #define HAVE_INTTYPES_H 1
| #define HAVE_STDINT_H 1
| #define HAVE_UNISTD_H 1
| #define HAVE_PCAP_SET_IMMEDIATE_MODE 1
| #define HAVE_PCAP 1
| #define HAVE_EPOLL 1
| #define HAVE_POLL 1
| #define STDC_HEADERS 1
| /* end confdefs.h.  */
| #include <stdio.h>
| #ifdef HAVE_SYS_TYPES_H
| # include <sys/types.h>
| #endif
| #ifdef HAVE_SYS_STAT_H
| # include <sys/stat.h>
| #endif
| #ifdef STDC_HEADERS
| # include <stdlib.h>
| # include <stddef.h>
| #else
| # ifdef HAVE_STDLIB_H
| #  include <stdlib.h>
| # endif
| #endif
| #ifdef HAVE_STRING_H
| # if !defined STDC_HEADERS && defined HAVE_MEMORY_H
| #  include <memory.h>
| # endif
| # include <string.h>
| #endif
| #ifdef HAVE_STRINGS_H
| # include <strings.h>
| #endif
| #ifdef HAVE_INTTYPES_H
| # include <inttypes.h>
| #endif
| #ifdef HAVE_STDINT_H
| # include <stdint.h>
| #endif
| #ifdef HAVE_UNISTD_H
| # include <unistd.h>
| #endif
| #include <net/bpf.h>
configure:4687: result: no
configure:4687: checking net/bpf.h presence
configure:4687: gcc -E -I/nmap/nmap/libpcap  conftest.c
conftest.c:25:21: fatal error: net/bpf.h: No such file or directory
compilation terminated.
configure:4687: $? = 1
configure: failed program was:
| /* confdefs.h */
| #define PACKAGE_NAME ""
| #define PACKAGE_TARNAME ""
| #define PACKAGE_VERSION ""
| #define PACKAGE_STRING ""
| #define PACKAGE_BUGREPORT ""
| #define PACKAGE_URL ""
| #define LINUX 1
| #define STDC_HEADERS 1
| #define HAVE_SYS_TYPES_H 1
| #define HAVE_SYS_STAT_H 1
| #define HAVE_STDLIB_H 1
| #define HAVE_STRING_H 1
| #define HAVE_MEMORY_H 1
| #define HAVE_STRINGS_H 1
| #define HAVE_INTTYPES_H 1
| #define HAVE_STDINT_H 1
| #define HAVE_UNISTD_H 1
| #define HAVE_PCAP_SET_IMMEDIATE_MODE 1
| #define HAVE_PCAP 1
| #define HAVE_EPOLL 1
| #define HAVE_POLL 1
| #define STDC_HEADERS 1
| /* end confdefs.h.  */
| #include <net/bpf.h>
configure:4687: result: no
configure:4687: checking for net/bpf.h
configure:4687: result: no
configure:4687: checking sys/ioctl.h usability
configure:4687: gcc -c -g -O2 -Wall  -I/nmap/nmap/libpcap  conftest.c >&5
configure:4687: $? = 0
configure:4687: result: yes
configure:4687: checking sys/ioctl.h presence
configure:4687: gcc -E -I/nmap/nmap/libpcap  conftest.c
configure:4687: $? = 0
configure:4687: result: yes
configure:4687: checking for sys/ioctl.h
configure:4687: result: yes
configure:4687: checking sys/un.h usability
configure:4687: gcc -c -g -O2 -Wall  -I/nmap/nmap/libpcap  conftest.c >&5
configure:4687: $? = 0
configure:4687: result: yes
configure:4687: checking sys/un.h presence
configure:4687: gcc -E -I/nmap/nmap/libpcap  conftest.c
configure:4687: $? = 0
configure:4687: result: yes
configure:4687: checking for sys/un.h
configure:4687: result: yes
configure:4687: checking netdb.h usability
configure:4687: gcc -c -g -O2 -Wall  -I/nmap/nmap/libpcap  conftest.c >&5
configure:4687: $? = 0
configure:4687: result: yes
configure:4687: checking netdb.h presence
configure:4687: gcc -E -I/nmap/nmap/libpcap  conftest.c
configure:4687: $? = 0
configure:4687: result: yes
configure:4687: checking for netdb.h
configure:4687: result: yes
configure:4699: checking for linux/vm_sockets.h
configure:4699: gcc -c -g -O2 -Wall  -I/nmap/nmap/libpcap  conftest.c >&5
configure:4699: $? = 0
configure:4699: result: yes
configure:4735: checking openssl/ssl.h usability
configure:4735: gcc -c -g -O2 -Wall  -I/nmap/nmap/libpcap  conftest.c >&5
conftest.c:62:25: fatal error: openssl/ssl.h: No such file or directory
compilation terminated.
configure:4735: $? = 1
configure: failed program was:
| /* confdefs.h */
| #define PACKAGE_NAME ""
| #define PACKAGE_TARNAME ""
| #define PACKAGE_VERSION ""
| #define PACKAGE_STRING ""
| #define PACKAGE_BUGREPORT ""
| #define PACKAGE_URL ""
| #define LINUX 1
| #define STDC_HEADERS 1
| #define HAVE_SYS_TYPES_H 1
| #define HAVE_SYS_STAT_H 1
| #define HAVE_STDLIB_H 1
| #define HAVE_STRING_H 1
| #define HAVE_MEMORY_H 1
| #define HAVE_STRINGS_H 1
| #define HAVE_INTTYPES_H 1
| #define HAVE_STDINT_H 1
| #define HAVE_UNISTD_H 1
| #define HAVE_PCAP_SET_IMMEDIATE_MODE 1
| #define HAVE_PCAP 1
| #define HAVE_EPOLL 1
| #define HAVE_POLL 1
| #define STDC_HEADERS 1
| #define HAVE_SYS_IOCTL_H 1
| #define HAVE_SYS_UN_H 1
| #define HAVE_NETDB_H 1
| #define HAVE_LINUX_VM_SOCKETS_H 1
| /* end confdefs.h.  */
| #include <stdio.h>
| #ifdef HAVE_SYS_TYPES_H
| # include <sys/types.h>
| #endif
| #ifdef HAVE_SYS_STAT_H
| # include <sys/stat.h>
| #endif
| #ifdef STDC_HEADERS
| # include <stdlib.h>
| # include <stddef.h>
| #else
| # ifdef HAVE_STDLIB_H
| #  include <stdlib.h>
| # endif
| #endif
| #ifdef HAVE_STRING_H
| # if !defined STDC_HEADERS && defined HAVE_MEMORY_H
| #  include <memory.h>
| # endif
| # include <string.h>
| #endif
| #ifdef HAVE_STRINGS_H
| # include <strings.h>
| #endif
| #ifdef HAVE_INTTYPES_H
| # include <inttypes.h>
| #endif
| #ifdef HAVE_STDINT_H
| # include <stdint.h>
| #endif
| #ifdef HAVE_UNISTD_H
| # include <unistd.h>
| #endif
| #include <openssl/ssl.h>
configure:4735: result: no
configure:4735: checking openssl/ssl.h presence
configure:4735: gcc -E -I/nmap/nmap/libpcap  conftest.c
conftest.c:29:25: fatal error: openssl/ssl.h: No such file or directory
compilation terminated.
configure:4735: $? = 1
configure: failed program was:
| /* confdefs.h */
| #define PACKAGE_NAME ""
| #define PACKAGE_TARNAME ""
| #define PACKAGE_VERSION ""
| #define PACKAGE_STRING ""
| #define PACKAGE_BUGREPORT ""
| #define PACKAGE_URL ""
| #define LINUX 1
| #define STDC_HEADERS 1
| #define HAVE_SYS_TYPES_H 1
| #define HAVE_SYS_STAT_H 1
| #define HAVE_STDLIB_H 1
| #define HAVE_STRING_H 1
| #define HAVE_MEMORY_H 1
| #define HAVE_STRINGS_H 1
| #define HAVE_INTTYPES_H 1
| #define HAVE_STDINT_H 1
| #define HAVE_UNISTD_H 1
| #define HAVE_PCAP_SET_IMMEDIATE_MODE 1
| #define HAVE_PCAP 1
| #define HAVE_EPOLL 1
| #define HAVE_POLL 1
| #define STDC_HEADERS 1
| #define HAVE_SYS_IOCTL_H 1
| #define HAVE_SYS_UN_H 1
| #define HAVE_NETDB_H 1
| #define HAVE_LINUX_VM_SOCKETS_H 1
| /* end confdefs.h.  */
| #include <openssl/ssl.h>
configure:4735: result: no
configure:4735: checking for openssl/ssl.h
configure:4735: result: no
configure:4743: WARNING: Failed to find openssl/ssl.h so OpenSSL will not be used. If it is installed you can try the --with-openssl=DIR argument
configure:4854: checking for library containing dlopen
configure:4885: gcc -o conftest -g -O2 -Wall  -I/nmap/nmap/libpcap  -L/nmap/nmap/libpcap  conftest.c  >&5
/tmp/ccNaPFbA.o: In function `main':
/nmap/nmap/nsock/src/conftest.c:40: undefined reference to `dlopen'
collect2: error: ld returned 1 exit status
configure:4885: $? = 1
configure: failed program was:
| /* confdefs.h */
| #define PACKAGE_NAME ""
| #define PACKAGE_TARNAME ""
| #define PACKAGE_VERSION ""
| #define PACKAGE_STRING ""
| #define PACKAGE_BUGREPORT ""
| #define PACKAGE_URL ""
| #define LINUX 1
| #define STDC_HEADERS 1
| #define HAVE_SYS_TYPES_H 1
| #define HAVE_SYS_STAT_H 1
| #define HAVE_STDLIB_H 1
| #define HAVE_STRING_H 1
| #define HAVE_MEMORY_H 1
| #define HAVE_STRINGS_H 1
| #define HAVE_INTTYPES_H 1
| #define HAVE_STDINT_H 1
| #define HAVE_UNISTD_H 1
| #define HAVE_PCAP_SET_IMMEDIATE_MODE 1
| #define HAVE_PCAP 1
| #define HAVE_EPOLL 1
| #define HAVE_POLL 1
| #define STDC_HEADERS 1
| #define HAVE_SYS_IOCTL_H 1
| #define HAVE_SYS_UN_H 1
| #define HAVE_NETDB_H 1
| #define HAVE_LINUX_VM_SOCKETS_H 1
| /* end confdefs.h.  */
| 
| /* Override any GCC internal prototype to avoid an error.
|    Use char because int might match the return type of a GCC
|    builtin and then its argument prototype would still apply.  */
| #ifdef __cplusplus
| extern "C"
| #endif
| char dlopen ();
| int
| main ()
| {
| return dlopen ();
|   ;
|   return 0;
| }
configure:4885: gcc -o conftest -g -O2 -Wall  -I/nmap/nmap/libpcap  -L/nmap/nmap/libpcap  conftest.c -ldl   >&5
configure:4885: $? = 0
configure:4902: result: -ldl
configure:5140: creating ./config.status

## ---------------------- ##
## Running config.status. ##
## ---------------------- ##

This file was extended by config.status, which was
generated by GNU Autoconf 2.69.  Invocation command line was

  CONFIG_FILES    = 
  CONFIG_HEADERS  = 
  CONFIG_LINKS    = 
  CONFIG_COMMANDS = 
  $ ./config.status 

on cebf3c9a2b34

config.status:823: creating Makefile
config.status:823: creating ../tests/Makefile
config.status:823: creating ../include/nsock_config.h
config.status:993: ../include/nsock_config.h is unchanged

## ---------------- ##
## Cache variables. ##
## ---------------- ##

ac_cv_build=x86_64-unknown-linux-gnu
ac_cv_c_compiler_gnu=yes
ac_cv_env_CC_set=
ac_cv_env_CC_value=
ac_cv_env_CFLAGS_set=
ac_cv_env_CFLAGS_value=
ac_cv_env_CPPFLAGS_set=
ac_cv_env_CPPFLAGS_value=
ac_cv_env_CPP_set=
ac_cv_env_CPP_value=
ac_cv_env_LDFLAGS_set=
ac_cv_env_LDFLAGS_value=
ac_cv_env_LIBS_set=
ac_cv_env_LIBS_value=
ac_cv_env_build_alias_set=
ac_cv_env_build_alias_value=
ac_cv_env_host_alias_set=
ac_cv_env_host_alias_value=
ac_cv_env_target_alias_set=
ac_cv_env_target_alias_value=
ac_cv_func_gethostent=yes
ac_cv_func_kevent=no
ac_cv_func_kqueue=no
ac_cv_func_nanosleep=yes
ac_cv_func_setsockopt=yes
ac_cv_header_inttypes_h=yes
ac_cv_header_linux_version_h=yes
ac_cv_header_linux_vm_sockets_h=yes
ac_cv_header_memory_h=yes
ac_cv_header_net_bpf_h=no
ac_cv_header_netdb_h=yes
ac_cv_header_openssl_ssl_h=no
ac_cv_header_pcap_h=no
ac_cv_header_stdc=yes
ac_cv_header_stdint_h=yes
ac_cv_header_stdlib_h=yes
ac_cv_header_string_h=yes
ac_cv_header_strings_h=yes
ac_cv_header_sys_ioctl_h=yes
ac_cv_header_sys_stat_h=yes
ac_cv_header_sys_types_h=yes
ac_cv_header_sys_un_h=yes
ac_cv_header_unistd_h=yes
ac_cv_host=x86_64-unknown-linux-gnu
ac_cv_objext=o
ac_cv_path_EGREP='/bin/grep -E'
ac_cv_path_GREP=/bin/grep
ac_cv_prog_CPP='gcc -E'
ac_cv_prog_ac_ct_CC=gcc
ac_cv_prog_ac_ct_RANLIB=ranlib
ac_cv_prog_cc_c89=
ac_cv_prog_cc_g=yes
ac_cv_search_dlopen=-ldl
ax_cv_have_epoll=yes
ax_cv_have_poll=yes

## ----------------- ##
## Output variables. ##
## ----------------- ##

CC='gcc'
CFLAGS='-g -O2 -Wall '
CPP='gcc -E'
CPPFLAGS='-I/nmap/nmap/libpcap  -I/nmap/nmap/nbase'
DEFS='-DHAVE_CONFIG_H'
ECHO_C=''
ECHO_N='-n'
ECHO_T=''
EGREP='/bin/grep -E'
EXEEXT=''
GREP='/bin/grep'
LDFLAGS='-L/nmap/nmap/libpcap  -L/nmap/nmap/nbase'
LIBNBASE_LIBS='-ldl  -lnbase'
LIBOBJS=''
LIBPCAP_LIBS='/nmap/nmap/libpcap/libpcap.a'
LIBS='-ldl '
LTLIBOBJS=''
NBASEDIR='/nmap/nmap/nbase'
NSOCKTESTDIR='../tests'
OBJEXT='o'
OPENSSL_LIBS=''
PACKAGE_BUGREPORT=''
PACKAGE_NAME=''
PACKAGE_STRING=''
PACKAGE_TARNAME=''
PACKAGE_URL=''
PACKAGE_VERSION=''
PATH_SEPARATOR=':'
RANLIB='ranlib'
SHELL='/bin/bash'
ac_ct_CC='gcc'
bindir='${exec_prefix}/bin'
build='x86_64-unknown-linux-gnu'
build_alias=''
build_cpu='x86_64'
build_os='linux-gnu'
build_vendor='unknown'
datadir='${datarootdir}'
datarootdir='${prefix}/share'
docdir='${datarootdir}/doc/${PACKAGE}'
dvidir='${docdir}'
exec_prefix='${prefix}'
host='x86_64-unknown-linux-gnu'
host_alias=''
host_cpu='x86_64'
host_os='linux-gnu'
host_vendor='unknown'
htmldir='${docdir}'
includedir='${prefix}/include'
infodir='${datarootdir}/info'
libdir='${exec_prefix}/lib'
libexecdir='${exec_prefix}/libexec'
localedir='${datarootdir}/locale'
localstatedir='${prefix}/var'
mandir='${datarootdir}/man'
oldincludedir='/usr/include'
pdfdir='${docdir}'
prefix='/usr/local'
program_transform_name='s,x,x,'
psdir='${docdir}'
runstatedir='${localstatedir}/run'
sbindir='${exec_prefix}/sbin'
sharedstatedir='${prefix}/com'
sysconfdir='${prefix}/etc'
target_alias=''

## ----------- ##
## confdefs.h. ##
## ----------- ##

/* confdefs.h */
#define PACKAGE_NAME ""
#define PACKAGE_TARNAME ""
#define PACKAGE_VERSION ""
#define PACKAGE_STRING ""
#define PACKAGE_BUGREPORT ""
#define PACKAGE_URL ""
#define LINUX 1
#define STDC_HEADERS 1
#define HAVE_SYS_TYPES_H 1
#define HAVE_SYS_STAT_H 1
#define HAVE_STDLIB_H 1
#define HAVE_STRING_H 1
#define HAVE_MEMORY_H 1
#define HAVE_STRINGS_H 1
#define HAVE_INTTYPES_H 1
#define HAVE_STDINT_H 1
#define HAVE_UNISTD_H 1
#define HAVE_PCAP_SET_IMMEDIATE_MODE 1
#define HAVE_PCAP 1
#define HAVE_EPOLL 1
#define HAVE_POLL 1
#define STDC_HEADERS 1
#define HAVE_SYS_IOCTL_H 1
#define HAVE_SYS_UN_H 1
#define HAVE_NETDB_H 1
#define HAVE_LINUX_VM_SOCKETS_H 1

configure: exit 0
