This file contains any messages produced by compilers while
running configure, to aid debugging if configure makes a mistake.

It was created by configure, which was
generated by GNU Autoconf 2.69.  Invocation command line was

  $ ./configure --disable-option-checking --prefix=/usr/local --cache-file=/dev/null --srcdir=.

## --------- ##
## Platform. ##
## --------- ##

hostname = cebf3c9a2b34
uname -m = x86_64
uname -r = 5.4.0-153-generic
uname -s = Linux
uname -v = #170-Ubuntu SMP Fri Jun 16 13:43:31 UTC 2023

/usr/bin/uname -p = unknown
/bin/uname -X     = unknown

/bin/arch              = unknown
/usr/bin/arch -k       = unknown
/usr/convex/getsysinfo = unknown
/usr/bin/hostinfo      = unknown
/bin/machine           = unknown
/usr/bin/oslevel       = unknown
/bin/universe          = unknown

PATH: /usr/local/sbin
PATH: /usr/local/bin
PATH: /usr/sbin
PATH: /usr/bin
PATH: /sbin
PATH: /bin


## ----------- ##
## Core tests. ##
## ----------- ##

configure:2309: checking build system type
configure:2323: result: x86_64-unknown-linux-gnu
configure:2343: checking host system type
configure:2356: result: x86_64-unknown-linux-gnu
configure:2424: checking for gcc
configure:2440: found /usr/bin/gcc
configure:2451: result: gcc
configure:2680: checking for C compiler version
configure:2689: gcc --version >&5
gcc (Ubuntu 5.4.0-6ubuntu1~16.04.12) 5.4.0 20160609
Copyright (C) 2015 Free Software Foundation, Inc.
This is free software; see the source for copying conditions.  There is NO
warranty; not even for MERCHANTABILITY or FITNESS FOR A PARTICULAR PURPOSE.

configure:2700: $? = 0
configure:2689: gcc -v >&5
Using built-in specs.
COLLECT_GCC=gcc
COLLECT_LTO_WRAPPER=/usr/lib/gcc/x86_64-linux-gnu/5/lto-wrapper
Target: x86_64-linux-gnu
Configured with: ../src/configure -v --with-pkgversion='Ubuntu 5.4.0-6ubuntu1~16.04.12' --with-bugurl=file:///usr/share/doc/gcc-5/README.Bugs --enable-languages=c,ada,c++,java,go,d,fortran,objc,obj-c++ --prefix=/usr --program-suffix=-5 --enable-shared --enable-linker-build-id --libexecdir=/usr/lib --without-included-gettext --enable-threads=posix --libdir=/usr/lib --enable-nls --with-sysroot=/ --enable-clocale=gnu --enable-libstdcxx-debug --enable-libstdcxx-time=yes --with-default-libstdcxx-abi=new --enable-gnu-unique-object --disable-vtable-verify --enable-libmpx --enable-plugin --with-system-zlib --disable-browser-plugin --enable-java-awt=gtk --enable-gtk-cairo --with-java-home=/usr/lib/jvm/java-1.5.0-gcj-5-amd64/jre --enable-java-home --with-jvm-root-dir=/usr/lib/jvm/java-1.5.0-gcj-5-amd64 --with-jvm-jar-dir=/usr/lib/jvm-exports/java-1.5.0-gcj-5-amd64 --with-arch-directory=amd64 --with-ecj-jar=/usr/share/java/eclipse-ecj.jar --enable-objc-gc --enable-multiarch --disable-werror --with-arch-32=i686 --with-abi=m64 --with-multilib-list=m32,m64,mx32 --enable-multilib --with-tune=generic --enable-checking=release --build=x86_64-linux-gnu --host=x86_64-linux-gnu --target=x86_64-linux-gnu
Thread model: posix
gcc version 5.4.0 20160609 (Ubuntu 5.4.0-6ubuntu1~16.04.12) 
configure:2700: $? = 0
configure:2689: gcc -V >&5
gcc: error: unrecognized command line option '-V'
gcc: fatal error: no input files
compilation terminated.
configure:2700: $? = 1
configure:2689: gcc -qversion >&5
gcc: error: unrecognized command line option '-qversion'
gcc: fatal error: no input files
compilation terminated.
configure:2700: $? = 1
configure:2720: checking whether the C compiler works
configure:2742: gcc    conftest.c  >&5
configure:2746: $? = 0
configure:2794: result: yes
configure:2797: checking for C compiler default output file name
configure:2799: result: a.out
configure:2805: checking for suffix of executables
configure:2812: gcc -o conftest    conftest.c  >&5
configure:2816: $? = 0
configure:2838: result: 
configure:2860: checking whether we are cross compiling
configure:2868: gcc -o conftest    conftest.c  >&5
configure:2872: $? = 0
configure:2879: ./conftest
configure:2883: $? = 0
configure:2898: result: no
configure:2903: checking for suffix of object files
configure:2925: gcc -c   conftest.c >&5
configure:2929: $? = 0
configure:2950: result: o
configure:2954: checking whether we are using the GNU C compiler
configure:2973: gcc -c   conftest.c >&5
configure:2973: $? = 0
configure:2982: result: yes
configure:2991: checking whether gcc accepts -g
configure:3011: gcc -c -g  conftest.c >&5
configure:3011: $? = 0
configure:3052: result: yes
configure:3069: checking for gcc option to accept ISO C89
configure:3132: gcc  -c -g -O2  conftest.c >&5
configure:3132: $? = 0
configure:3145: result: none needed
configure:3166: checking for inline
configure:3182: gcc -c -g -O2  conftest.c >&5
configure:3182: $? = 0
configure:3190: result: inline
configure:3257: checking for gcc
configure:3284: result: gcc
configure:3513: checking for C compiler version
configure:3522: gcc --version >&5
gcc (Ubuntu 5.4.0-6ubuntu1~16.04.12) 5.4.0 20160609
Copyright (C) 2015 Free Software Foundation, Inc.
This is free software; see the source for copying conditions.  There is NO
warranty; not even for MERCHANTABILITY or FITNESS FOR A PARTICULAR PURPOSE.

configure:3533: $? = 0
configure:3522: gcc -v >&5
Using built-in specs.
COLLECT_GCC=gcc
COLLECT_LTO_WRAPPER=/usr/lib/gcc/x86_64-linux-gnu/5/lto-wrapper
Target: x86_64-linux-gnu
Configured with: ../src/configure -v --with-pkgversion='Ubuntu 5.4.0-6ubuntu1~16.04.12' --with-bugurl=file:///usr/share/doc/gcc-5/README.Bugs --enable-languages=c,ada,c++,java,go,d,fortran,objc,obj-c++ --prefix=/usr --program-suffix=-5 --enable-shared --enable-linker-build-id --libexecdir=/usr/lib --without-included-gettext --enable-threads=posix --libdir=/usr/lib --enable-nls --with-sysroot=/ --enable-clocale=gnu --enable-libstdcxx-debug --enable-libstdcxx-time=yes --with-default-libstdcxx-abi=new --enable-gnu-unique-object --disable-vtable-verify --enable-libmpx --enable-plugin --with-system-zlib --disable-browser-plugin --enable-java-awt=gtk --enable-gtk-cairo --with-java-home=/usr/lib/jvm/java-1.5.0-gcj-5-amd64/jre --enable-java-home --with-jvm-root-dir=/usr/lib/jvm/java-1.5.0-gcj-5-amd64 --with-jvm-jar-dir=/usr/lib/jvm-exports/java-1.5.0-gcj-5-amd64 --with-arch-directory=amd64 --with-ecj-jar=/usr/share/java/eclipse-ecj.jar --enable-objc-gc --enable-multiarch --disable-werror --with-arch-32=i686 --with-abi=m64 --with-multilib-list=m32,m64,mx32 --enable-multilib --with-tune=generic --enable-checking=release --build=x86_64-linux-gnu --host=x86_64-linux-gnu --target=x86_64-linux-gnu
Thread model: posix
gcc version 5.4.0 20160609 (Ubuntu 5.4.0-6ubuntu1~16.04.12) 
configure:3533: $? = 0
configure:3522: gcc -V >&5
gcc: error: unrecognized command line option '-V'
gcc: fatal error: no input files
compilation terminated.
configure:3533: $? = 1
configure:3522: gcc -qversion >&5
gcc: error: unrecognized command line option '-qversion'
gcc: fatal error: no input files
compilation terminated.
configure:3533: $? = 1
configure:3537: checking whether we are using the GNU C compiler
configure:3565: result: yes
configure:3574: checking whether gcc accepts -g
configure:3635: result: yes
configure:3652: checking for gcc option to accept ISO C89
configure:3728: result: none needed
configure:3806: checking for g++
configure:3822: found /usr/bin/g++
configure:3833: result: g++
configure:3860: checking for C++ compiler version
configure:3869: g++ --version >&5
g++ (Ubuntu 5.4.0-6ubuntu1~16.04.12) 5.4.0 20160609
Copyright (C) 2015 Free Software Foundation, Inc.
This is free software; see the source for copying conditions.  There is NO
warranty; not even for MERCHANTABILITY or FITNESS FOR A PARTICULAR PURPOSE.

configure:3880: $? = 0
configure:3869: g++ -v >&5
Using built-in specs.
COLLECT_GCC=g++
COLLECT_LTO_WRAPPER=/usr/lib/gcc/x86_64-linux-gnu/5/lto-wrapper
Target: x86_64-linux-gnu
Configured with: ../src/configure -v --with-pkgversion='Ubuntu 5.4.0-6ubuntu1~16.04.12' --with-bugurl=file:///usr/share/doc/gcc-5/README.Bugs --enable-languages=c,ada,c++,java,go,d,fortran,objc,obj-c++ --prefix=/usr --program-suffix=-5 --enable-shared --enable-linker-build-id --libexecdir=/usr/lib --without-included-gettext --enable-threads=posix --libdir=/usr/lib --enable-nls --with-sysroot=/ --enable-clocale=gnu --enable-libstdcxx-debug --enable-libstdcxx-time=yes --with-default-libstdcxx-abi=new --enable-gnu-unique-object --disable-vtable-verify --enable-libmpx --enable-plugin --with-system-zlib --disable-browser-plugin --enable-java-awt=gtk --enable-gtk-cairo --with-java-home=/usr/lib/jvm/java-1.5.0-gcj-5-amd64/jre --enable-java-home --with-jvm-root-dir=/usr/lib/jvm/java-1.5.0-gcj-5-amd64 --with-jvm-jar-dir=/usr/lib/jvm-exports/java-1.5.0-gcj-5-amd64 --with-arch-directory=amd64 --with-ecj-jar=/usr/share/java/eclipse-ecj.jar --enable-objc-gc --enable-multiarch --disable-werror --with-arch-32=i686 --with-abi=m64 --with-multilib-list=m32,m64,mx32 --enable-multilib --with-tune=generic --enable-checking=release --build=x86_64-linux-gnu --host=x86_64-linux-gnu --target=x86_64-linux-gnu
Thread model: posix
gcc version 5.4.0 20160609 (Ubuntu 5.4.0-6ubuntu1~16.04.12) 
configure:3880: $? = 0
configure:3869: g++ -V >&5
g++: error: unrecognized command line option '-V'
g++: fatal error: no input files
compilation terminated.
configure:3880: $? = 1
configure:3869: g++ -qversion >&5
g++: error: unrecognized command line option '-qversion'
g++: fatal error: no input files
compilation terminated.
configure:3880: $? = 1
configure:3884: checking whether we are using the GNU C++ compiler
configure:3903: g++ -c   conftest.cpp >&5
configure:3903: $? = 0
configure:3912: result: yes
configure:3921: checking whether g++ accepts -g
configure:3941: g++ -c -g  conftest.cpp >&5
configure:3941: $? = 0
configure:3982: result: yes
configure:4019: checking for a BSD-compatible install
configure:4087: result: /usr/bin/install -c
configure:4103: checking whether the compiler is gcc 4 or greater
configure:4124: result: yes
configure:4134: checking for __func__
configure:4150: gcc -c -g -O2  conftest.c >&5
configure:4150: $? = 0
configure:4157: result: yes
configure:4242: checking for strip
configure:4260: found /usr/bin/strip
configure:4272: result: /usr/bin/strip
configure:4302: checking how to run the C preprocessor
configure:4333: gcc -E  conftest.c
configure:4333: $? = 0
configure:4347: gcc -E  conftest.c
conftest.c:9:28: fatal error: ac_nonexistent.h: No such file or directory
compilation terminated.
configure:4347: $? = 1
configure: failed program was:
| /* confdefs.h */
| #define PACKAGE_NAME ""
| #define PACKAGE_TARNAME ""
| #define PACKAGE_VERSION ""
| #define PACKAGE_STRING ""
| #define PACKAGE_BUGREPORT ""
| #define PACKAGE_URL ""
| /* end confdefs.h.  */
| #include <ac_nonexistent.h>
configure:4372: result: gcc -E
configure:4392: gcc -E  conftest.c
configure:4392: $? = 0
configure:4406: gcc -E  conftest.c
conftest.c:9:28: fatal error: ac_nonexistent.h: No such file or directory
compilation terminated.
configure:4406: $? = 1
configure: failed program was:
| /* confdefs.h */
| #define PACKAGE_NAME ""
| #define PACKAGE_TARNAME ""
| #define PACKAGE_VERSION ""
| #define PACKAGE_STRING ""
| #define PACKAGE_BUGREPORT ""
| #define PACKAGE_URL ""
| /* end confdefs.h.  */
| #include <ac_nonexistent.h>
configure:4435: checking for grep that handles long lines and -e
configure:4493: result: /bin/grep
configure:4498: checking for egrep
configure:4560: result: /bin/grep -E
configure:4565: checking for ANSI C header files
configure:4585: gcc -c -g -O2  conftest.c >&5
configure:4585: $? = 0
configure:4658: gcc -o conftest -g -O2   conftest.c  >&5
configure:4658: $? = 0
configure:4658: ./conftest
configure:4658: $? = 0
configure:4669: result: yes
configure:4682: checking for sys/types.h
configure:4682: gcc -c -g -O2  conftest.c >&5
configure:4682: $? = 0
configure:4682: result: yes
configure:4682: checking for sys/stat.h
configure:4682: gcc -c -g -O2  conftest.c >&5
configure:4682: $? = 0
configure:4682: result: yes
configure:4682: checking for stdlib.h
configure:4682: gcc -c -g -O2  conftest.c >&5
configure:4682: $? = 0
configure:4682: result: yes
configure:4682: checking for string.h
configure:4682: gcc -c -g -O2  conftest.c >&5
configure:4682: $? = 0
configure:4682: result: yes
configure:4682: checking for memory.h
configure:4682: gcc -c -g -O2  conftest.c >&5
configure:4682: $? = 0
configure:4682: result: yes
configure:4682: checking for strings.h
configure:4682: gcc -c -g -O2  conftest.c >&5
configure:4682: $? = 0
configure:4682: result: yes
configure:4682: checking for inttypes.h
configure:4682: gcc -c -g -O2  conftest.c >&5
configure:4682: $? = 0
configure:4682: result: yes
configure:4682: checking for stdint.h
configure:4682: gcc -c -g -O2  conftest.c >&5
configure:4682: $? = 0
configure:4682: result: yes
configure:4682: checking for unistd.h
configure:4682: gcc -c -g -O2  conftest.c >&5
configure:4682: $? = 0
configure:4682: result: yes
configure:4697: checking pwd.h usability
configure:4697: gcc -c -g -O2  conftest.c >&5
configure:4697: $? = 0
configure:4697: result: yes
configure:4697: checking pwd.h presence
configure:4697: gcc -E  conftest.c
configure:4697: $? = 0
configure:4697: result: yes
configure:4697: checking for pwd.h
configure:4697: result: yes
configure:4697: checking termios.h usability
configure:4697: gcc -c -g -O2  conftest.c >&5
configure:4697: $? = 0
configure:4697: result: yes
configure:4697: checking termios.h presence
configure:4697: gcc -E  conftest.c
configure:4697: $? = 0
configure:4697: result: yes
configure:4697: checking for termios.h
configure:4697: result: yes
configure:4697: checking sys/sockio.h usability
configure:4697: gcc -c -g -O2  conftest.c >&5
conftest.c:54:24: fatal error: sys/sockio.h: No such file or directory
compilation terminated.
configure:4697: $? = 1
configure: failed program was:
| /* confdefs.h */
| #define PACKAGE_NAME ""
| #define PACKAGE_TARNAME ""
| #define PACKAGE_VERSION ""
| #define PACKAGE_STRING ""
| #define PACKAGE_BUGREPORT ""
| #define PACKAGE_URL ""
| #define STDC_HEADERS 1
| #define HAVE_SYS_TYPES_H 1
| #define HAVE_SYS_STAT_H 1
| #define HAVE_STDLIB_H 1
| #define HAVE_STRING_H 1
| #define HAVE_MEMORY_H 1
| #define HAVE_STRINGS_H 1
| #define HAVE_INTTYPES_H 1
| #define HAVE_STDINT_H 1
| #define HAVE_UNISTD_H 1
| #define HAVE_PWD_H 1
| #define HAVE_TERMIOS_H 1
| /* end confdefs.h.  */
| #include <stdio.h>
| #ifdef HAVE_SYS_TYPES_H
| # include <sys/types.h>
| #endif
| #ifdef HAVE_SYS_STAT_H
| # include <sys/stat.h>
| #endif
| #ifdef STDC_HEADERS
| # include <stdlib.h>
| # include <stddef.h>
| #else
| # ifdef HAVE_STDLIB_H
| #  include <stdlib.h>
| # endif
| #endif
| #ifdef HAVE_STRING_H
| # if !defined STDC_HEADERS && defined HAVE_MEMORY_H
| #  include <memory.h>
| # endif
| # include <string.h>
| #endif
| #ifdef HAVE_STRINGS_H
| # include <strings.h>
| #endif
| #ifdef HAVE_INTTYPES_H
| # include <inttypes.h>
| #endif
| #ifdef HAVE_STDINT_H
| # include <stdint.h>
| #endif
| #ifdef HAVE_UNISTD_H
| # include <unistd.h>
| #endif
| #include <sys/sockio.h>
configure:4697: result: no
configure:4697: checking sys/sockio.h presence
configure:4697: gcc -E  conftest.c
conftest.c:21:24: fatal error: sys/sockio.h: No such file or directory
compilation terminated.
configure:4697: $? = 1
configure: failed program was:
| /* confdefs.h */
| #define PACKAGE_NAME ""
| #define PACKAGE_TARNAME ""
| #define PACKAGE_VERSION ""
| #define PACKAGE_STRING ""
| #define PACKAGE_BUGREPORT ""
| #define PACKAGE_URL ""
| #define STDC_HEADERS 1
| #define HAVE_SYS_TYPES_H 1
| #define HAVE_SYS_STAT_H 1
| #define HAVE_STDLIB_H 1
| #define HAVE_STRING_H 1
| #define HAVE_MEMORY_H 1
| #define HAVE_STRINGS_H 1
| #define HAVE_INTTYPES_H 1
| #define HAVE_STDINT_H 1
| #define HAVE_UNISTD_H 1
| #define HAVE_PWD_H 1
| #define HAVE_TERMIOS_H 1
| /* end confdefs.h.  */
| #include <sys/sockio.h>
configure:4697: result: no
configure:4697: checking for sys/sockio.h
configure:4697: result: no
configure:4708: checking for library containing setsockopt
configure:4739: gcc -o conftest -g -O2   conftest.c  >&5
configure:4739: $? = 0
configure:4756: result: none required
configure:4764: checking for library containing gethostbyname
configure:4795: gcc -o conftest -g -O2   conftest.c  >&5
configure:4795: $? = 0
configure:4812: result: none required
configure:4822: checking for library containing dlopen
configure:4853: gcc -o conftest -g -O2   conftest.c  >&5
/tmp/ccX2HydR.o: In function `main':
/nmap/nmap/nping/conftest.c:32: undefined reference to `dlopen'
collect2: error: ld returned 1 exit status
configure:4853: $? = 1
configure: failed program was:
| /* confdefs.h */
| #define PACKAGE_NAME ""
| #define PACKAGE_TARNAME ""
| #define PACKAGE_VERSION ""
| #define PACKAGE_STRING ""
| #define PACKAGE_BUGREPORT ""
| #define PACKAGE_URL ""
| #define STDC_HEADERS 1
| #define HAVE_SYS_TYPES_H 1
| #define HAVE_SYS_STAT_H 1
| #define HAVE_STDLIB_H 1
| #define HAVE_STRING_H 1
| #define HAVE_MEMORY_H 1
| #define HAVE_STRINGS_H 1
| #define HAVE_INTTYPES_H 1
| #define HAVE_STDINT_H 1
| #define HAVE_UNISTD_H 1
| #define HAVE_PWD_H 1
| #define HAVE_TERMIOS_H 1
| /* end confdefs.h.  */
| 
| /* Override any GCC internal prototype to avoid an error.
|    Use char because int might match the return type of a GCC
|    builtin and then its argument prototype would still apply.  */
| #ifdef __cplusplus
| extern "C"
| #endif
| char dlopen ();
| int
| main ()
| {
| return dlopen ();
|   ;
|   return 0;
| }
configure:4853: gcc -o conftest -g -O2   conftest.c -ldl   >&5
configure:4853: $? = 0
configure:4870: result: -ldl
configure:4880: checking for library containing nl_handle_alloc
configure:4911: gcc -o conftest -g -O2   conftest.c -ldl  >&5
/tmp/ccLEoCz5.o: In function `main':
/nmap/nmap/nping/conftest.c:32: undefined reference to `nl_handle_alloc'
collect2: error: ld returned 1 exit status
configure:4911: $? = 1
configure: failed program was:
| /* confdefs.h */
| #define PACKAGE_NAME ""
| #define PACKAGE_TARNAME ""
| #define PACKAGE_VERSION ""
| #define PACKAGE_STRING ""
| #define PACKAGE_BUGREPORT ""
| #define PACKAGE_URL ""
| #define STDC_HEADERS 1
| #define HAVE_SYS_TYPES_H 1
| #define HAVE_SYS_STAT_H 1
| #define HAVE_STDLIB_H 1
| #define HAVE_STRING_H 1
| #define HAVE_MEMORY_H 1
| #define HAVE_STRINGS_H 1
| #define HAVE_INTTYPES_H 1
| #define HAVE_STDINT_H 1
| #define HAVE_UNISTD_H 1
| #define HAVE_PWD_H 1
| #define HAVE_TERMIOS_H 1
| /* end confdefs.h.  */
| 
| /* Override any GCC internal prototype to avoid an error.
|    Use char because int might match the return type of a GCC
|    builtin and then its argument prototype would still apply.  */
| #ifdef __cplusplus
| extern "C"
| #endif
| char nl_handle_alloc ();
| int
| main ()
| {
| return nl_handle_alloc ();
|   ;
|   return 0;
| }
configure:4911: gcc -o conftest -g -O2   conftest.c -lnl  -ldl  >&5
/usr/bin/ld: cannot find -lnl
collect2: error: ld returned 1 exit status
configure:4911: $? = 1
configure: failed program was:
| /* confdefs.h */
| #define PACKAGE_NAME ""
| #define PACKAGE_TARNAME ""
| #define PACKAGE_VERSION ""
| #define PACKAGE_STRING ""
| #define PACKAGE_BUGREPORT ""
| #define PACKAGE_URL ""
| #define STDC_HEADERS 1
| #define HAVE_SYS_TYPES_H 1
| #define HAVE_SYS_STAT_H 1
| #define HAVE_STDLIB_H 1
| #define HAVE_STRING_H 1
| #define HAVE_MEMORY_H 1
| #define HAVE_STRINGS_H 1
| #define HAVE_INTTYPES_H 1
| #define HAVE_STDINT_H 1
| #define HAVE_UNISTD_H 1
| #define HAVE_PWD_H 1
| #define HAVE_TERMIOS_H 1
| /* end confdefs.h.  */
| 
| /* Override any GCC internal prototype to avoid an error.
|    Use char because int might match the return type of a GCC
|    builtin and then its argument prototype would still apply.  */
| #ifdef __cplusplus
| extern "C"
| #endif
| char nl_handle_alloc ();
| int
| main ()
| {
| return nl_handle_alloc ();
|   ;
|   return 0;
| }
configure:4928: result: no
configure:4961: checking openssl/ssl.h usability
configure:4961: gcc -c -g -O2  conftest.c >&5
conftest.c:54:25: fatal error: openssl/ssl.h: No such file or directory
compilation terminated.
configure:4961: $? = 1
configure: failed program was:
| /* confdefs.h */
| #define PACKAGE_NAME ""
| #define PACKAGE_TARNAME ""
| #define PACKAGE_VERSION ""
| #define PACKAGE_STRING ""
| #define PACKAGE_BUGREPORT ""
| #define PACKAGE_URL ""
| #define STDC_HEADERS 1
| #define HAVE_SYS_TYPES_H 1
| #define HAVE_SYS_STAT_H 1
| #define HAVE_STDLIB_H 1
| #define HAVE_STRING_H 1
| #define HAVE_MEMORY_H 1
| #define HAVE_STRINGS_H 1
| #define HAVE_INTTYPES_H 1
| #define HAVE_STDINT_H 1
| #define HAVE_UNISTD_H 1
| #define HAVE_PWD_H 1
| #define HAVE_TERMIOS_H 1
| /* end confdefs.h.  */
| #include <stdio.h>
| #ifdef HAVE_SYS_TYPES_H
| # include <sys/types.h>
| #endif
| #ifdef HAVE_SYS_STAT_H
| # include <sys/stat.h>
| #endif
| #ifdef STDC_HEADERS
| # include <stdlib.h>
| # include <stddef.h>
| #else
| # ifdef HAVE_STDLIB_H
| #  include <stdlib.h>
| # endif
| #endif
| #ifdef HAVE_STRING_H
| # if !defined STDC_HEADERS && defined HAVE_MEMORY_H
| #  include <memory.h>
| # endif
| # include <string.h>
| #endif
| #ifdef HAVE_STRINGS_H
| # include <strings.h>
| #endif
| #ifdef HAVE_INTTYPES_H
| # include <inttypes.h>
| #endif
| #ifdef HAVE_STDINT_H
| # include <stdint.h>
| #endif
| #ifdef HAVE_UNISTD_H
| # include <unistd.h>
| #endif
| #include <openssl/ssl.h>
configure:4961: result: no
configure:4961: checking openssl/ssl.h presence
configure:4961: gcc -E  conftest.c
conftest.c:21:25: fatal error: openssl/ssl.h: No such file or directory
compilation terminated.
configure:4961: $? = 1
configure: failed program was:
| /* confdefs.h */
| #define PACKAGE_NAME ""
| #define PACKAGE_TARNAME ""
| #define PACKAGE_VERSION ""
| #define PACKAGE_STRING ""
| #define PACKAGE_BUGREPORT ""
| #define PACKAGE_URL ""
| #define STDC_HEADERS 1
| #define HAVE_SYS_TYPES_H 1
| #define HAVE_SYS_STAT_H 1
| #define HAVE_STDLIB_H 1
| #define HAVE_STRING_H 1
| #define HAVE_MEMORY_H 1
| #define HAVE_STRINGS_H 1
| #define HAVE_INTTYPES_H 1
| #define HAVE_STDINT_H 1
| #define HAVE_UNISTD_H 1
| #define HAVE_PWD_H 1
| #define HAVE_TERMIOS_H 1
| /* end confdefs.h.  */
| #include <openssl/ssl.h>
configure:4961: result: no
configure:4961: checking for openssl/ssl.h
configure:4961: result: no
configure:4969: WARNING: Failed to find openssl/ssl.h so OpenSSL will not be used. If it is installed you can try the --with-openssl=DIR argument
configure:5110: checking pcap.h usability
configure:5110: gcc -c -g -O2  conftest.c >&5
conftest.c:54:18: fatal error: pcap.h: No such file or directory
compilation terminated.
configure:5110: $? = 1
configure: failed program was:
| /* confdefs.h */
| #define PACKAGE_NAME ""
| #define PACKAGE_TARNAME ""
| #define PACKAGE_VERSION ""
| #define PACKAGE_STRING ""
| #define PACKAGE_BUGREPORT ""
| #define PACKAGE_URL ""
| #define STDC_HEADERS 1
| #define HAVE_SYS_TYPES_H 1
| #define HAVE_SYS_STAT_H 1
| #define HAVE_STDLIB_H 1
| #define HAVE_STRING_H 1
| #define HAVE_MEMORY_H 1
| #define HAVE_STRINGS_H 1
| #define HAVE_INTTYPES_H 1
| #define HAVE_STDINT_H 1
| #define HAVE_UNISTD_H 1
| #define HAVE_PWD_H 1
| #define HAVE_TERMIOS_H 1
| /* end confdefs.h.  */
| #include <stdio.h>
| #ifdef HAVE_SYS_TYPES_H
| # include <sys/types.h>
| #endif
| #ifdef HAVE_SYS_STAT_H
| # include <sys/stat.h>
| #endif
| #ifdef STDC_HEADERS
| # include <stdlib.h>
| # include <stddef.h>
| #else
| # ifdef HAVE_STDLIB_H
| #  include <stdlib.h>
| # endif
| #endif
| #ifdef HAVE_STRING_H
| # if !defined STDC_HEADERS && defined HAVE_MEMORY_H
| #  include <memory.h>
| # endif
| # include <string.h>
| #endif
| #ifdef HAVE_STRINGS_H
| # include <strings.h>
| #endif
| #ifdef HAVE_INTTYPES_H
| # include <inttypes.h>
| #endif
| #ifdef HAVE_STDINT_H
| # include <stdint.h>
| #endif
| #ifdef HAVE_UNISTD_H
| # include <unistd.h>
| #endif
| #include <pcap.h>
configure:5110: result: no
configure:5110: checking pcap.h presence
configure:5110: gcc -E  conftest.c
conftest.c:21:18: fatal error: pcap.h: No such file or directory
compilation terminated.
configure:5110: $? = 1
configure: failed program was:
| /* confdefs.h */
| #define PACKAGE_NAME ""
| #define PACKAGE_TARNAME ""
| #define PACKAGE_VERSION ""
| #define PACKAGE_STRING ""
| #define PACKAGE_BUGREPORT ""
| #define PACKAGE_URL ""
| #define STDC_HEADERS 1
| #define HAVE_SYS_TYPES_H 1
| #define HAVE_SYS_STAT_H 1
| #define HAVE_STDLIB_H 1
| #define HAVE_STRING_H 1
| #define HAVE_MEMORY_H 1
| #define HAVE_STRINGS_H 1
| #define HAVE_INTTYPES_H 1
| #define HAVE_STDINT_H 1
| #define HAVE_UNISTD_H 1
| #define HAVE_PWD_H 1
| #define HAVE_TERMIOS_H 1
| /* end confdefs.h.  */
| #include <pcap.h>
configure:5110: result: no
configure:5110: checking for pcap.h
configure:5110: result: no
configure:5438: checking if sockaddr{} has sa_len member
configure:5456: gcc -c -g -O2 -I../libdnet-stripped/include  -I../libpcap conftest.c >&5
conftest.c: In function 'main':
conftest.c:27:47: error: 'struct sockaddr' has no member named 'sa_len'
 unsigned int i = sizeof(((struct sockaddr *)0)->sa_len)
                                               ^
configure:5456: $? = 1
configure: failed program was:
| /* confdefs.h */
| #define PACKAGE_NAME ""
| #define PACKAGE_TARNAME ""
| #define PACKAGE_VERSION ""
| #define PACKAGE_STRING ""
| #define PACKAGE_BUGREPORT ""
| #define PACKAGE_URL ""
| #define STDC_HEADERS 1
| #define HAVE_SYS_TYPES_H 1
| #define HAVE_SYS_STAT_H 1
| #define HAVE_STDLIB_H 1
| #define HAVE_STRING_H 1
| #define HAVE_MEMORY_H 1
| #define HAVE_STRINGS_H 1
| #define HAVE_INTTYPES_H 1
| #define HAVE_STDINT_H 1
| #define HAVE_UNISTD_H 1
| #define HAVE_PWD_H 1
| #define HAVE_TERMIOS_H 1
| /* end confdefs.h.  */
| 
|                #include <sys/types.h>
|                #include <sys/socket.h>
| int
| main ()
| {
| unsigned int i = sizeof(((struct sockaddr *)0)->sa_len)
|   ;
|   return 0;
| }
configure:5463: result: no
configure:5472: checking if sockaddr_in{} has sin_len member
configure:5491: gcc -c -g -O2 -I../libdnet-stripped/include  -I../libpcap conftest.c >&5
conftest.c: In function 'main':
conftest.c:28:50: error: 'struct sockaddr_in' has no member named 'sin_len'
 unsigned int i = sizeof(((struct sockaddr_in *)0)->sin_len)
                                                  ^
configure:5491: $? = 1
configure: failed program was:
| /* confdefs.h */
| #define PACKAGE_NAME ""
| #define PACKAGE_TARNAME ""
| #define PACKAGE_VERSION ""
| #define PACKAGE_STRING ""
| #define PACKAGE_BUGREPORT ""
| #define PACKAGE_URL ""
| #define STDC_HEADERS 1
| #define HAVE_SYS_TYPES_H 1
| #define HAVE_SYS_STAT_H 1
| #define HAVE_STDLIB_H 1
| #define HAVE_STRING_H 1
| #define HAVE_MEMORY_H 1
| #define HAVE_STRINGS_H 1
| #define HAVE_INTTYPES_H 1
| #define HAVE_STDINT_H 1
| #define HAVE_UNISTD_H 1
| #define HAVE_PWD_H 1
| #define HAVE_TERMIOS_H 1
| /* end confdefs.h.  */
| 
|                #include <sys/types.h>
|                #include <netinet/in.h>
|                #include <sys/socket.h>
| int
| main ()
| {
| unsigned int i = sizeof(((struct sockaddr_in *)0)->sin_len)
|   ;
|   return 0;
| }
configure:5498: result: no
configure:5507: checking if sockaddr_in6{} has sin6_len member
configure:5526: gcc -c -g -O2 -I../libdnet-stripped/include  -I../libpcap conftest.c >&5
conftest.c: In function 'main':
conftest.c:28:51: error: 'struct sockaddr_in6' has no member named 'sin6_len'
 unsigned int i = sizeof(((struct sockaddr_in6 *)0)->sin6_len)
                                                   ^
configure:5526: $? = 1
configure: failed program was:
| /* confdefs.h */
| #define PACKAGE_NAME ""
| #define PACKAGE_TARNAME ""
| #define PACKAGE_VERSION ""
| #define PACKAGE_STRING ""
| #define PACKAGE_BUGREPORT ""
| #define PACKAGE_URL ""
| #define STDC_HEADERS 1
| #define HAVE_SYS_TYPES_H 1
| #define HAVE_SYS_STAT_H 1
| #define HAVE_STDLIB_H 1
| #define HAVE_STRING_H 1
| #define HAVE_MEMORY_H 1
| #define HAVE_STRINGS_H 1
| #define HAVE_INTTYPES_H 1
| #define HAVE_STDINT_H 1
| #define HAVE_UNISTD_H 1
| #define HAVE_PWD_H 1
| #define HAVE_TERMIOS_H 1
| /* end confdefs.h.  */
| 
|                #include <sys/types.h>
|                #include <netinet/in.h>
|                #include <sys/socket.h>
| int
| main ()
| {
| unsigned int i = sizeof(((struct sockaddr_in6 *)0)->sin6_len)
|   ;
|   return 0;
| }
configure:5533: result: no
configure:5543: checking whether byte ordering is bigendian
configure:5558: gcc -c -g -O2 -I../libdnet-stripped/include  -I../libpcap conftest.c >&5
conftest.c:22:9: error: unknown type name 'not'
         not a universal capable compiler
         ^
conftest.c:22:15: error: expected '=', ',', ';', 'asm' or '__attribute__' before 'universal'
         not a universal capable compiler
               ^
conftest.c:22:15: error: unknown type name 'universal'
configure:5558: $? = 1
configure: failed program was:
| /* confdefs.h */
| #define PACKAGE_NAME ""
| #define PACKAGE_TARNAME ""
| #define PACKAGE_VERSION ""
| #define PACKAGE_STRING ""
| #define PACKAGE_BUGREPORT ""
| #define PACKAGE_URL ""
| #define STDC_HEADERS 1
| #define HAVE_SYS_TYPES_H 1
| #define HAVE_SYS_STAT_H 1
| #define HAVE_STDLIB_H 1
| #define HAVE_STRING_H 1
| #define HAVE_MEMORY_H 1
| #define HAVE_STRINGS_H 1
| #define HAVE_INTTYPES_H 1
| #define HAVE_STDINT_H 1
| #define HAVE_UNISTD_H 1
| #define HAVE_PWD_H 1
| #define HAVE_TERMIOS_H 1
| /* end confdefs.h.  */
| #ifndef __APPLE_CC__
| 	       not a universal capable compiler
| 	     #endif
| 	     typedef int dummy;
| 
configure:5603: gcc -c -g -O2 -I../libdnet-stripped/include  -I../libpcap conftest.c >&5
configure:5603: $? = 0
configure:5621: gcc -c -g -O2 -I../libdnet-stripped/include  -I../libpcap conftest.c >&5
conftest.c: In function 'main':
conftest.c:28:4: error: unknown type name 'not'
    not big endian
    ^
conftest.c:28:12: error: expected '=', ',', ';', 'asm' or '__attribute__' before 'endian'
    not big endian
            ^
configure:5621: $? = 1
configure: failed program was:
| /* confdefs.h */
| #define PACKAGE_NAME ""
| #define PACKAGE_TARNAME ""
| #define PACKAGE_VERSION ""
| #define PACKAGE_STRING ""
| #define PACKAGE_BUGREPORT ""
| #define PACKAGE_URL ""
| #define STDC_HEADERS 1
| #define HAVE_SYS_TYPES_H 1
| #define HAVE_SYS_STAT_H 1
| #define HAVE_STDLIB_H 1
| #define HAVE_STRING_H 1
| #define HAVE_MEMORY_H 1
| #define HAVE_STRINGS_H 1
| #define HAVE_INTTYPES_H 1
| #define HAVE_STDINT_H 1
| #define HAVE_UNISTD_H 1
| #define HAVE_PWD_H 1
| #define HAVE_TERMIOS_H 1
| /* end confdefs.h.  */
| #include <sys/types.h>
| 		#include <sys/param.h>
| 
| int
| main ()
| {
| #if BYTE_ORDER != BIG_ENDIAN
| 		 not big endian
| 		#endif
| 
|   ;
|   return 0;
| }
configure:5749: result: no
configure:5768: checking if struct in_addr is a wacky huge structure (some Sun boxes)
configure:5783: gcc -c -g -O2 -I../libdnet-stripped/include  -I../libpcap conftest.c >&5
conftest.c: In function 'main':
conftest.c:25:20: error: 'struct in_addr' has no member named '_S_un'
 struct in_addr i; i._S_un._S_addr;
                    ^
configure:5783: $? = 1
configure: failed program was:
| /* confdefs.h */
| #define PACKAGE_NAME ""
| #define PACKAGE_TARNAME ""
| #define PACKAGE_VERSION ""
| #define PACKAGE_STRING ""
| #define PACKAGE_BUGREPORT ""
| #define PACKAGE_URL ""
| #define STDC_HEADERS 1
| #define HAVE_SYS_TYPES_H 1
| #define HAVE_SYS_STAT_H 1
| #define HAVE_STDLIB_H 1
| #define HAVE_STRING_H 1
| #define HAVE_MEMORY_H 1
| #define HAVE_STRINGS_H 1
| #define HAVE_INTTYPES_H 1
| #define HAVE_STDINT_H 1
| #define HAVE_UNISTD_H 1
| #define HAVE_PWD_H 1
| #define HAVE_TERMIOS_H 1
| /* end confdefs.h.  */
| #include <netinet/in.h>
| int
| main ()
| {
| struct in_addr i; i._S_un._S_addr;
|   ;
|   return 0;
| }
configure:5803: gcc -c -g -O2 -I../libdnet-stripped/include  -I../libpcap conftest.c >&5
conftest.c: In function 'main':
conftest.c:26:20: error: 'struct in_addr' has no member named 'S_un'
 struct in_addr i; i.S_un.S_addr;
                    ^
configure:5803: $? = 1
configure: failed program was:
| /* confdefs.h */
| #define PACKAGE_NAME ""
| #define PACKAGE_TARNAME ""
| #define PACKAGE_VERSION ""
| #define PACKAGE_STRING ""
| #define PACKAGE_BUGREPORT ""
| #define PACKAGE_URL ""
| #define STDC_HEADERS 1
| #define HAVE_SYS_TYPES_H 1
| #define HAVE_SYS_STAT_H 1
| #define HAVE_STDLIB_H 1
| #define HAVE_STRING_H 1
| #define HAVE_MEMORY_H 1
| #define HAVE_STRINGS_H 1
| #define HAVE_INTTYPES_H 1
| #define HAVE_STDINT_H 1
| #define HAVE_UNISTD_H 1
| #define HAVE_PWD_H 1
| #define HAVE_TERMIOS_H 1
| /* end confdefs.h.  */
| #include <sys/types.h>
| #include <netinet/in.h>
| int
| main ()
| {
| struct in_addr i; i.S_un.S_addr;
|   ;
|   return 0;
| }
configure:5811: result: no
configure:5853: checking if struct ip has ip_sum member
configure:5878: gcc -c -g -O2 -I../libdnet-stripped/include  -I../libpcap conftest.c >&5
configure:5878: $? = 0
configure:5885: result: yes
configure:5893: checking if function signal is accessible
configure:5920: gcc -c -g -O2 -I../libdnet-stripped/include  -I../libpcap conftest.c >&5
configure:5920: $? = 0
configure:5927: result: yes
configure:6273: checking for strerror
configure:6273: gcc -o conftest -g -O2 -I../libdnet-stripped/include  -I../libpcap -L../libpcap  conftest.c -ldl  >&5
configure:6273: $? = 0
configure:6273: result: yes
configure:6401: creating ./config.status

## ---------------------- ##
## Running config.status. ##
## ---------------------- ##

This file was extended by config.status, which was
generated by GNU Autoconf 2.69.  Invocation command line was

  CONFIG_FILES    = 
  CONFIG_HEADERS  = 
  CONFIG_LINKS    = 
  CONFIG_COMMANDS = 
  $ ./config.status 

on cebf3c9a2b34

config.status:835: creating Makefile
config.status:835: creating nping_config.h

## ---------------- ##
## Cache variables. ##
## ---------------- ##

ac_cv_build=x86_64-unknown-linux-gnu
ac_cv_c_bigendian=no
ac_cv_c_compiler_gnu=yes
ac_cv_c_inline=inline
ac_cv_cxx_compiler_gnu=yes
ac_cv_env_CCC_set=
ac_cv_env_CCC_value=
ac_cv_env_CC_set=
ac_cv_env_CC_value=
ac_cv_env_CFLAGS_set=
ac_cv_env_CFLAGS_value=
ac_cv_env_CPPFLAGS_set=
ac_cv_env_CPPFLAGS_value=
ac_cv_env_CPP_set=
ac_cv_env_CPP_value=
ac_cv_env_CXXFLAGS_set=
ac_cv_env_CXXFLAGS_value=
ac_cv_env_CXX_set=
ac_cv_env_CXX_value=
ac_cv_env_LDFLAGS_set=
ac_cv_env_LDFLAGS_value=
ac_cv_env_LIBS_set=
ac_cv_env_LIBS_value=
ac_cv_env_build_alias_set=
ac_cv_env_build_alias_value=
ac_cv_env_host_alias_set=
ac_cv_env_host_alias_value=
ac_cv_env_target_alias_set=
ac_cv_env_target_alias_value=
ac_cv_func_strerror=yes
ac_cv_have_signal=yes
ac_cv_header_inttypes_h=yes
ac_cv_header_memory_h=yes
ac_cv_header_openssl_ssl_h=no
ac_cv_header_pcap_h=no
ac_cv_header_pwd_h=yes
ac_cv_header_stdc=yes
ac_cv_header_stdint_h=yes
ac_cv_header_stdlib_h=yes
ac_cv_header_string_h=yes
ac_cv_header_strings_h=yes
ac_cv_header_sys_sockio_h=no
ac_cv_header_sys_stat_h=yes
ac_cv_header_sys_types_h=yes
ac_cv_header_termios_h=yes
ac_cv_header_unistd_h=yes
ac_cv_host=x86_64-unknown-linux-gnu
ac_cv_ip_has_ip_sum=yes
ac_cv_objext=o
ac_cv_path_EGREP='/bin/grep -E'
ac_cv_path_GREP=/bin/grep
ac_cv_path_ac_pt_STRIP=/usr/bin/strip
ac_cv_path_install='/usr/bin/install -c'
ac_cv_prog_CPP='gcc -E'
ac_cv_prog_ac_ct_CC=gcc
ac_cv_prog_ac_ct_CXX=g++
ac_cv_prog_cc_c89=
ac_cv_prog_cc_g=yes
ac_cv_prog_cxx_g=yes
ac_cv_search_dlopen=-ldl
ac_cv_search_gethostbyname='none required'
ac_cv_search_nl_handle_alloc=no
ac_cv_search_setsockopt='none required'
ac_cv_sockaddr_has_sa_len=no
ac_cv_sockaddr_in6_has_sin6_len=no
ac_cv_sockaddr_in_has_sin_len=no

## ----------------- ##
## Output variables. ##
## ----------------- ##

CC='gcc'
CFLAGS='-g -O2'
CPP='gcc -E'
CPPFLAGS='-I../libdnet-stripped/include  -I../libpcap'
CXX='g++'
CXXFLAGS='-g -O2 -Wall  -fno-strict-aliasing'
DEFS='-DHAVE_CONFIG_H'
DNET_BUILD='build-dnet'
DNET_CLEAN='clean-dnet'
DNET_DEPENDS='../libdnet-stripped/src/.libs/libdnet.a'
DNET_DIST_CLEAN='distclean-dnet'
ECHO_C=''
ECHO_N='-n'
ECHO_T=''
EGREP='/bin/grep -E'
EXEEXT=''
GREP='/bin/grep'
INSTALL_DATA='${INSTALL} -m 644'
INSTALL_PROGRAM='${INSTALL}'
INSTALL_SCRIPT='${INSTALL}'
LDFLAGS='-L../libpcap '
LIBDNETDIR='../libdnet-stripped'
LIBDNET_LIBS='../libdnet-stripped/src/.libs/libdnet.a'
LIBOBJS=''
LIBPCAP_LIBS='$(LIBPCAPDIR)/libpcap.a'
LIBS='-ldl '
LTLIBOBJS=''
OBJEXT='o'
OPENSSL_LIBS=''
PACKAGE_BUGREPORT=''
PACKAGE_NAME=''
PACKAGE_STRING=''
PACKAGE_TARNAME=''
PACKAGE_URL=''
PACKAGE_VERSION=''
PATH_SEPARATOR=':'
PCAP_BUILD='build-pcap'
PCAP_CLEAN='clean-pcap'
PCAP_DEPENDS='$(LIBPCAPDIR)/libpcap.a'
PCAP_DIST_CLEAN='distclean-pcap'
SHELL='/bin/bash'
STRIP='/usr/bin/strip'
ac_ct_CC='gcc'
ac_ct_CXX='g++'
bindir='${exec_prefix}/bin'
build='x86_64-unknown-linux-gnu'
build_alias=''
build_cpu='x86_64'
build_os='linux-gnu'
build_vendor='unknown'
datadir='${datarootdir}'
datarootdir='${prefix}/share'
docdir='${datarootdir}/doc/${PACKAGE}'
dvidir='${docdir}'
exec_prefix='${prefix}'
host='x86_64-unknown-linux-gnu'
host_alias=''
host_cpu='x86_64'
host_os='linux-gnu'
host_vendor='unknown'
htmldir='${docdir}'
includedir='${prefix}/include'
infodir='${datarootdir}/info'
libdir='${exec_prefix}/lib'
libexecdir='${exec_prefix}/libexec'
libpcapdir='../libpcap'
localedir='${datarootdir}/locale'
localstatedir='${prefix}/var'
mandir='${datarootdir}/man'
oldincludedir='/usr/include'
pcredir='libpcre'
pdfdir='${docdir}'
prefix='/usr/local'
program_transform_name='s,x,x,'
psdir='${docdir}'
runstatedir='${localstatedir}/run'
sbindir='${exec_prefix}/sbin'
sharedstatedir='${prefix}/com'
subdirs=' libpcap libdnet-stripped'
sysconfdir='${prefix}/etc'
target_alias=''

## ----------- ##
## confdefs.h. ##
## ----------- ##

/* confdefs.h */
#define PACKAGE_NAME ""
#define PACKAGE_TARNAME ""
#define PACKAGE_VERSION ""
#define PACKAGE_STRING ""
#define PACKAGE_BUGREPORT ""
#define PACKAGE_URL ""
#define STDC_HEADERS 1
#define HAVE_SYS_TYPES_H 1
#define HAVE_SYS_STAT_H 1
#define HAVE_STDLIB_H 1
#define HAVE_STRING_H 1
#define HAVE_MEMORY_H 1
#define HAVE_STRINGS_H 1
#define HAVE_INTTYPES_H 1
#define HAVE_STDINT_H 1
#define HAVE_UNISTD_H 1
#define HAVE_PWD_H 1
#define HAVE_TERMIOS_H 1
#define HAVE_IP_IP_SUM 1
#define HAVE_SIGNAL 1
#define LINUX 1
#define HAVE_STRERROR 1

configure: exit 0
