This file contains any messages produced by compilers while
running configure, to aid debugging if configure makes a mistake.

It was created by pcap configure 1.10.4, which was
generated by GNU Autoconf 2.69.  Invocation command line was

  $ ./configure --disable-option-checking --prefix=/usr/local --cache-file=/dev/null --srcdir=.

## --------- ##
## Platform. ##
## --------- ##

hostname = cebf3c9a2b34
uname -m = x86_64
uname -r = 5.4.0-153-generic
uname -s = Linux
uname -v = #170-Ubuntu SMP Fri Jun 16 13:43:31 UTC 2023

/usr/bin/uname -p = unknown
/bin/uname -X     = unknown

/bin/arch              = unknown
/usr/bin/arch -k       = unknown
/usr/convex/getsysinfo = unknown
/usr/bin/hostinfo      = unknown
/bin/machine           = unknown
/usr/bin/oslevel       = unknown
/bin/universe          = unknown

PATH: /usr/local/sbin
PATH: /usr/local/bin
PATH: /usr/sbin
PATH: /usr/bin
PATH: /sbin
PATH: /bin


## ----------- ##
## Core tests. ##
## ----------- ##

configure:2975: checking build system type
configure:2989: result: x86_64-pc-linux-gnu
configure:3009: checking host system type
configure:3022: result: x86_64-pc-linux-gnu
configure:3042: checking target system type
configure:3055: result: x86_64-pc-linux-gnu
configure:3208: checking for gcc
configure:3224: found /usr/bin/gcc
configure:3235: result: gcc
configure:3464: checking for C compiler version
configure:3473: gcc --version >&5
gcc (Ubuntu 5.4.0-6ubuntu1~16.04.12) 5.4.0 20160609
Copyright (C) 2015 Free Software Foundation, Inc.
This is free software; see the source for copying conditions.  There is NO
warranty; not even for MERCHANTABILITY or FITNESS FOR A PARTICULAR PURPOSE.

configure:3484: $? = 0
configure:3473: gcc -v >&5
Using built-in specs.
COLLECT_GCC=gcc
COLLECT_LTO_WRAPPER=/usr/lib/gcc/x86_64-linux-gnu/5/lto-wrapper
Target: x86_64-linux-gnu
Configured with: ../src/configure -v --with-pkgversion='Ubuntu 5.4.0-6ubuntu1~16.04.12' --with-bugurl=file:///usr/share/doc/gcc-5/README.Bugs --enable-languages=c,ada,c++,java,go,d,fortran,objc,obj-c++ --prefix=/usr --program-suffix=-5 --enable-shared --enable-linker-build-id --libexecdir=/usr/lib --without-included-gettext --enable-threads=posix --libdir=/usr/lib --enable-nls --with-sysroot=/ --enable-clocale=gnu --enable-libstdcxx-debug --enable-libstdcxx-time=yes --with-default-libstdcxx-abi=new --enable-gnu-unique-object --disable-vtable-verify --enable-libmpx --enable-plugin --with-system-zlib --disable-browser-plugin --enable-java-awt=gtk --enable-gtk-cairo --with-java-home=/usr/lib/jvm/java-1.5.0-gcj-5-amd64/jre --enable-java-home --with-jvm-root-dir=/usr/lib/jvm/java-1.5.0-gcj-5-amd64 --with-jvm-jar-dir=/usr/lib/jvm-exports/java-1.5.0-gcj-5-amd64 --with-arch-directory=amd64 --with-ecj-jar=/usr/share/java/eclipse-ecj.jar --enable-objc-gc --enable-multiarch --disable-werror --with-arch-32=i686 --with-abi=m64 --with-multilib-list=m32,m64,mx32 --enable-multilib --with-tune=generic --enable-checking=release --build=x86_64-linux-gnu --host=x86_64-linux-gnu --target=x86_64-linux-gnu
Thread model: posix
gcc version 5.4.0 20160609 (Ubuntu 5.4.0-6ubuntu1~16.04.12) 
configure:3484: $? = 0
configure:3473: gcc -V >&5
gcc: error: unrecognized command line option '-V'
gcc: fatal error: no input files
compilation terminated.
configure:3484: $? = 1
configure:3473: gcc -qversion >&5
gcc: error: unrecognized command line option '-qversion'
gcc: fatal error: no input files
compilation terminated.
configure:3484: $? = 1
configure:3504: checking whether the C compiler works
configure:3526: gcc    conftest.c  >&5
configure:3530: $? = 0
configure:3578: result: yes
configure:3581: checking for C compiler default output file name
configure:3583: result: a.out
configure:3589: checking for suffix of executables
configure:3596: gcc -o conftest    conftest.c  >&5
configure:3600: $? = 0
configure:3622: result: 
configure:3644: checking whether we are cross compiling
configure:3652: gcc -o conftest    conftest.c  >&5
configure:3656: $? = 0
configure:3663: ./conftest
configure:3667: $? = 0
configure:3682: result: no
configure:3687: checking for suffix of object files
configure:3709: gcc -c   conftest.c >&5
configure:3713: $? = 0
configure:3734: result: o
configure:3738: checking whether we are using the GNU C compiler
configure:3757: gcc -c   conftest.c >&5
configure:3757: $? = 0
configure:3766: result: yes
configure:3775: checking whether gcc accepts -g
configure:3795: gcc -c -g  conftest.c >&5
configure:3795: $? = 0
configure:3836: result: yes
configure:3853: checking for gcc option to accept ISO C89
configure:3916: gcc  -c -g -O2  conftest.c >&5
configure:3916: $? = 0
configure:3929: result: none needed
configure:3949: checking for gcc option to accept ISO C99
configure:4098: gcc  -c -g -O2  conftest.c >&5
configure:4098: $? = 0
configure:4111: result: none needed
configure:4140: checking how to run the C preprocessor
configure:4171: gcc -E  conftest.c
configure:4171: $? = 0
configure:4185: gcc -E  conftest.c
conftest.c:9:28: fatal error: ac_nonexistent.h: No such file or directory
compilation terminated.
configure:4185: $? = 1
configure: failed program was:
| /* confdefs.h */
| #define PACKAGE_NAME "pcap"
| #define PACKAGE_TARNAME "pcap"
| #define PACKAGE_VERSION "1.10.4"
| #define PACKAGE_STRING "pcap 1.10.4"
| #define PACKAGE_BUGREPORT ""
| #define PACKAGE_URL ""
| /* end confdefs.h.  */
| #include <ac_nonexistent.h>
configure:4210: result: gcc -E
configure:4230: gcc -E  conftest.c
configure:4230: $? = 0
configure:4244: gcc -E  conftest.c
conftest.c:9:28: fatal error: ac_nonexistent.h: No such file or directory
compilation terminated.
configure:4244: $? = 1
configure: failed program was:
| /* confdefs.h */
| #define PACKAGE_NAME "pcap"
| #define PACKAGE_TARNAME "pcap"
| #define PACKAGE_VERSION "1.10.4"
| #define PACKAGE_STRING "pcap 1.10.4"
| #define PACKAGE_BUGREPORT ""
| #define PACKAGE_URL ""
| /* end confdefs.h.  */
| #include <ac_nonexistent.h>
configure:4273: checking for grep that handles long lines and -e
configure:4331: result: /bin/grep
configure:4336: checking for egrep
configure:4398: result: /bin/grep -E
configure:4403: checking for ANSI C header files
configure:4423: gcc -c -g -O2  conftest.c >&5
configure:4423: $? = 0
configure:4496: gcc -o conftest -g -O2   conftest.c  >&5
configure:4496: $? = 0
configure:4496: ./conftest
configure:4496: $? = 0
configure:4507: result: yes
configure:4520: checking for sys/types.h
configure:4520: gcc -c -g -O2  conftest.c >&5
configure:4520: $? = 0
configure:4520: result: yes
configure:4520: checking for sys/stat.h
configure:4520: gcc -c -g -O2  conftest.c >&5
configure:4520: $? = 0
configure:4520: result: yes
configure:4520: checking for stdlib.h
configure:4520: gcc -c -g -O2  conftest.c >&5
configure:4520: $? = 0
configure:4520: result: yes
configure:4520: checking for string.h
configure:4520: gcc -c -g -O2  conftest.c >&5
configure:4520: $? = 0
configure:4520: result: yes
configure:4520: checking for memory.h
configure:4520: gcc -c -g -O2  conftest.c >&5
configure:4520: $? = 0
configure:4520: result: yes
configure:4520: checking for strings.h
configure:4520: gcc -c -g -O2  conftest.c >&5
configure:4520: $? = 0
configure:4520: result: yes
configure:4520: checking for inttypes.h
configure:4520: gcc -c -g -O2  conftest.c >&5
configure:4520: $? = 0
configure:4520: result: yes
configure:4520: checking for stdint.h
configure:4520: gcc -c -g -O2  conftest.c >&5
configure:4520: $? = 0
configure:4520: result: yes
configure:4520: checking for unistd.h
configure:4520: gcc -c -g -O2  conftest.c >&5
configure:4520: $? = 0
configure:4520: result: yes
configure:4536: checking size of void *
configure:4541: gcc -o conftest -g -O2   conftest.c  >&5
configure:4541: $? = 0
configure:4541: ./conftest
configure:4541: $? = 0
configure:4555: result: 8
configure:4917: checking whether the compiler supports the -fvisibility=hidden option
configure:4951: gcc -c -g -O2 -fvisibility=hidden  conftest.c >&5
configure:4951: $? = 0
configure:4953: result: yes
configure:5483: checking for inline
configure:5519: gcc -c  -fvisibility=hidden  conftest.c >&5
configure:5519: $? = 0
configure:5534: result: inline
configure:5546: checking for __atomic_load_n
configure:5612: gcc -o conftest -g -O2   conftest.c  >&5
configure:5612: $? = 0
configure:5621: result: yes
configure:5629: checking for __atomic_store_n
configure:5648: gcc -o conftest -g -O2   conftest.c  >&5
configure:5648: $? = 0
configure:5657: result: yes
configure:5675: checking for special C compiler options needed for large files
configure:5720: result: no
configure:5726: checking for _FILE_OFFSET_BITS value needed for large files
configure:5751: gcc -c -g -O2  conftest.c >&5
configure:5751: $? = 0
configure:5783: result: no
configure:5868: checking for _LARGEFILE_SOURCE value needed for large files
configure:5887: gcc -o conftest -g -O2   conftest.c  >&5
configure:5887: $? = 0
configure:5915: result: no
configure:5940: checking sys/ioccom.h usability
configure:5940: gcc -c -g -O2  conftest.c >&5
conftest.c:57:24: fatal error: sys/ioccom.h: No such file or directory
compilation terminated.
configure:5940: $? = 1
configure: failed program was:
| /* confdefs.h */
| #define PACKAGE_NAME "pcap"
| #define PACKAGE_TARNAME "pcap"
| #define PACKAGE_VERSION "1.10.4"
| #define PACKAGE_STRING "pcap 1.10.4"
| #define PACKAGE_BUGREPORT ""
| #define PACKAGE_URL ""
| #define STDC_HEADERS 1
| #define HAVE_SYS_TYPES_H 1
| #define HAVE_SYS_STAT_H 1
| #define HAVE_STDLIB_H 1
| #define HAVE_STRING_H 1
| #define HAVE_MEMORY_H 1
| #define HAVE_STRINGS_H 1
| #define HAVE_INTTYPES_H 1
| #define HAVE_STDINT_H 1
| #define HAVE_UNISTD_H 1
| #define SIZEOF_VOID_P 8
| #define inline inline
| #define HAVE___ATOMIC_LOAD_N 1
| #define HAVE___ATOMIC_STORE_N 1
| #define HAVE_FSEEKO 1
| /* end confdefs.h.  */
| #include <stdio.h>
| #ifdef HAVE_SYS_TYPES_H
| # include <sys/types.h>
| #endif
| #ifdef HAVE_SYS_STAT_H
| # include <sys/stat.h>
| #endif
| #ifdef STDC_HEADERS
| # include <stdlib.h>
| # include <stddef.h>
| #else
| # ifdef HAVE_STDLIB_H
| #  include <stdlib.h>
| # endif
| #endif
| #ifdef HAVE_STRING_H
| # if !defined STDC_HEADERS && defined HAVE_MEMORY_H
| #  include <memory.h>
| # endif
| # include <string.h>
| #endif
| #ifdef HAVE_STRINGS_H
| # include <strings.h>
| #endif
| #ifdef HAVE_INTTYPES_H
| # include <inttypes.h>
| #endif
| #ifdef HAVE_STDINT_H
| # include <stdint.h>
| #endif
| #ifdef HAVE_UNISTD_H
| # include <unistd.h>
| #endif
| #include <sys/ioccom.h>
configure:5940: result: no
configure:5940: checking sys/ioccom.h presence
configure:5940: gcc -E  conftest.c
conftest.c:24:24: fatal error: sys/ioccom.h: No such file or directory
compilation terminated.
configure:5940: $? = 1
configure: failed program was:
| /* confdefs.h */
| #define PACKAGE_NAME "pcap"
| #define PACKAGE_TARNAME "pcap"
| #define PACKAGE_VERSION "1.10.4"
| #define PACKAGE_STRING "pcap 1.10.4"
| #define PACKAGE_BUGREPORT ""
| #define PACKAGE_URL ""
| #define STDC_HEADERS 1
| #define HAVE_SYS_TYPES_H 1
| #define HAVE_SYS_STAT_H 1
| #define HAVE_STDLIB_H 1
| #define HAVE_STRING_H 1
| #define HAVE_MEMORY_H 1
| #define HAVE_STRINGS_H 1
| #define HAVE_INTTYPES_H 1
| #define HAVE_STDINT_H 1
| #define HAVE_UNISTD_H 1
| #define SIZEOF_VOID_P 8
| #define inline inline
| #define HAVE___ATOMIC_LOAD_N 1
| #define HAVE___ATOMIC_STORE_N 1
| #define HAVE_FSEEKO 1
| /* end confdefs.h.  */
| #include <sys/ioccom.h>
configure:5940: result: no
configure:5940: checking for sys/ioccom.h
configure:5940: result: no
configure:5940: checking sys/sockio.h usability
configure:5940: gcc -c -g -O2  conftest.c >&5
conftest.c:57:24: fatal error: sys/sockio.h: No such file or directory
compilation terminated.
configure:5940: $? = 1
configure: failed program was:
| /* confdefs.h */
| #define PACKAGE_NAME "pcap"
| #define PACKAGE_TARNAME "pcap"
| #define PACKAGE_VERSION "1.10.4"
| #define PACKAGE_STRING "pcap 1.10.4"
| #define PACKAGE_BUGREPORT ""
| #define PACKAGE_URL ""
| #define STDC_HEADERS 1
| #define HAVE_SYS_TYPES_H 1
| #define HAVE_SYS_STAT_H 1
| #define HAVE_STDLIB_H 1
| #define HAVE_STRING_H 1
| #define HAVE_MEMORY_H 1
| #define HAVE_STRINGS_H 1
| #define HAVE_INTTYPES_H 1
| #define HAVE_STDINT_H 1
| #define HAVE_UNISTD_H 1
| #define SIZEOF_VOID_P 8
| #define inline inline
| #define HAVE___ATOMIC_LOAD_N 1
| #define HAVE___ATOMIC_STORE_N 1
| #define HAVE_FSEEKO 1
| /* end confdefs.h.  */
| #include <stdio.h>
| #ifdef HAVE_SYS_TYPES_H
| # include <sys/types.h>
| #endif
| #ifdef HAVE_SYS_STAT_H
| # include <sys/stat.h>
| #endif
| #ifdef STDC_HEADERS
| # include <stdlib.h>
| # include <stddef.h>
| #else
| # ifdef HAVE_STDLIB_H
| #  include <stdlib.h>
| # endif
| #endif
| #ifdef HAVE_STRING_H
| # if !defined STDC_HEADERS && defined HAVE_MEMORY_H
| #  include <memory.h>
| # endif
| # include <string.h>
| #endif
| #ifdef HAVE_STRINGS_H
| # include <strings.h>
| #endif
| #ifdef HAVE_INTTYPES_H
| # include <inttypes.h>
| #endif
| #ifdef HAVE_STDINT_H
| # include <stdint.h>
| #endif
| #ifdef HAVE_UNISTD_H
| # include <unistd.h>
| #endif
| #include <sys/sockio.h>
configure:5940: result: no
configure:5940: checking sys/sockio.h presence
configure:5940: gcc -E  conftest.c
conftest.c:24:24: fatal error: sys/sockio.h: No such file or directory
compilation terminated.
configure:5940: $? = 1
configure: failed program was:
| /* confdefs.h */
| #define PACKAGE_NAME "pcap"
| #define PACKAGE_TARNAME "pcap"
| #define PACKAGE_VERSION "1.10.4"
| #define PACKAGE_STRING "pcap 1.10.4"
| #define PACKAGE_BUGREPORT ""
| #define PACKAGE_URL ""
| #define STDC_HEADERS 1
| #define HAVE_SYS_TYPES_H 1
| #define HAVE_SYS_STAT_H 1
| #define HAVE_STDLIB_H 1
| #define HAVE_STRING_H 1
| #define HAVE_MEMORY_H 1
| #define HAVE_STRINGS_H 1
| #define HAVE_INTTYPES_H 1
| #define HAVE_STDINT_H 1
| #define HAVE_UNISTD_H 1
| #define SIZEOF_VOID_P 8
| #define inline inline
| #define HAVE___ATOMIC_LOAD_N 1
| #define HAVE___ATOMIC_STORE_N 1
| #define HAVE_FSEEKO 1
| /* end confdefs.h.  */
| #include <sys/sockio.h>
configure:5940: result: no
configure:5940: checking for sys/sockio.h
configure:5940: result: no
configure:5952: checking netpacket/packet.h usability
configure:5952: gcc -c -g -O2  conftest.c >&5
configure:5952: $? = 0
configure:5952: result: yes
configure:5952: checking netpacket/packet.h presence
configure:5952: gcc -E  conftest.c
configure:5952: $? = 0
configure:5952: result: yes
configure:5952: checking for netpacket/packet.h
configure:5952: result: yes
configure:6026: checking for ANSI ioctl definitions
configure:6054: gcc -c -g -O2  conftest.c >&5
configure:6054: $? = 0
configure:6062: result: yes
configure:6078: checking for strerror
configure:6078: gcc -o conftest -g -O2   conftest.c  >&5
configure:6078: $? = 0
configure:6078: result: yes
configure:6087: checking for strerror_r
configure:6087: gcc -o conftest -g -O2   conftest.c  >&5
configure:6087: $? = 0
configure:6087: result: yes
configure:6094: checking whether strerror_r is GNU-style
configure:6113: gcc -c -g -O2  conftest.c >&5
configure:6113: $? = 0
configure:6116: result: yes
configure:6158: checking for vsyslog
configure:6158: gcc -o conftest -g -O2   conftest.c  >&5
configure:6158: $? = 0
configure:6158: result: yes
configure:6171: checking for vsnprintf
configure:6171: gcc -o conftest -g -O2   conftest.c  >&5
conftest.c:51:6: warning: conflicting types for built-in function 'vsnprintf'
 char vsnprintf ();
      ^
configure:6171: $? = 0
configure:6171: result: yes
configure:6178: checking for snprintf
configure:6178: gcc -o conftest -g -O2   conftest.c  >&5
conftest.c:51:6: warning: conflicting types for built-in function 'snprintf'
 char snprintf ();
      ^
configure:6178: $? = 0
configure:6178: result: yes
configure:6190: checking for vasprintf
configure:6190: gcc -o conftest -g -O2   conftest.c  >&5
configure:6190: $? = 0
configure:6190: result: yes
configure:6190: checking for asprintf
configure:6190: gcc -o conftest -g -O2   conftest.c  >&5
configure:6190: $? = 0
configure:6190: result: yes
configure:6213: checking for strlcat
configure:6213: gcc -o conftest -g -O2   conftest.c  >&5
/tmp/ccO4my7C.o: In function `main':
/nmap/nmap/libpcap/conftest.c:64: undefined reference to `strlcat'
collect2: error: ld returned 1 exit status
configure:6213: $? = 1
configure: failed program was:
| /* confdefs.h */
| #define PACKAGE_NAME "pcap"
| #define PACKAGE_TARNAME "pcap"
| #define PACKAGE_VERSION "1.10.4"
| #define PACKAGE_STRING "pcap 1.10.4"
| #define PACKAGE_BUGREPORT ""
| #define PACKAGE_URL ""
| #define STDC_HEADERS 1
| #define HAVE_SYS_TYPES_H 1
| #define HAVE_SYS_STAT_H 1
| #define HAVE_STDLIB_H 1
| #define HAVE_STRING_H 1
| #define HAVE_MEMORY_H 1
| #define HAVE_STRINGS_H 1
| #define HAVE_INTTYPES_H 1
| #define HAVE_STDINT_H 1
| #define HAVE_UNISTD_H 1
| #define SIZEOF_VOID_P 8
| #define inline inline
| #define HAVE___ATOMIC_LOAD_N 1
| #define HAVE___ATOMIC_STORE_N 1
| #define HAVE_FSEEKO 1
| #define HAVE_NETPACKET_PACKET_H 1
| #define HAVE_STRERROR 1
| #define HAVE_GNU_STRERROR_R /**/
| #define HAVE_VSYSLOG 1
| #define HAVE_VASPRINTF 1
| #define HAVE_ASPRINTF 1
| /* end confdefs.h.  */
| /* Define strlcat to an innocuous variant, in case <limits.h> declares strlcat.
|    For example, HP-UX 11i <limits.h> declares gettimeofday.  */
| #define strlcat innocuous_strlcat
| 
| /* System header to define __stub macros and hopefully few prototypes,
|     which can conflict with char strlcat (); below.
|     Prefer <limits.h> to <assert.h> if __STDC__ is defined, since
|     <limits.h> exists even on freestanding compilers.  */
| 
| #ifdef __STDC__
| # include <limits.h>
| #else
| # include <assert.h>
| #endif
| 
| #undef strlcat
| 
| /* Override any GCC internal prototype to avoid an error.
|    Use char because int might match the return type of a GCC
|    builtin and then its argument prototype would still apply.  */
| #ifdef __cplusplus
| extern "C"
| #endif
| char strlcat ();
| /* The GNU C library defines this for functions which it implements
|     to always fail with ENOSYS.  Some functions are actually named
|     something starting with __ and the normal name is an alias.  */
| #if defined __stub_strlcat || defined __stub___strlcat
| choke me
| #endif
| 
| int
| main ()
| {
| return strlcat ();
|   ;
|   return 0;
| }
configure:6213: result: no
configure:6236: checking for strlcpy
configure:6236: gcc -o conftest -g -O2   conftest.c  >&5
/tmp/ccCUm0SL.o: In function `main':
/nmap/nmap/libpcap/conftest.c:64: undefined reference to `strlcpy'
collect2: error: ld returned 1 exit status
configure:6236: $? = 1
configure: failed program was:
| /* confdefs.h */
| #define PACKAGE_NAME "pcap"
| #define PACKAGE_TARNAME "pcap"
| #define PACKAGE_VERSION "1.10.4"
| #define PACKAGE_STRING "pcap 1.10.4"
| #define PACKAGE_BUGREPORT ""
| #define PACKAGE_URL ""
| #define STDC_HEADERS 1
| #define HAVE_SYS_TYPES_H 1
| #define HAVE_SYS_STAT_H 1
| #define HAVE_STDLIB_H 1
| #define HAVE_STRING_H 1
| #define HAVE_MEMORY_H 1
| #define HAVE_STRINGS_H 1
| #define HAVE_INTTYPES_H 1
| #define HAVE_STDINT_H 1
| #define HAVE_UNISTD_H 1
| #define SIZEOF_VOID_P 8
| #define inline inline
| #define HAVE___ATOMIC_LOAD_N 1
| #define HAVE___ATOMIC_STORE_N 1
| #define HAVE_FSEEKO 1
| #define HAVE_NETPACKET_PACKET_H 1
| #define HAVE_STRERROR 1
| #define HAVE_GNU_STRERROR_R /**/
| #define HAVE_VSYSLOG 1
| #define HAVE_VASPRINTF 1
| #define HAVE_ASPRINTF 1
| /* end confdefs.h.  */
| /* Define strlcpy to an innocuous variant, in case <limits.h> declares strlcpy.
|    For example, HP-UX 11i <limits.h> declares gettimeofday.  */
| #define strlcpy innocuous_strlcpy
| 
| /* System header to define __stub macros and hopefully few prototypes,
|     which can conflict with char strlcpy (); below.
|     Prefer <limits.h> to <assert.h> if __STDC__ is defined, since
|     <limits.h> exists even on freestanding compilers.  */
| 
| #ifdef __STDC__
| # include <limits.h>
| #else
| # include <assert.h>
| #endif
| 
| #undef strlcpy
| 
| /* Override any GCC internal prototype to avoid an error.
|    Use char because int might match the return type of a GCC
|    builtin and then its argument prototype would still apply.  */
| #ifdef __cplusplus
| extern "C"
| #endif
| char strlcpy ();
| /* The GNU C library defines this for functions which it implements
|     to always fail with ENOSYS.  Some functions are actually named
|     something starting with __ and the normal name is an alias.  */
| #if defined __stub_strlcpy || defined __stub___strlcpy
| choke me
| #endif
| 
| int
| main ()
| {
| return strlcpy ();
|   ;
|   return 0;
| }
configure:6236: result: no
configure:6259: checking for strtok_r
configure:6259: gcc -o conftest -g -O2   conftest.c  >&5
configure:6259: $? = 0
configure:6259: result: yes
configure:6284: checking for ffs
configure:6284: gcc -o conftest -g -O2   conftest.c  >&5
conftest.c:54:6: warning: conflicting types for built-in function 'ffs'
 char ffs ();
      ^
configure:6284: $? = 0
configure:6284: result: yes
configure:6300: checking whether ffs is declared
configure:6300: gcc -c -g -O2  conftest.c >&5
configure:6300: $? = 0
configure:6300: result: yes
configure:6323: checking for getaddrinfo
configure:6323: gcc -o conftest -g -O2   conftest.c  >&5
configure:6323: $? = 0
configure:6323: result: yes
configure:6490: checking for library containing putmsg
configure:6521: gcc -o conftest -g -O2   conftest.c  >&5
/tmp/ccQsRUQh.o: In function `main':
/nmap/nmap/libpcap/conftest.c:44: warning: putmsg is not implemented and will always fail
configure:6521: $? = 0
configure:6538: result: none required
configure:6561: checking whether getnetbyname_r is declared
configure:6561: gcc -c -g -O2  conftest.c >&5
configure:6561: $? = 0
configure:6561: result: yes
configure:6565: checking for the Linux getnetbyname_r()
configure:6585: gcc -o conftest -g -O2   conftest.c  >&5
configure:6585: $? = 0
configure:6587: result: yes
configure:6688: checking whether getprotobyname_r is declared
configure:6688: gcc -c -g -O2  conftest.c >&5
configure:6688: $? = 0
configure:6688: result: yes
configure:6692: checking for the Linux getprotobyname_r()
configure:6711: gcc -o conftest -g -O2   conftest.c  >&5
configure:6711: $? = 0
configure:6713: result: yes
configure:6815: checking for ether_hostton
configure:6815: gcc -o conftest -g -O2   conftest.c  >&5
configure:6815: $? = 0
configure:6815: result: yes
configure:6831: checking whether ether_hostton is declared
configure:6831: gcc -c -g -O2  conftest.c >&5
conftest.c: In function 'main':
conftest.c:47:10: error: 'ether_hostton' undeclared (first use in this function)
   (void) ether_hostton;
          ^
conftest.c:47:10: note: each undeclared identifier is reported only once for each function it appears in
configure:6831: $? = 1
configure: failed program was:
| /* confdefs.h */
| #define PACKAGE_NAME "pcap"
| #define PACKAGE_TARNAME "pcap"
| #define PACKAGE_VERSION "1.10.4"
| #define PACKAGE_STRING "pcap 1.10.4"
| #define PACKAGE_BUGREPORT ""
| #define PACKAGE_URL ""
| #define STDC_HEADERS 1
| #define HAVE_SYS_TYPES_H 1
| #define HAVE_SYS_STAT_H 1
| #define HAVE_STDLIB_H 1
| #define HAVE_STRING_H 1
| #define HAVE_MEMORY_H 1
| #define HAVE_STRINGS_H 1
| #define HAVE_INTTYPES_H 1
| #define HAVE_STDINT_H 1
| #define HAVE_UNISTD_H 1
| #define SIZEOF_VOID_P 8
| #define inline inline
| #define HAVE___ATOMIC_LOAD_N 1
| #define HAVE___ATOMIC_STORE_N 1
| #define HAVE_FSEEKO 1
| #define HAVE_NETPACKET_PACKET_H 1
| #define HAVE_STRERROR 1
| #define HAVE_GNU_STRERROR_R /**/
| #define HAVE_VSYSLOG 1
| #define HAVE_VASPRINTF 1
| #define HAVE_ASPRINTF 1
| #define HAVE_STRTOK_R 1
| #define HAVE_FFS 1
| #define STRINGS_H_DECLARES_FFS /**/
| #define HAVE_LINUX_GETNETBYNAME_R 1
| #define HAVE_LINUX_GETPROTOBYNAME_R 1
| #define HAVE_ETHER_HOSTTON 1
| /* end confdefs.h.  */
| 
| #include <net/ethernet.h>
| 
| 
| int
| main ()
| {
| #ifndef ether_hostton
| #ifdef __cplusplus
|   (void) ether_hostton;
| #else
|   (void) ether_hostton;
| #endif
| #endif
| 
|   ;
|   return 0;
| }
configure:6831: result: no
configure:6858: checking whether ether_hostton is declared
configure:6858: gcc -c -g -O2  conftest.c >&5
configure:6858: $? = 0
configure:6858: result: yes
configure:7006: checking pthread.h usability
configure:7006: gcc -c -g -O2  conftest.c >&5
configure:7006: $? = 0
configure:7006: result: yes
configure:7006: checking pthread.h presence
configure:7006: gcc -E  conftest.c
configure:7006: $? = 0
configure:7006: result: yes
configure:7006: checking for pthread.h
configure:7006: result: yes
configure:7013: checking for pthread_create
configure:7013: gcc -o conftest -g -O2   conftest.c  >&5
/tmp/ccRjxEhX.o: In function `main':
/nmap/nmap/libpcap/conftest.c:72: undefined reference to `pthread_create'
collect2: error: ld returned 1 exit status
configure:7013: $? = 1
configure: failed program was:
| /* confdefs.h */
| #define PACKAGE_NAME "pcap"
| #define PACKAGE_TARNAME "pcap"
| #define PACKAGE_VERSION "1.10.4"
| #define PACKAGE_STRING "pcap 1.10.4"
| #define PACKAGE_BUGREPORT ""
| #define PACKAGE_URL ""
| #define STDC_HEADERS 1
| #define HAVE_SYS_TYPES_H 1
| #define HAVE_SYS_STAT_H 1
| #define HAVE_STDLIB_H 1
| #define HAVE_STRING_H 1
| #define HAVE_MEMORY_H 1
| #define HAVE_STRINGS_H 1
| #define HAVE_INTTYPES_H 1
| #define HAVE_STDINT_H 1
| #define HAVE_UNISTD_H 1
| #define SIZEOF_VOID_P 8
| #define inline inline
| #define HAVE___ATOMIC_LOAD_N 1
| #define HAVE___ATOMIC_STORE_N 1
| #define HAVE_FSEEKO 1
| #define HAVE_NETPACKET_PACKET_H 1
| #define HAVE_STRERROR 1
| #define HAVE_GNU_STRERROR_R /**/
| #define HAVE_VSYSLOG 1
| #define HAVE_VASPRINTF 1
| #define HAVE_ASPRINTF 1
| #define HAVE_STRTOK_R 1
| #define HAVE_FFS 1
| #define STRINGS_H_DECLARES_FFS /**/
| #define HAVE_LINUX_GETNETBYNAME_R 1
| #define HAVE_LINUX_GETPROTOBYNAME_R 1
| #define HAVE_ETHER_HOSTTON 1
| #define NETINET_ETHER_H_DECLARES_ETHER_HOSTTON /**/
| #define HAVE_DECL_ETHER_HOSTTON 1
| /* end confdefs.h.  */
| /* Define pthread_create to an innocuous variant, in case <limits.h> declares pthread_create.
|    For example, HP-UX 11i <limits.h> declares gettimeofday.  */
| #define pthread_create innocuous_pthread_create
| 
| /* System header to define __stub macros and hopefully few prototypes,
|     which can conflict with char pthread_create (); below.
|     Prefer <limits.h> to <assert.h> if __STDC__ is defined, since
|     <limits.h> exists even on freestanding compilers.  */
| 
| #ifdef __STDC__
| # include <limits.h>
| #else
| # include <assert.h>
| #endif
| 
| #undef pthread_create
| 
| /* Override any GCC internal prototype to avoid an error.
|    Use char because int might match the return type of a GCC
|    builtin and then its argument prototype would still apply.  */
| #ifdef __cplusplus
| extern "C"
| #endif
| char pthread_create ();
| /* The GNU C library defines this for functions which it implements
|     to always fail with ENOSYS.  Some functions are actually named
|     something starting with __ and the normal name is an alias.  */
| #if defined __stub_pthread_create || defined __stub___pthread_create
| choke me
| #endif
| 
| int
| main ()
| {
| return pthread_create ();
|   ;
|   return 0;
| }
configure:7013: result: no
configure:7026: checking for pthread_create in -lpthreads
configure:7051: gcc -o conftest -g -O2   conftest.c -lpthreads   >&5
/usr/bin/ld: cannot find -lpthreads
collect2: error: ld returned 1 exit status
configure:7051: $? = 1
configure: failed program was:
| /* confdefs.h */
| #define PACKAGE_NAME "pcap"
| #define PACKAGE_TARNAME "pcap"
| #define PACKAGE_VERSION "1.10.4"
| #define PACKAGE_STRING "pcap 1.10.4"
| #define PACKAGE_BUGREPORT ""
| #define PACKAGE_URL ""
| #define STDC_HEADERS 1
| #define HAVE_SYS_TYPES_H 1
| #define HAVE_SYS_STAT_H 1
| #define HAVE_STDLIB_H 1
| #define HAVE_STRING_H 1
| #define HAVE_MEMORY_H 1
| #define HAVE_STRINGS_H 1
| #define HAVE_INTTYPES_H 1
| #define HAVE_STDINT_H 1
| #define HAVE_UNISTD_H 1
| #define SIZEOF_VOID_P 8
| #define inline inline
| #define HAVE___ATOMIC_LOAD_N 1
| #define HAVE___ATOMIC_STORE_N 1
| #define HAVE_FSEEKO 1
| #define HAVE_NETPACKET_PACKET_H 1
| #define HAVE_STRERROR 1
| #define HAVE_GNU_STRERROR_R /**/
| #define HAVE_VSYSLOG 1
| #define HAVE_VASPRINTF 1
| #define HAVE_ASPRINTF 1
| #define HAVE_STRTOK_R 1
| #define HAVE_FFS 1
| #define STRINGS_H_DECLARES_FFS /**/
| #define HAVE_LINUX_GETNETBYNAME_R 1
| #define HAVE_LINUX_GETPROTOBYNAME_R 1
| #define HAVE_ETHER_HOSTTON 1
| #define NETINET_ETHER_H_DECLARES_ETHER_HOSTTON /**/
| #define HAVE_DECL_ETHER_HOSTTON 1
| /* end confdefs.h.  */
| 
| /* Override any GCC internal prototype to avoid an error.
|    Use char because int might match the return type of a GCC
|    builtin and then its argument prototype would still apply.  */
| #ifdef __cplusplus
| extern "C"
| #endif
| char pthread_create ();
| int
| main ()
| {
| return pthread_create ();
|   ;
|   return 0;
| }
configure:7060: result: no
configure:7075: checking for pthread_create in -lpthread
configure:7100: gcc -o conftest -g -O2   conftest.c -lpthread   >&5
configure:7100: $? = 0
configure:7109: result: yes
configure:7147: checking if --disable-protochain option is specified
configure:7165: result: enabled
configure:7190: checking net/bpf.h usability
configure:7190: gcc -c -g -O2  conftest.c >&5
conftest.c:71:21: fatal error: net/bpf.h: No such file or directory
compilation terminated.
configure:7190: $? = 1
configure: failed program was:
| /* confdefs.h */
| #define PACKAGE_NAME "pcap"
| #define PACKAGE_TARNAME "pcap"
| #define PACKAGE_VERSION "1.10.4"
| #define PACKAGE_STRING "pcap 1.10.4"
| #define PACKAGE_BUGREPORT ""
| #define PACKAGE_URL ""
| #define STDC_HEADERS 1
| #define HAVE_SYS_TYPES_H 1
| #define HAVE_SYS_STAT_H 1
| #define HAVE_STDLIB_H 1
| #define HAVE_STRING_H 1
| #define HAVE_MEMORY_H 1
| #define HAVE_STRINGS_H 1
| #define HAVE_INTTYPES_H 1
| #define HAVE_STDINT_H 1
| #define HAVE_UNISTD_H 1
| #define SIZEOF_VOID_P 8
| #define inline inline
| #define HAVE___ATOMIC_LOAD_N 1
| #define HAVE___ATOMIC_STORE_N 1
| #define HAVE_FSEEKO 1
| #define HAVE_NETPACKET_PACKET_H 1
| #define HAVE_STRERROR 1
| #define HAVE_GNU_STRERROR_R /**/
| #define HAVE_VSYSLOG 1
| #define HAVE_VASPRINTF 1
| #define HAVE_ASPRINTF 1
| #define HAVE_STRTOK_R 1
| #define HAVE_FFS 1
| #define STRINGS_H_DECLARES_FFS /**/
| #define HAVE_LINUX_GETNETBYNAME_R 1
| #define HAVE_LINUX_GETPROTOBYNAME_R 1
| #define HAVE_ETHER_HOSTTON 1
| #define NETINET_ETHER_H_DECLARES_ETHER_HOSTTON /**/
| #define HAVE_DECL_ETHER_HOSTTON 1
| /* end confdefs.h.  */
| #include <stdio.h>
| #ifdef HAVE_SYS_TYPES_H
| # include <sys/types.h>
| #endif
| #ifdef HAVE_SYS_STAT_H
| # include <sys/stat.h>
| #endif
| #ifdef STDC_HEADERS
| # include <stdlib.h>
| # include <stddef.h>
| #else
| # ifdef HAVE_STDLIB_H
| #  include <stdlib.h>
| # endif
| #endif
| #ifdef HAVE_STRING_H
| # if !defined STDC_HEADERS && defined HAVE_MEMORY_H
| #  include <memory.h>
| # endif
| # include <string.h>
| #endif
| #ifdef HAVE_STRINGS_H
| # include <strings.h>
| #endif
| #ifdef HAVE_INTTYPES_H
| # include <inttypes.h>
| #endif
| #ifdef HAVE_STDINT_H
| # include <stdint.h>
| #endif
| #ifdef HAVE_UNISTD_H
| # include <unistd.h>
| #endif
| #include <net/bpf.h>
configure:7190: result: no
configure:7190: checking net/bpf.h presence
configure:7190: gcc -E  conftest.c
conftest.c:38:21: fatal error: net/bpf.h: No such file or directory
compilation terminated.
configure:7190: $? = 1
configure: failed program was:
| /* confdefs.h */
| #define PACKAGE_NAME "pcap"
| #define PACKAGE_TARNAME "pcap"
| #define PACKAGE_VERSION "1.10.4"
| #define PACKAGE_STRING "pcap 1.10.4"
| #define PACKAGE_BUGREPORT ""
| #define PACKAGE_URL ""
| #define STDC_HEADERS 1
| #define HAVE_SYS_TYPES_H 1
| #define HAVE_SYS_STAT_H 1
| #define HAVE_STDLIB_H 1
| #define HAVE_STRING_H 1
| #define HAVE_MEMORY_H 1
| #define HAVE_STRINGS_H 1
| #define HAVE_INTTYPES_H 1
| #define HAVE_STDINT_H 1
| #define HAVE_UNISTD_H 1
| #define SIZEOF_VOID_P 8
| #define inline inline
| #define HAVE___ATOMIC_LOAD_N 1
| #define HAVE___ATOMIC_STORE_N 1
| #define HAVE_FSEEKO 1
| #define HAVE_NETPACKET_PACKET_H 1
| #define HAVE_STRERROR 1
| #define HAVE_GNU_STRERROR_R /**/
| #define HAVE_VSYSLOG 1
| #define HAVE_VASPRINTF 1
| #define HAVE_ASPRINTF 1
| #define HAVE_STRTOK_R 1
| #define HAVE_FFS 1
| #define STRINGS_H_DECLARES_FFS /**/
| #define HAVE_LINUX_GETNETBYNAME_R 1
| #define HAVE_LINUX_GETPROTOBYNAME_R 1
| #define HAVE_ETHER_HOSTTON 1
| #define NETINET_ETHER_H_DECLARES_ETHER_HOSTTON /**/
| #define HAVE_DECL_ETHER_HOSTTON 1
| /* end confdefs.h.  */
| #include <net/bpf.h>
configure:7190: result: no
configure:7190: checking for net/bpf.h
configure:7190: result: no
configure:7273: checking net/pfilt.h usability
configure:7273: gcc -c -g -O2  conftest.c >&5
conftest.c:71:23: fatal error: net/pfilt.h: No such file or directory
compilation terminated.
configure:7273: $? = 1
configure: failed program was:
| /* confdefs.h */
| #define PACKAGE_NAME "pcap"
| #define PACKAGE_TARNAME "pcap"
| #define PACKAGE_VERSION "1.10.4"
| #define PACKAGE_STRING "pcap 1.10.4"
| #define PACKAGE_BUGREPORT ""
| #define PACKAGE_URL ""
| #define STDC_HEADERS 1
| #define HAVE_SYS_TYPES_H 1
| #define HAVE_SYS_STAT_H 1
| #define HAVE_STDLIB_H 1
| #define HAVE_STRING_H 1
| #define HAVE_MEMORY_H 1
| #define HAVE_STRINGS_H 1
| #define HAVE_INTTYPES_H 1
| #define HAVE_STDINT_H 1
| #define HAVE_UNISTD_H 1
| #define SIZEOF_VOID_P 8
| #define inline inline
| #define HAVE___ATOMIC_LOAD_N 1
| #define HAVE___ATOMIC_STORE_N 1
| #define HAVE_FSEEKO 1
| #define HAVE_NETPACKET_PACKET_H 1
| #define HAVE_STRERROR 1
| #define HAVE_GNU_STRERROR_R /**/
| #define HAVE_VSYSLOG 1
| #define HAVE_VASPRINTF 1
| #define HAVE_ASPRINTF 1
| #define HAVE_STRTOK_R 1
| #define HAVE_FFS 1
| #define STRINGS_H_DECLARES_FFS /**/
| #define HAVE_LINUX_GETNETBYNAME_R 1
| #define HAVE_LINUX_GETPROTOBYNAME_R 1
| #define HAVE_ETHER_HOSTTON 1
| #define NETINET_ETHER_H_DECLARES_ETHER_HOSTTON /**/
| #define HAVE_DECL_ETHER_HOSTTON 1
| /* end confdefs.h.  */
| #include <stdio.h>
| #ifdef HAVE_SYS_TYPES_H
| # include <sys/types.h>
| #endif
| #ifdef HAVE_SYS_STAT_H
| # include <sys/stat.h>
| #endif
| #ifdef STDC_HEADERS
| # include <stdlib.h>
| # include <stddef.h>
| #else
| # ifdef HAVE_STDLIB_H
| #  include <stdlib.h>
| # endif
| #endif
| #ifdef HAVE_STRING_H
| # if !defined STDC_HEADERS && defined HAVE_MEMORY_H
| #  include <memory.h>
| # endif
| # include <string.h>
| #endif
| #ifdef HAVE_STRINGS_H
| # include <strings.h>
| #endif
| #ifdef HAVE_INTTYPES_H
| # include <inttypes.h>
| #endif
| #ifdef HAVE_STDINT_H
| # include <stdint.h>
| #endif
| #ifdef HAVE_UNISTD_H
| # include <unistd.h>
| #endif
| #include <net/pfilt.h>
configure:7273: result: no
configure:7273: checking net/pfilt.h presence
configure:7273: gcc -E  conftest.c
conftest.c:38:23: fatal error: net/pfilt.h: No such file or directory
compilation terminated.
configure:7273: $? = 1
configure: failed program was:
| /* confdefs.h */
| #define PACKAGE_NAME "pcap"
| #define PACKAGE_TARNAME "pcap"
| #define PACKAGE_VERSION "1.10.4"
| #define PACKAGE_STRING "pcap 1.10.4"
| #define PACKAGE_BUGREPORT ""
| #define PACKAGE_URL ""
| #define STDC_HEADERS 1
| #define HAVE_SYS_TYPES_H 1
| #define HAVE_SYS_STAT_H 1
| #define HAVE_STDLIB_H 1
| #define HAVE_STRING_H 1
| #define HAVE_MEMORY_H 1
| #define HAVE_STRINGS_H 1
| #define HAVE_INTTYPES_H 1
| #define HAVE_STDINT_H 1
| #define HAVE_UNISTD_H 1
| #define SIZEOF_VOID_P 8
| #define inline inline
| #define HAVE___ATOMIC_LOAD_N 1
| #define HAVE___ATOMIC_STORE_N 1
| #define HAVE_FSEEKO 1
| #define HAVE_NETPACKET_PACKET_H 1
| #define HAVE_STRERROR 1
| #define HAVE_GNU_STRERROR_R /**/
| #define HAVE_VSYSLOG 1
| #define HAVE_VASPRINTF 1
| #define HAVE_ASPRINTF 1
| #define HAVE_STRTOK_R 1
| #define HAVE_FFS 1
| #define STRINGS_H_DECLARES_FFS /**/
| #define HAVE_LINUX_GETNETBYNAME_R 1
| #define HAVE_LINUX_GETPROTOBYNAME_R 1
| #define HAVE_ETHER_HOSTTON 1
| #define NETINET_ETHER_H_DECLARES_ETHER_HOSTTON /**/
| #define HAVE_DECL_ETHER_HOSTTON 1
| /* end confdefs.h.  */
| #include <net/pfilt.h>
configure:7273: result: no
configure:7273: checking for net/pfilt.h
configure:7273: result: no
configure:7273: checking net/enet.h usability
configure:7273: gcc -c -g -O2  conftest.c >&5
conftest.c:71:22: fatal error: net/enet.h: No such file or directory
compilation terminated.
configure:7273: $? = 1
configure: failed program was:
| /* confdefs.h */
| #define PACKAGE_NAME "pcap"
| #define PACKAGE_TARNAME "pcap"
| #define PACKAGE_VERSION "1.10.4"
| #define PACKAGE_STRING "pcap 1.10.4"
| #define PACKAGE_BUGREPORT ""
| #define PACKAGE_URL ""
| #define STDC_HEADERS 1
| #define HAVE_SYS_TYPES_H 1
| #define HAVE_SYS_STAT_H 1
| #define HAVE_STDLIB_H 1
| #define HAVE_STRING_H 1
| #define HAVE_MEMORY_H 1
| #define HAVE_STRINGS_H 1
| #define HAVE_INTTYPES_H 1
| #define HAVE_STDINT_H 1
| #define HAVE_UNISTD_H 1
| #define SIZEOF_VOID_P 8
| #define inline inline
| #define HAVE___ATOMIC_LOAD_N 1
| #define HAVE___ATOMIC_STORE_N 1
| #define HAVE_FSEEKO 1
| #define HAVE_NETPACKET_PACKET_H 1
| #define HAVE_STRERROR 1
| #define HAVE_GNU_STRERROR_R /**/
| #define HAVE_VSYSLOG 1
| #define HAVE_VASPRINTF 1
| #define HAVE_ASPRINTF 1
| #define HAVE_STRTOK_R 1
| #define HAVE_FFS 1
| #define STRINGS_H_DECLARES_FFS /**/
| #define HAVE_LINUX_GETNETBYNAME_R 1
| #define HAVE_LINUX_GETPROTOBYNAME_R 1
| #define HAVE_ETHER_HOSTTON 1
| #define NETINET_ETHER_H_DECLARES_ETHER_HOSTTON /**/
| #define HAVE_DECL_ETHER_HOSTTON 1
| /* end confdefs.h.  */
| #include <stdio.h>
| #ifdef HAVE_SYS_TYPES_H
| # include <sys/types.h>
| #endif
| #ifdef HAVE_SYS_STAT_H
| # include <sys/stat.h>
| #endif
| #ifdef STDC_HEADERS
| # include <stdlib.h>
| # include <stddef.h>
| #else
| # ifdef HAVE_STDLIB_H
| #  include <stdlib.h>
| # endif
| #endif
| #ifdef HAVE_STRING_H
| # if !defined STDC_HEADERS && defined HAVE_MEMORY_H
| #  include <memory.h>
| # endif
| # include <string.h>
| #endif
| #ifdef HAVE_STRINGS_H
| # include <strings.h>
| #endif
| #ifdef HAVE_INTTYPES_H
| # include <inttypes.h>
| #endif
| #ifdef HAVE_STDINT_H
| # include <stdint.h>
| #endif
| #ifdef HAVE_UNISTD_H
| # include <unistd.h>
| #endif
| #include <net/enet.h>
configure:7273: result: no
configure:7273: checking net/enet.h presence
configure:7273: gcc -E  conftest.c
conftest.c:38:22: fatal error: net/enet.h: No such file or directory
compilation terminated.
configure:7273: $? = 1
configure: failed program was:
| /* confdefs.h */
| #define PACKAGE_NAME "pcap"
| #define PACKAGE_TARNAME "pcap"
| #define PACKAGE_VERSION "1.10.4"
| #define PACKAGE_STRING "pcap 1.10.4"
| #define PACKAGE_BUGREPORT ""
| #define PACKAGE_URL ""
| #define STDC_HEADERS 1
| #define HAVE_SYS_TYPES_H 1
| #define HAVE_SYS_STAT_H 1
| #define HAVE_STDLIB_H 1
| #define HAVE_STRING_H 1
| #define HAVE_MEMORY_H 1
| #define HAVE_STRINGS_H 1
| #define HAVE_INTTYPES_H 1
| #define HAVE_STDINT_H 1
| #define HAVE_UNISTD_H 1
| #define SIZEOF_VOID_P 8
| #define inline inline
| #define HAVE___ATOMIC_LOAD_N 1
| #define HAVE___ATOMIC_STORE_N 1
| #define HAVE_FSEEKO 1
| #define HAVE_NETPACKET_PACKET_H 1
| #define HAVE_STRERROR 1
| #define HAVE_GNU_STRERROR_R /**/
| #define HAVE_VSYSLOG 1
| #define HAVE_VASPRINTF 1
| #define HAVE_ASPRINTF 1
| #define HAVE_STRTOK_R 1
| #define HAVE_FFS 1
| #define STRINGS_H_DECLARES_FFS /**/
| #define HAVE_LINUX_GETNETBYNAME_R 1
| #define HAVE_LINUX_GETPROTOBYNAME_R 1
| #define HAVE_ETHER_HOSTTON 1
| #define NETINET_ETHER_H_DECLARES_ETHER_HOSTTON /**/
| #define HAVE_DECL_ETHER_HOSTTON 1
| /* end confdefs.h.  */
| #include <net/enet.h>
configure:7273: result: no
configure:7273: checking for net/enet.h
configure:7273: result: no
configure:7286: checking net/nit.h usability
configure:7286: gcc -c -g -O2  conftest.c >&5
conftest.c:71:21: fatal error: net/nit.h: No such file or directory
compilation terminated.
configure:7286: $? = 1
configure: failed program was:
| /* confdefs.h */
| #define PACKAGE_NAME "pcap"
| #define PACKAGE_TARNAME "pcap"
| #define PACKAGE_VERSION "1.10.4"
| #define PACKAGE_STRING "pcap 1.10.4"
| #define PACKAGE_BUGREPORT ""
| #define PACKAGE_URL ""
| #define STDC_HEADERS 1
| #define HAVE_SYS_TYPES_H 1
| #define HAVE_SYS_STAT_H 1
| #define HAVE_STDLIB_H 1
| #define HAVE_STRING_H 1
| #define HAVE_MEMORY_H 1
| #define HAVE_STRINGS_H 1
| #define HAVE_INTTYPES_H 1
| #define HAVE_STDINT_H 1
| #define HAVE_UNISTD_H 1
| #define SIZEOF_VOID_P 8
| #define inline inline
| #define HAVE___ATOMIC_LOAD_N 1
| #define HAVE___ATOMIC_STORE_N 1
| #define HAVE_FSEEKO 1
| #define HAVE_NETPACKET_PACKET_H 1
| #define HAVE_STRERROR 1
| #define HAVE_GNU_STRERROR_R /**/
| #define HAVE_VSYSLOG 1
| #define HAVE_VASPRINTF 1
| #define HAVE_ASPRINTF 1
| #define HAVE_STRTOK_R 1
| #define HAVE_FFS 1
| #define STRINGS_H_DECLARES_FFS /**/
| #define HAVE_LINUX_GETNETBYNAME_R 1
| #define HAVE_LINUX_GETPROTOBYNAME_R 1
| #define HAVE_ETHER_HOSTTON 1
| #define NETINET_ETHER_H_DECLARES_ETHER_HOSTTON /**/
| #define HAVE_DECL_ETHER_HOSTTON 1
| /* end confdefs.h.  */
| #include <stdio.h>
| #ifdef HAVE_SYS_TYPES_H
| # include <sys/types.h>
| #endif
| #ifdef HAVE_SYS_STAT_H
| # include <sys/stat.h>
| #endif
| #ifdef STDC_HEADERS
| # include <stdlib.h>
| # include <stddef.h>
| #else
| # ifdef HAVE_STDLIB_H
| #  include <stdlib.h>
| # endif
| #endif
| #ifdef HAVE_STRING_H
| # if !defined STDC_HEADERS && defined HAVE_MEMORY_H
| #  include <memory.h>
| # endif
| # include <string.h>
| #endif
| #ifdef HAVE_STRINGS_H
| # include <strings.h>
| #endif
| #ifdef HAVE_INTTYPES_H
| # include <inttypes.h>
| #endif
| #ifdef HAVE_STDINT_H
| # include <stdint.h>
| #endif
| #ifdef HAVE_UNISTD_H
| # include <unistd.h>
| #endif
| #include <net/nit.h>
configure:7286: result: no
configure:7286: checking net/nit.h presence
configure:7286: gcc -E  conftest.c
conftest.c:38:21: fatal error: net/nit.h: No such file or directory
compilation terminated.
configure:7286: $? = 1
configure: failed program was:
| /* confdefs.h */
| #define PACKAGE_NAME "pcap"
| #define PACKAGE_TARNAME "pcap"
| #define PACKAGE_VERSION "1.10.4"
| #define PACKAGE_STRING "pcap 1.10.4"
| #define PACKAGE_BUGREPORT ""
| #define PACKAGE_URL ""
| #define STDC_HEADERS 1
| #define HAVE_SYS_TYPES_H 1
| #define HAVE_SYS_STAT_H 1
| #define HAVE_STDLIB_H 1
| #define HAVE_STRING_H 1
| #define HAVE_MEMORY_H 1
| #define HAVE_STRINGS_H 1
| #define HAVE_INTTYPES_H 1
| #define HAVE_STDINT_H 1
| #define HAVE_UNISTD_H 1
| #define SIZEOF_VOID_P 8
| #define inline inline
| #define HAVE___ATOMIC_LOAD_N 1
| #define HAVE___ATOMIC_STORE_N 1
| #define HAVE_FSEEKO 1
| #define HAVE_NETPACKET_PACKET_H 1
| #define HAVE_STRERROR 1
| #define HAVE_GNU_STRERROR_R /**/
| #define HAVE_VSYSLOG 1
| #define HAVE_VASPRINTF 1
| #define HAVE_ASPRINTF 1
| #define HAVE_STRTOK_R 1
| #define HAVE_FFS 1
| #define STRINGS_H_DECLARES_FFS /**/
| #define HAVE_LINUX_GETNETBYNAME_R 1
| #define HAVE_LINUX_GETPROTOBYNAME_R 1
| #define HAVE_ETHER_HOSTTON 1
| #define NETINET_ETHER_H_DECLARES_ETHER_HOSTTON /**/
| #define HAVE_DECL_ETHER_HOSTTON 1
| /* end confdefs.h.  */
| #include <net/nit.h>
configure:7286: result: no
configure:7286: checking for net/nit.h
configure:7286: result: no
configure:7286: checking sys/net/nit.h usability
configure:7286: gcc -c -g -O2  conftest.c >&5
conftest.c:71:25: fatal error: sys/net/nit.h: No such file or directory
compilation terminated.
configure:7286: $? = 1
configure: failed program was:
| /* confdefs.h */
| #define PACKAGE_NAME "pcap"
| #define PACKAGE_TARNAME "pcap"
| #define PACKAGE_VERSION "1.10.4"
| #define PACKAGE_STRING "pcap 1.10.4"
| #define PACKAGE_BUGREPORT ""
| #define PACKAGE_URL ""
| #define STDC_HEADERS 1
| #define HAVE_SYS_TYPES_H 1
| #define HAVE_SYS_STAT_H 1
| #define HAVE_STDLIB_H 1
| #define HAVE_STRING_H 1
| #define HAVE_MEMORY_H 1
| #define HAVE_STRINGS_H 1
| #define HAVE_INTTYPES_H 1
| #define HAVE_STDINT_H 1
| #define HAVE_UNISTD_H 1
| #define SIZEOF_VOID_P 8
| #define inline inline
| #define HAVE___ATOMIC_LOAD_N 1
| #define HAVE___ATOMIC_STORE_N 1
| #define HAVE_FSEEKO 1
| #define HAVE_NETPACKET_PACKET_H 1
| #define HAVE_STRERROR 1
| #define HAVE_GNU_STRERROR_R /**/
| #define HAVE_VSYSLOG 1
| #define HAVE_VASPRINTF 1
| #define HAVE_ASPRINTF 1
| #define HAVE_STRTOK_R 1
| #define HAVE_FFS 1
| #define STRINGS_H_DECLARES_FFS /**/
| #define HAVE_LINUX_GETNETBYNAME_R 1
| #define HAVE_LINUX_GETPROTOBYNAME_R 1
| #define HAVE_ETHER_HOSTTON 1
| #define NETINET_ETHER_H_DECLARES_ETHER_HOSTTON /**/
| #define HAVE_DECL_ETHER_HOSTTON 1
| /* end confdefs.h.  */
| #include <stdio.h>
| #ifdef HAVE_SYS_TYPES_H
| # include <sys/types.h>
| #endif
| #ifdef HAVE_SYS_STAT_H
| # include <sys/stat.h>
| #endif
| #ifdef STDC_HEADERS
| # include <stdlib.h>
| # include <stddef.h>
| #else
| # ifdef HAVE_STDLIB_H
| #  include <stdlib.h>
| # endif
| #endif
| #ifdef HAVE_STRING_H
| # if !defined STDC_HEADERS && defined HAVE_MEMORY_H
| #  include <memory.h>
| # endif
| # include <string.h>
| #endif
| #ifdef HAVE_STRINGS_H
| # include <strings.h>
| #endif
| #ifdef HAVE_INTTYPES_H
| # include <inttypes.h>
| #endif
| #ifdef HAVE_STDINT_H
| # include <stdint.h>
| #endif
| #ifdef HAVE_UNISTD_H
| # include <unistd.h>
| #endif
| #include <sys/net/nit.h>
configure:7286: result: no
configure:7286: checking sys/net/nit.h presence
configure:7286: gcc -E  conftest.c
conftest.c:38:25: fatal error: sys/net/nit.h: No such file or directory
compilation terminated.
configure:7286: $? = 1
configure: failed program was:
| /* confdefs.h */
| #define PACKAGE_NAME "pcap"
| #define PACKAGE_TARNAME "pcap"
| #define PACKAGE_VERSION "1.10.4"
| #define PACKAGE_STRING "pcap 1.10.4"
| #define PACKAGE_BUGREPORT ""
| #define PACKAGE_URL ""
| #define STDC_HEADERS 1
| #define HAVE_SYS_TYPES_H 1
| #define HAVE_SYS_STAT_H 1
| #define HAVE_STDLIB_H 1
| #define HAVE_STRING_H 1
| #define HAVE_MEMORY_H 1
| #define HAVE_STRINGS_H 1
| #define HAVE_INTTYPES_H 1
| #define HAVE_STDINT_H 1
| #define HAVE_UNISTD_H 1
| #define SIZEOF_VOID_P 8
| #define inline inline
| #define HAVE___ATOMIC_LOAD_N 1
| #define HAVE___ATOMIC_STORE_N 1
| #define HAVE_FSEEKO 1
| #define HAVE_NETPACKET_PACKET_H 1
| #define HAVE_STRERROR 1
| #define HAVE_GNU_STRERROR_R /**/
| #define HAVE_VSYSLOG 1
| #define HAVE_VASPRINTF 1
| #define HAVE_ASPRINTF 1
| #define HAVE_STRTOK_R 1
| #define HAVE_FFS 1
| #define STRINGS_H_DECLARES_FFS /**/
| #define HAVE_LINUX_GETNETBYNAME_R 1
| #define HAVE_LINUX_GETPROTOBYNAME_R 1
| #define HAVE_ETHER_HOSTTON 1
| #define NETINET_ETHER_H_DECLARES_ETHER_HOSTTON /**/
| #define HAVE_DECL_ETHER_HOSTTON 1
| /* end confdefs.h.  */
| #include <sys/net/nit.h>
configure:7286: result: no
configure:7286: checking for sys/net/nit.h
configure:7286: result: no
configure:7299: checking linux/socket.h usability
configure:7299: gcc -c -g -O2  conftest.c >&5
configure:7299: $? = 0
configure:7299: result: yes
configure:7299: checking linux/socket.h presence
configure:7299: gcc -E  conftest.c
configure:7299: $? = 0
configure:7299: result: yes
configure:7299: checking for linux/socket.h
configure:7299: result: yes
configure:7299: checking net/raw.h usability
configure:7299: gcc -c -g -O2  conftest.c >&5
conftest.c:72:21: fatal error: net/raw.h: No such file or directory
compilation terminated.
configure:7299: $? = 1
configure: failed program was:
| /* confdefs.h */
| #define PACKAGE_NAME "pcap"
| #define PACKAGE_TARNAME "pcap"
| #define PACKAGE_VERSION "1.10.4"
| #define PACKAGE_STRING "pcap 1.10.4"
| #define PACKAGE_BUGREPORT ""
| #define PACKAGE_URL ""
| #define STDC_HEADERS 1
| #define HAVE_SYS_TYPES_H 1
| #define HAVE_SYS_STAT_H 1
| #define HAVE_STDLIB_H 1
| #define HAVE_STRING_H 1
| #define HAVE_MEMORY_H 1
| #define HAVE_STRINGS_H 1
| #define HAVE_INTTYPES_H 1
| #define HAVE_STDINT_H 1
| #define HAVE_UNISTD_H 1
| #define SIZEOF_VOID_P 8
| #define inline inline
| #define HAVE___ATOMIC_LOAD_N 1
| #define HAVE___ATOMIC_STORE_N 1
| #define HAVE_FSEEKO 1
| #define HAVE_NETPACKET_PACKET_H 1
| #define HAVE_STRERROR 1
| #define HAVE_GNU_STRERROR_R /**/
| #define HAVE_VSYSLOG 1
| #define HAVE_VASPRINTF 1
| #define HAVE_ASPRINTF 1
| #define HAVE_STRTOK_R 1
| #define HAVE_FFS 1
| #define STRINGS_H_DECLARES_FFS /**/
| #define HAVE_LINUX_GETNETBYNAME_R 1
| #define HAVE_LINUX_GETPROTOBYNAME_R 1
| #define HAVE_ETHER_HOSTTON 1
| #define NETINET_ETHER_H_DECLARES_ETHER_HOSTTON /**/
| #define HAVE_DECL_ETHER_HOSTTON 1
| #define HAVE_LINUX_SOCKET_H 1
| /* end confdefs.h.  */
| #include <stdio.h>
| #ifdef HAVE_SYS_TYPES_H
| # include <sys/types.h>
| #endif
| #ifdef HAVE_SYS_STAT_H
| # include <sys/stat.h>
| #endif
| #ifdef STDC_HEADERS
| # include <stdlib.h>
| # include <stddef.h>
| #else
| # ifdef HAVE_STDLIB_H
| #  include <stdlib.h>
| # endif
| #endif
| #ifdef HAVE_STRING_H
| # if !defined STDC_HEADERS && defined HAVE_MEMORY_H
| #  include <memory.h>
| # endif
| # include <string.h>
| #endif
| #ifdef HAVE_STRINGS_H
| # include <strings.h>
| #endif
| #ifdef HAVE_INTTYPES_H
| # include <inttypes.h>
| #endif
| #ifdef HAVE_STDINT_H
| # include <stdint.h>
| #endif
| #ifdef HAVE_UNISTD_H
| # include <unistd.h>
| #endif
| #include <net/raw.h>
configure:7299: result: no
configure:7299: checking net/raw.h presence
configure:7299: gcc -E  conftest.c
conftest.c:39:21: fatal error: net/raw.h: No such file or directory
compilation terminated.
configure:7299: $? = 1
configure: failed program was:
| /* confdefs.h */
| #define PACKAGE_NAME "pcap"
| #define PACKAGE_TARNAME "pcap"
| #define PACKAGE_VERSION "1.10.4"
| #define PACKAGE_STRING "pcap 1.10.4"
| #define PACKAGE_BUGREPORT ""
| #define PACKAGE_URL ""
| #define STDC_HEADERS 1
| #define HAVE_SYS_TYPES_H 1
| #define HAVE_SYS_STAT_H 1
| #define HAVE_STDLIB_H 1
| #define HAVE_STRING_H 1
| #define HAVE_MEMORY_H 1
| #define HAVE_STRINGS_H 1
| #define HAVE_INTTYPES_H 1
| #define HAVE_STDINT_H 1
| #define HAVE_UNISTD_H 1
| #define SIZEOF_VOID_P 8
| #define inline inline
| #define HAVE___ATOMIC_LOAD_N 1
| #define HAVE___ATOMIC_STORE_N 1
| #define HAVE_FSEEKO 1
| #define HAVE_NETPACKET_PACKET_H 1
| #define HAVE_STRERROR 1
| #define HAVE_GNU_STRERROR_R /**/
| #define HAVE_VSYSLOG 1
| #define HAVE_VASPRINTF 1
| #define HAVE_ASPRINTF 1
| #define HAVE_STRTOK_R 1
| #define HAVE_FFS 1
| #define STRINGS_H_DECLARES_FFS /**/
| #define HAVE_LINUX_GETNETBYNAME_R 1
| #define HAVE_LINUX_GETPROTOBYNAME_R 1
| #define HAVE_ETHER_HOSTTON 1
| #define NETINET_ETHER_H_DECLARES_ETHER_HOSTTON /**/
| #define HAVE_DECL_ETHER_HOSTTON 1
| #define HAVE_LINUX_SOCKET_H 1
| /* end confdefs.h.  */
| #include <net/raw.h>
configure:7299: result: no
configure:7299: checking for net/raw.h
configure:7299: result: no
configure:7299: checking sys/dlpi.h usability
configure:7299: gcc -c -g -O2  conftest.c >&5
conftest.c:72:22: fatal error: sys/dlpi.h: No such file or directory
compilation terminated.
configure:7299: $? = 1
configure: failed program was:
| /* confdefs.h */
| #define PACKAGE_NAME "pcap"
| #define PACKAGE_TARNAME "pcap"
| #define PACKAGE_VERSION "1.10.4"
| #define PACKAGE_STRING "pcap 1.10.4"
| #define PACKAGE_BUGREPORT ""
| #define PACKAGE_URL ""
| #define STDC_HEADERS 1
| #define HAVE_SYS_TYPES_H 1
| #define HAVE_SYS_STAT_H 1
| #define HAVE_STDLIB_H 1
| #define HAVE_STRING_H 1
| #define HAVE_MEMORY_H 1
| #define HAVE_STRINGS_H 1
| #define HAVE_INTTYPES_H 1
| #define HAVE_STDINT_H 1
| #define HAVE_UNISTD_H 1
| #define SIZEOF_VOID_P 8
| #define inline inline
| #define HAVE___ATOMIC_LOAD_N 1
| #define HAVE___ATOMIC_STORE_N 1
| #define HAVE_FSEEKO 1
| #define HAVE_NETPACKET_PACKET_H 1
| #define HAVE_STRERROR 1
| #define HAVE_GNU_STRERROR_R /**/
| #define HAVE_VSYSLOG 1
| #define HAVE_VASPRINTF 1
| #define HAVE_ASPRINTF 1
| #define HAVE_STRTOK_R 1
| #define HAVE_FFS 1
| #define STRINGS_H_DECLARES_FFS /**/
| #define HAVE_LINUX_GETNETBYNAME_R 1
| #define HAVE_LINUX_GETPROTOBYNAME_R 1
| #define HAVE_ETHER_HOSTTON 1
| #define NETINET_ETHER_H_DECLARES_ETHER_HOSTTON /**/
| #define HAVE_DECL_ETHER_HOSTTON 1
| #define HAVE_LINUX_SOCKET_H 1
| /* end confdefs.h.  */
| #include <stdio.h>
| #ifdef HAVE_SYS_TYPES_H
| # include <sys/types.h>
| #endif
| #ifdef HAVE_SYS_STAT_H
| # include <sys/stat.h>
| #endif
| #ifdef STDC_HEADERS
| # include <stdlib.h>
| # include <stddef.h>
| #else
| # ifdef HAVE_STDLIB_H
| #  include <stdlib.h>
| # endif
| #endif
| #ifdef HAVE_STRING_H
| # if !defined STDC_HEADERS && defined HAVE_MEMORY_H
| #  include <memory.h>
| # endif
| # include <string.h>
| #endif
| #ifdef HAVE_STRINGS_H
| # include <strings.h>
| #endif
| #ifdef HAVE_INTTYPES_H
| # include <inttypes.h>
| #endif
| #ifdef HAVE_STDINT_H
| # include <stdint.h>
| #endif
| #ifdef HAVE_UNISTD_H
| # include <unistd.h>
| #endif
| #include <sys/dlpi.h>
configure:7299: result: no
configure:7299: checking sys/dlpi.h presence
configure:7299: gcc -E  conftest.c
conftest.c:39:22: fatal error: sys/dlpi.h: No such file or directory
compilation terminated.
configure:7299: $? = 1
configure: failed program was:
| /* confdefs.h */
| #define PACKAGE_NAME "pcap"
| #define PACKAGE_TARNAME "pcap"
| #define PACKAGE_VERSION "1.10.4"
| #define PACKAGE_STRING "pcap 1.10.4"
| #define PACKAGE_BUGREPORT ""
| #define PACKAGE_URL ""
| #define STDC_HEADERS 1
| #define HAVE_SYS_TYPES_H 1
| #define HAVE_SYS_STAT_H 1
| #define HAVE_STDLIB_H 1
| #define HAVE_STRING_H 1
| #define HAVE_MEMORY_H 1
| #define HAVE_STRINGS_H 1
| #define HAVE_INTTYPES_H 1
| #define HAVE_STDINT_H 1
| #define HAVE_UNISTD_H 1
| #define SIZEOF_VOID_P 8
| #define inline inline
| #define HAVE___ATOMIC_LOAD_N 1
| #define HAVE___ATOMIC_STORE_N 1
| #define HAVE_FSEEKO 1
| #define HAVE_NETPACKET_PACKET_H 1
| #define HAVE_STRERROR 1
| #define HAVE_GNU_STRERROR_R /**/
| #define HAVE_VSYSLOG 1
| #define HAVE_VASPRINTF 1
| #define HAVE_ASPRINTF 1
| #define HAVE_STRTOK_R 1
| #define HAVE_FFS 1
| #define STRINGS_H_DECLARES_FFS /**/
| #define HAVE_LINUX_GETNETBYNAME_R 1
| #define HAVE_LINUX_GETPROTOBYNAME_R 1
| #define HAVE_ETHER_HOSTTON 1
| #define NETINET_ETHER_H_DECLARES_ETHER_HOSTTON /**/
| #define HAVE_DECL_ETHER_HOSTTON 1
| #define HAVE_LINUX_SOCKET_H 1
| /* end confdefs.h.  */
| #include <sys/dlpi.h>
configure:7299: result: no
configure:7299: checking for sys/dlpi.h
configure:7299: result: no
configure:7311: checking config/HaikuConfig.h usability
configure:7311: gcc -c -g -O2  conftest.c >&5
conftest.c:72:32: fatal error: config/HaikuConfig.h: No such file or directory
compilation terminated.
configure:7311: $? = 1
configure: failed program was:
| /* confdefs.h */
| #define PACKAGE_NAME "pcap"
| #define PACKAGE_TARNAME "pcap"
| #define PACKAGE_VERSION "1.10.4"
| #define PACKAGE_STRING "pcap 1.10.4"
| #define PACKAGE_BUGREPORT ""
| #define PACKAGE_URL ""
| #define STDC_HEADERS 1
| #define HAVE_SYS_TYPES_H 1
| #define HAVE_SYS_STAT_H 1
| #define HAVE_STDLIB_H 1
| #define HAVE_STRING_H 1
| #define HAVE_MEMORY_H 1
| #define HAVE_STRINGS_H 1
| #define HAVE_INTTYPES_H 1
| #define HAVE_STDINT_H 1
| #define HAVE_UNISTD_H 1
| #define SIZEOF_VOID_P 8
| #define inline inline
| #define HAVE___ATOMIC_LOAD_N 1
| #define HAVE___ATOMIC_STORE_N 1
| #define HAVE_FSEEKO 1
| #define HAVE_NETPACKET_PACKET_H 1
| #define HAVE_STRERROR 1
| #define HAVE_GNU_STRERROR_R /**/
| #define HAVE_VSYSLOG 1
| #define HAVE_VASPRINTF 1
| #define HAVE_ASPRINTF 1
| #define HAVE_STRTOK_R 1
| #define HAVE_FFS 1
| #define STRINGS_H_DECLARES_FFS /**/
| #define HAVE_LINUX_GETNETBYNAME_R 1
| #define HAVE_LINUX_GETPROTOBYNAME_R 1
| #define HAVE_ETHER_HOSTTON 1
| #define NETINET_ETHER_H_DECLARES_ETHER_HOSTTON /**/
| #define HAVE_DECL_ETHER_HOSTTON 1
| #define HAVE_LINUX_SOCKET_H 1
| /* end confdefs.h.  */
| #include <stdio.h>
| #ifdef HAVE_SYS_TYPES_H
| # include <sys/types.h>
| #endif
| #ifdef HAVE_SYS_STAT_H
| # include <sys/stat.h>
| #endif
| #ifdef STDC_HEADERS
| # include <stdlib.h>
| # include <stddef.h>
| #else
| # ifdef HAVE_STDLIB_H
| #  include <stdlib.h>
| # endif
| #endif
| #ifdef HAVE_STRING_H
| # if !defined STDC_HEADERS && defined HAVE_MEMORY_H
| #  include <memory.h>
| # endif
| # include <string.h>
| #endif
| #ifdef HAVE_STRINGS_H
| # include <strings.h>
| #endif
| #ifdef HAVE_INTTYPES_H
| # include <inttypes.h>
| #endif
| #ifdef HAVE_STDINT_H
| # include <stdint.h>
| #endif
| #ifdef HAVE_UNISTD_H
| # include <unistd.h>
| #endif
| #include <config/HaikuConfig.h>
configure:7311: result: no
configure:7311: checking config/HaikuConfig.h presence
configure:7311: gcc -E  conftest.c
conftest.c:39:32: fatal error: config/HaikuConfig.h: No such file or directory
compilation terminated.
configure:7311: $? = 1
configure: failed program was:
| /* confdefs.h */
| #define PACKAGE_NAME "pcap"
| #define PACKAGE_TARNAME "pcap"
| #define PACKAGE_VERSION "1.10.4"
| #define PACKAGE_STRING "pcap 1.10.4"
| #define PACKAGE_BUGREPORT ""
| #define PACKAGE_URL ""
| #define STDC_HEADERS 1
| #define HAVE_SYS_TYPES_H 1
| #define HAVE_SYS_STAT_H 1
| #define HAVE_STDLIB_H 1
| #define HAVE_STRING_H 1
| #define HAVE_MEMORY_H 1
| #define HAVE_STRINGS_H 1
| #define HAVE_INTTYPES_H 1
| #define HAVE_STDINT_H 1
| #define HAVE_UNISTD_H 1
| #define SIZEOF_VOID_P 8
| #define inline inline
| #define HAVE___ATOMIC_LOAD_N 1
| #define HAVE___ATOMIC_STORE_N 1
| #define HAVE_FSEEKO 1
| #define HAVE_NETPACKET_PACKET_H 1
| #define HAVE_STRERROR 1
| #define HAVE_GNU_STRERROR_R /**/
| #define HAVE_VSYSLOG 1
| #define HAVE_VASPRINTF 1
| #define HAVE_ASPRINTF 1
| #define HAVE_STRTOK_R 1
| #define HAVE_FFS 1
| #define STRINGS_H_DECLARES_FFS /**/
| #define HAVE_LINUX_GETNETBYNAME_R 1
| #define HAVE_LINUX_GETPROTOBYNAME_R 1
| #define HAVE_ETHER_HOSTTON 1
| #define NETINET_ETHER_H_DECLARES_ETHER_HOSTTON /**/
| #define HAVE_DECL_ETHER_HOSTTON 1
| #define HAVE_LINUX_SOCKET_H 1
| /* end confdefs.h.  */
| #include <config/HaikuConfig.h>
configure:7311: result: no
configure:7311: checking for config/HaikuConfig.h
configure:7311: result: no
configure:7393: checking packet capture type
configure:7395: result: linux
configure:7456: checking for pkg-config
configure:7489: result: no
configure:7528: checking for brew
configure:7561: result: no
configure:7827: checking for linux/wireless.h
configure:7827: gcc -c -g -O2  conftest.c >&5
configure:7827: $? = 0
configure:7827: result: yes
configure:8100: checking for struct tpacket_auxdata.tp_vlan_tci
configure:8100: gcc -c -g -O2  conftest.c >&5
configure:8100: $? = 0
configure:8100: result: yes
configure:8236: checking for getifaddrs
configure:8236: gcc -o conftest -g -O2   conftest.c  >&5
configure:8236: $? = 0
configure:8236: result: yes
configure:8243: checking ifaddrs.h usability
configure:8243: gcc -c -g -O2  conftest.c >&5
configure:8243: $? = 0
configure:8243: result: yes
configure:8243: checking ifaddrs.h presence
configure:8243: gcc -E  conftest.c
configure:8243: $? = 0
configure:8243: result: yes
configure:8243: checking for ifaddrs.h
configure:8243: result: yes
configure:8332: checking linux/net_tstamp.h usability
configure:8332: gcc -c -g -O2  conftest.c >&5
configure:8332: $? = 0
configure:8332: result: yes
configure:8332: checking linux/net_tstamp.h presence
configure:8332: gcc -E  conftest.c
configure:8332: $? = 0
configure:8332: result: yes
configure:8332: checking for linux/net_tstamp.h
configure:8332: result: yes
configure:8352: checking for socklen_t
configure:8352: gcc -c -g -O2  conftest.c >&5
configure:8352: $? = 0
configure:8352: gcc -c -g -O2  conftest.c >&5
conftest.c: In function 'main':
conftest.c:50:24: error: expected expression before ')' token
 if (sizeof ((socklen_t)))
                        ^
configure:8352: $? = 1
configure: failed program was:
| /* confdefs.h */
| #define PACKAGE_NAME "pcap"
| #define PACKAGE_TARNAME "pcap"
| #define PACKAGE_VERSION "1.10.4"
| #define PACKAGE_STRING "pcap 1.10.4"
| #define PACKAGE_BUGREPORT ""
| #define PACKAGE_URL ""
| #define STDC_HEADERS 1
| #define HAVE_SYS_TYPES_H 1
| #define HAVE_SYS_STAT_H 1
| #define HAVE_STDLIB_H 1
| #define HAVE_STRING_H 1
| #define HAVE_MEMORY_H 1
| #define HAVE_STRINGS_H 1
| #define HAVE_INTTYPES_H 1
| #define HAVE_STDINT_H 1
| #define HAVE_UNISTD_H 1
| #define SIZEOF_VOID_P 8
| #define inline inline
| #define HAVE___ATOMIC_LOAD_N 1
| #define HAVE___ATOMIC_STORE_N 1
| #define HAVE_FSEEKO 1
| #define HAVE_NETPACKET_PACKET_H 1
| #define HAVE_STRERROR 1
| #define HAVE_GNU_STRERROR_R /**/
| #define HAVE_VSYSLOG 1
| #define HAVE_VASPRINTF 1
| #define HAVE_ASPRINTF 1
| #define HAVE_STRTOK_R 1
| #define HAVE_FFS 1
| #define STRINGS_H_DECLARES_FFS /**/
| #define HAVE_LINUX_GETNETBYNAME_R 1
| #define HAVE_LINUX_GETPROTOBYNAME_R 1
| #define HAVE_ETHER_HOSTTON 1
| #define NETINET_ETHER_H_DECLARES_ETHER_HOSTTON /**/
| #define HAVE_DECL_ETHER_HOSTTON 1
| #define HAVE_LINUX_SOCKET_H 1
| #define HAVE_LINUX_WIRELESS_H 1
| #define HAVE_STRUCT_TPACKET_AUXDATA_TP_VLAN_TCI 1
| #define HAVE_LINUX_NET_TSTAMP_H 1
| /* end confdefs.h.  */
| 
| 	#include <sys/types.h>
| 	#include <sys/socket.h>
| 
| 
| int
| main ()
| {
| if (sizeof ((socklen_t)))
| 	    return 0;
|   ;
|   return 0;
| }
configure:8352: result: yes
configure:8475: checking dagapi.h usability
configure:8475: gcc -c -g -O2 -I/usr/local/include  conftest.c >&5
conftest.c:77:20: fatal error: dagapi.h: No such file or directory
compilation terminated.
configure:8475: $? = 1
configure: failed program was:
| /* confdefs.h */
| #define PACKAGE_NAME "pcap"
| #define PACKAGE_TARNAME "pcap"
| #define PACKAGE_VERSION "1.10.4"
| #define PACKAGE_STRING "pcap 1.10.4"
| #define PACKAGE_BUGREPORT ""
| #define PACKAGE_URL ""
| #define STDC_HEADERS 1
| #define HAVE_SYS_TYPES_H 1
| #define HAVE_SYS_STAT_H 1
| #define HAVE_STDLIB_H 1
| #define HAVE_STRING_H 1
| #define HAVE_MEMORY_H 1
| #define HAVE_STRINGS_H 1
| #define HAVE_INTTYPES_H 1
| #define HAVE_STDINT_H 1
| #define HAVE_UNISTD_H 1
| #define SIZEOF_VOID_P 8
| #define inline inline
| #define HAVE___ATOMIC_LOAD_N 1
| #define HAVE___ATOMIC_STORE_N 1
| #define HAVE_FSEEKO 1
| #define HAVE_NETPACKET_PACKET_H 1
| #define HAVE_STRERROR 1
| #define HAVE_GNU_STRERROR_R /**/
| #define HAVE_VSYSLOG 1
| #define HAVE_VASPRINTF 1
| #define HAVE_ASPRINTF 1
| #define HAVE_STRTOK_R 1
| #define HAVE_FFS 1
| #define STRINGS_H_DECLARES_FFS /**/
| #define HAVE_LINUX_GETNETBYNAME_R 1
| #define HAVE_LINUX_GETPROTOBYNAME_R 1
| #define HAVE_ETHER_HOSTTON 1
| #define NETINET_ETHER_H_DECLARES_ETHER_HOSTTON /**/
| #define HAVE_DECL_ETHER_HOSTTON 1
| #define HAVE_LINUX_SOCKET_H 1
| #define HAVE_LINUX_WIRELESS_H 1
| #define HAVE_STRUCT_TPACKET_AUXDATA_TP_VLAN_TCI 1
| #define HAVE_LINUX_NET_TSTAMP_H 1
| #define HAVE_SOCKLEN_T 1
| #define INET6 1
| /* end confdefs.h.  */
| #include <stdio.h>
| #ifdef HAVE_SYS_TYPES_H
| # include <sys/types.h>
| #endif
| #ifdef HAVE_SYS_STAT_H
| # include <sys/stat.h>
| #endif
| #ifdef STDC_HEADERS
| # include <stdlib.h>
| # include <stddef.h>
| #else
| # ifdef HAVE_STDLIB_H
| #  include <stdlib.h>
| # endif
| #endif
| #ifdef HAVE_STRING_H
| # if !defined STDC_HEADERS && defined HAVE_MEMORY_H
| #  include <memory.h>
| # endif
| # include <string.h>
| #endif
| #ifdef HAVE_STRINGS_H
| # include <strings.h>
| #endif
| #ifdef HAVE_INTTYPES_H
| # include <inttypes.h>
| #endif
| #ifdef HAVE_STDINT_H
| # include <stdint.h>
| #endif
| #ifdef HAVE_UNISTD_H
| # include <unistd.h>
| #endif
| #include <dagapi.h>
configure:8475: result: no
configure:8475: checking dagapi.h presence
configure:8475: gcc -E  conftest.c
conftest.c:44:20: fatal error: dagapi.h: No such file or directory
compilation terminated.
configure:8475: $? = 1
configure: failed program was:
| /* confdefs.h */
| #define PACKAGE_NAME "pcap"
| #define PACKAGE_TARNAME "pcap"
| #define PACKAGE_VERSION "1.10.4"
| #define PACKAGE_STRING "pcap 1.10.4"
| #define PACKAGE_BUGREPORT ""
| #define PACKAGE_URL ""
| #define STDC_HEADERS 1
| #define HAVE_SYS_TYPES_H 1
| #define HAVE_SYS_STAT_H 1
| #define HAVE_STDLIB_H 1
| #define HAVE_STRING_H 1
| #define HAVE_MEMORY_H 1
| #define HAVE_STRINGS_H 1
| #define HAVE_INTTYPES_H 1
| #define HAVE_STDINT_H 1
| #define HAVE_UNISTD_H 1
| #define SIZEOF_VOID_P 8
| #define inline inline
| #define HAVE___ATOMIC_LOAD_N 1
| #define HAVE___ATOMIC_STORE_N 1
| #define HAVE_FSEEKO 1
| #define HAVE_NETPACKET_PACKET_H 1
| #define HAVE_STRERROR 1
| #define HAVE_GNU_STRERROR_R /**/
| #define HAVE_VSYSLOG 1
| #define HAVE_VASPRINTF 1
| #define HAVE_ASPRINTF 1
| #define HAVE_STRTOK_R 1
| #define HAVE_FFS 1
| #define STRINGS_H_DECLARES_FFS /**/
| #define HAVE_LINUX_GETNETBYNAME_R 1
| #define HAVE_LINUX_GETPROTOBYNAME_R 1
| #define HAVE_ETHER_HOSTTON 1
| #define NETINET_ETHER_H_DECLARES_ETHER_HOSTTON /**/
| #define HAVE_DECL_ETHER_HOSTTON 1
| #define HAVE_LINUX_SOCKET_H 1
| #define HAVE_LINUX_WIRELESS_H 1
| #define HAVE_STRUCT_TPACKET_AUXDATA_TP_VLAN_TCI 1
| #define HAVE_LINUX_NET_TSTAMP_H 1
| #define HAVE_SOCKLEN_T 1
| #define INET6 1
| /* end confdefs.h.  */
| #include <dagapi.h>
configure:8475: result: no
configure:8475: checking for dagapi.h
configure:8475: result: no
configure:8826: checking whether we have Septel API headers
configure:8857: result: no
configure:8937: checking whether we have Myricom Sniffer API
configure:9035: result: no
configure:9088: checking whether TurboCap is supported
configure:9120: gcc -c -g -O2  conftest.c >&5
conftest.c:45:24: fatal error: TcApi.h: No such file or directory
compilation terminated.
configure:9120: $? = 1
configure: failed program was:
| /* confdefs.h */
| #define PACKAGE_NAME "pcap"
| #define PACKAGE_TARNAME "pcap"
| #define PACKAGE_VERSION "1.10.4"
| #define PACKAGE_STRING "pcap 1.10.4"
| #define PACKAGE_BUGREPORT ""
| #define PACKAGE_URL ""
| #define STDC_HEADERS 1
| #define HAVE_SYS_TYPES_H 1
| #define HAVE_SYS_STAT_H 1
| #define HAVE_STDLIB_H 1
| #define HAVE_STRING_H 1
| #define HAVE_MEMORY_H 1
| #define HAVE_STRINGS_H 1
| #define HAVE_INTTYPES_H 1
| #define HAVE_STDINT_H 1
| #define HAVE_UNISTD_H 1
| #define SIZEOF_VOID_P 8
| #define inline inline
| #define HAVE___ATOMIC_LOAD_N 1
| #define HAVE___ATOMIC_STORE_N 1
| #define HAVE_FSEEKO 1
| #define HAVE_NETPACKET_PACKET_H 1
| #define HAVE_STRERROR 1
| #define HAVE_GNU_STRERROR_R /**/
| #define HAVE_VSYSLOG 1
| #define HAVE_VASPRINTF 1
| #define HAVE_ASPRINTF 1
| #define HAVE_STRTOK_R 1
| #define HAVE_FFS 1
| #define STRINGS_H_DECLARES_FFS /**/
| #define HAVE_LINUX_GETNETBYNAME_R 1
| #define HAVE_LINUX_GETPROTOBYNAME_R 1
| #define HAVE_ETHER_HOSTTON 1
| #define NETINET_ETHER_H_DECLARES_ETHER_HOSTTON /**/
| #define HAVE_DECL_ETHER_HOSTTON 1
| #define HAVE_LINUX_SOCKET_H 1
| #define HAVE_LINUX_WIRELESS_H 1
| #define HAVE_STRUCT_TPACKET_AUXDATA_TP_VLAN_TCI 1
| #define HAVE_LINUX_NET_TSTAMP_H 1
| #define HAVE_SOCKLEN_T 1
| #define INET6 1
| /* end confdefs.h.  */
| 
| 	    #include <TcApi.h>
| 
| int
| main ()
| {
| 
| 	    TC_INSTANCE a; TC_PORT b; TC_BOARD c;
| 	    TC_INSTANCE i;
| 	    (void)TcInstanceCreateByName("foo", &i);
| 
|   ;
|   return 0;
| }
configure:9144: result: no
configure:9154: checking whether to enable remote packet capture
configure:9635: result: no
configure:9640: checking whether to build optimizer debugging code
configure:9652: result: no
configure:9655: checking whether to build parser debugging code
configure:9667: result: no
configure:10220: checking for ranlib
configure:10236: found /usr/bin/ranlib
configure:10247: result: ranlib
configure:10312: checking for ar
configure:10328: found /usr/bin/ar
configure:10339: result: ar
configure:10362: checking whether ln -s works
configure:10366: result: yes
configure:12092: checking for struct sockaddr.sa_len
configure:12092: gcc -c -g -O2  conftest.c >&5
conftest.c: In function 'main':
conftest.c:53:12: error: 'struct sockaddr' has no member named 'sa_len'
 if (ac_aggr.sa_len)
            ^
configure:12092: $? = 1
configure: failed program was:
| /* confdefs.h */
| #define PACKAGE_NAME "pcap"
| #define PACKAGE_TARNAME "pcap"
| #define PACKAGE_VERSION "1.10.4"
| #define PACKAGE_STRING "pcap 1.10.4"
| #define PACKAGE_BUGREPORT ""
| #define PACKAGE_URL ""
| #define STDC_HEADERS 1
| #define HAVE_SYS_TYPES_H 1
| #define HAVE_SYS_STAT_H 1
| #define HAVE_STDLIB_H 1
| #define HAVE_STRING_H 1
| #define HAVE_MEMORY_H 1
| #define HAVE_STRINGS_H 1
| #define HAVE_INTTYPES_H 1
| #define HAVE_STDINT_H 1
| #define HAVE_UNISTD_H 1
| #define SIZEOF_VOID_P 8
| #define inline inline
| #define HAVE___ATOMIC_LOAD_N 1
| #define HAVE___ATOMIC_STORE_N 1
| #define HAVE_FSEEKO 1
| #define HAVE_NETPACKET_PACKET_H 1
| #define HAVE_STRERROR 1
| #define HAVE_GNU_STRERROR_R /**/
| #define HAVE_VSYSLOG 1
| #define HAVE_VASPRINTF 1
| #define HAVE_ASPRINTF 1
| #define HAVE_STRTOK_R 1
| #define HAVE_FFS 1
| #define STRINGS_H_DECLARES_FFS /**/
| #define HAVE_LINUX_GETNETBYNAME_R 1
| #define HAVE_LINUX_GETPROTOBYNAME_R 1
| #define HAVE_ETHER_HOSTTON 1
| #define NETINET_ETHER_H_DECLARES_ETHER_HOSTTON /**/
| #define HAVE_DECL_ETHER_HOSTTON 1
| #define HAVE_LINUX_SOCKET_H 1
| #define HAVE_LINUX_WIRELESS_H 1
| #define HAVE_STRUCT_TPACKET_AUXDATA_TP_VLAN_TCI 1
| #define HAVE_LINUX_NET_TSTAMP_H 1
| #define HAVE_SOCKLEN_T 1
| #define INET6 1
| /* end confdefs.h.  */
| 
| 	#include <sys/types.h>
| 	#include <sys/socket.h>
| 
| 
| int
| main ()
| {
| static struct sockaddr ac_aggr;
| if (ac_aggr.sa_len)
| return 0;
|   ;
|   return 0;
| }
configure:12092: gcc -c -g -O2  conftest.c >&5
conftest.c: In function 'main':
conftest.c:53:19: error: 'struct sockaddr' has no member named 'sa_len'
 if (sizeof ac_aggr.sa_len)
                   ^
configure:12092: $? = 1
configure: failed program was:
| /* confdefs.h */
| #define PACKAGE_NAME "pcap"
| #define PACKAGE_TARNAME "pcap"
| #define PACKAGE_VERSION "1.10.4"
| #define PACKAGE_STRING "pcap 1.10.4"
| #define PACKAGE_BUGREPORT ""
| #define PACKAGE_URL ""
| #define STDC_HEADERS 1
| #define HAVE_SYS_TYPES_H 1
| #define HAVE_SYS_STAT_H 1
| #define HAVE_STDLIB_H 1
| #define HAVE_STRING_H 1
| #define HAVE_MEMORY_H 1
| #define HAVE_STRINGS_H 1
| #define HAVE_INTTYPES_H 1
| #define HAVE_STDINT_H 1
| #define HAVE_UNISTD_H 1
| #define SIZEOF_VOID_P 8
| #define inline inline
| #define HAVE___ATOMIC_LOAD_N 1
| #define HAVE___ATOMIC_STORE_N 1
| #define HAVE_FSEEKO 1
| #define HAVE_NETPACKET_PACKET_H 1
| #define HAVE_STRERROR 1
| #define HAVE_GNU_STRERROR_R /**/
| #define HAVE_VSYSLOG 1
| #define HAVE_VASPRINTF 1
| #define HAVE_ASPRINTF 1
| #define HAVE_STRTOK_R 1
| #define HAVE_FFS 1
| #define STRINGS_H_DECLARES_FFS /**/
| #define HAVE_LINUX_GETNETBYNAME_R 1
| #define HAVE_LINUX_GETPROTOBYNAME_R 1
| #define HAVE_ETHER_HOSTTON 1
| #define NETINET_ETHER_H_DECLARES_ETHER_HOSTTON /**/
| #define HAVE_DECL_ETHER_HOSTTON 1
| #define HAVE_LINUX_SOCKET_H 1
| #define HAVE_LINUX_WIRELESS_H 1
| #define HAVE_STRUCT_TPACKET_AUXDATA_TP_VLAN_TCI 1
| #define HAVE_LINUX_NET_TSTAMP_H 1
| #define HAVE_SOCKLEN_T 1
| #define INET6 1
| /* end confdefs.h.  */
| 
| 	#include <sys/types.h>
| 	#include <sys/socket.h>
| 
| 
| int
| main ()
| {
| static struct sockaddr ac_aggr;
| if (sizeof ac_aggr.sa_len)
| return 0;
|   ;
|   return 0;
| }
configure:12092: result: no
configure:12110: checking for struct sockaddr_storage
configure:12110: gcc -c -g -O2  conftest.c >&5
configure:12110: $? = 0
configure:12110: gcc -c -g -O2  conftest.c >&5
conftest.c: In function 'main':
conftest.c:52:38: error: expected expression before ')' token
 if (sizeof ((struct sockaddr_storage)))
                                      ^
configure:12110: $? = 1
configure: failed program was:
| /* confdefs.h */
| #define PACKAGE_NAME "pcap"
| #define PACKAGE_TARNAME "pcap"
| #define PACKAGE_VERSION "1.10.4"
| #define PACKAGE_STRING "pcap 1.10.4"
| #define PACKAGE_BUGREPORT ""
| #define PACKAGE_URL ""
| #define STDC_HEADERS 1
| #define HAVE_SYS_TYPES_H 1
| #define HAVE_SYS_STAT_H 1
| #define HAVE_STDLIB_H 1
| #define HAVE_STRING_H 1
| #define HAVE_MEMORY_H 1
| #define HAVE_STRINGS_H 1
| #define HAVE_INTTYPES_H 1
| #define HAVE_STDINT_H 1
| #define HAVE_UNISTD_H 1
| #define SIZEOF_VOID_P 8
| #define inline inline
| #define HAVE___ATOMIC_LOAD_N 1
| #define HAVE___ATOMIC_STORE_N 1
| #define HAVE_FSEEKO 1
| #define HAVE_NETPACKET_PACKET_H 1
| #define HAVE_STRERROR 1
| #define HAVE_GNU_STRERROR_R /**/
| #define HAVE_VSYSLOG 1
| #define HAVE_VASPRINTF 1
| #define HAVE_ASPRINTF 1
| #define HAVE_STRTOK_R 1
| #define HAVE_FFS 1
| #define STRINGS_H_DECLARES_FFS /**/
| #define HAVE_LINUX_GETNETBYNAME_R 1
| #define HAVE_LINUX_GETPROTOBYNAME_R 1
| #define HAVE_ETHER_HOSTTON 1
| #define NETINET_ETHER_H_DECLARES_ETHER_HOSTTON /**/
| #define HAVE_DECL_ETHER_HOSTTON 1
| #define HAVE_LINUX_SOCKET_H 1
| #define HAVE_LINUX_WIRELESS_H 1
| #define HAVE_STRUCT_TPACKET_AUXDATA_TP_VLAN_TCI 1
| #define HAVE_LINUX_NET_TSTAMP_H 1
| #define HAVE_SOCKLEN_T 1
| #define INET6 1
| /* end confdefs.h.  */
| 
| 	#include <sys/types.h>
| 	#include <sys/socket.h>
| 
| 
| int
| main ()
| {
| if (sizeof ((struct sockaddr_storage)))
| 	    return 0;
|   ;
|   return 0;
| }
configure:12110: result: yes
configure:12136: checking for dl_hp_ppa_info_t.dl_module_id_1
configure:12136: gcc -c -g -O2  conftest.c >&5
conftest.c:47:23: fatal error: sys/dlpi.h: No such file or directory
compilation terminated.
configure:12136: $? = 1
configure: failed program was:
| /* confdefs.h */
| #define PACKAGE_NAME "pcap"
| #define PACKAGE_TARNAME "pcap"
| #define PACKAGE_VERSION "1.10.4"
| #define PACKAGE_STRING "pcap 1.10.4"
| #define PACKAGE_BUGREPORT ""
| #define PACKAGE_URL ""
| #define STDC_HEADERS 1
| #define HAVE_SYS_TYPES_H 1
| #define HAVE_SYS_STAT_H 1
| #define HAVE_STDLIB_H 1
| #define HAVE_STRING_H 1
| #define HAVE_MEMORY_H 1
| #define HAVE_STRINGS_H 1
| #define HAVE_INTTYPES_H 1
| #define HAVE_STDINT_H 1
| #define HAVE_UNISTD_H 1
| #define SIZEOF_VOID_P 8
| #define inline inline
| #define HAVE___ATOMIC_LOAD_N 1
| #define HAVE___ATOMIC_STORE_N 1
| #define HAVE_FSEEKO 1
| #define HAVE_NETPACKET_PACKET_H 1
| #define HAVE_STRERROR 1
| #define HAVE_GNU_STRERROR_R /**/
| #define HAVE_VSYSLOG 1
| #define HAVE_VASPRINTF 1
| #define HAVE_ASPRINTF 1
| #define HAVE_STRTOK_R 1
| #define HAVE_FFS 1
| #define STRINGS_H_DECLARES_FFS /**/
| #define HAVE_LINUX_GETNETBYNAME_R 1
| #define HAVE_LINUX_GETPROTOBYNAME_R 1
| #define HAVE_ETHER_HOSTTON 1
| #define NETINET_ETHER_H_DECLARES_ETHER_HOSTTON /**/
| #define HAVE_DECL_ETHER_HOSTTON 1
| #define HAVE_LINUX_SOCKET_H 1
| #define HAVE_LINUX_WIRELESS_H 1
| #define HAVE_STRUCT_TPACKET_AUXDATA_TP_VLAN_TCI 1
| #define HAVE_LINUX_NET_TSTAMP_H 1
| #define HAVE_SOCKLEN_T 1
| #define INET6 1
| #define HAVE_STRUCT_SOCKADDR_STORAGE 1
| /* end confdefs.h.  */
| 
| 	#include <sys/types.h>
| 	#include <sys/dlpi.h>
| 	#include <sys/dlpi_ext.h>
| 
| 
| int
| main ()
| {
| static dl_hp_ppa_info_t ac_aggr;
| if (ac_aggr.dl_module_id_1)
| return 0;
|   ;
|   return 0;
| }
configure:12136: gcc -c -g -O2  conftest.c >&5
conftest.c:47:23: fatal error: sys/dlpi.h: No such file or directory
compilation terminated.
configure:12136: $? = 1
configure: failed program was:
| /* confdefs.h */
| #define PACKAGE_NAME "pcap"
| #define PACKAGE_TARNAME "pcap"
| #define PACKAGE_VERSION "1.10.4"
| #define PACKAGE_STRING "pcap 1.10.4"
| #define PACKAGE_BUGREPORT ""
| #define PACKAGE_URL ""
| #define STDC_HEADERS 1
| #define HAVE_SYS_TYPES_H 1
| #define HAVE_SYS_STAT_H 1
| #define HAVE_STDLIB_H 1
| #define HAVE_STRING_H 1
| #define HAVE_MEMORY_H 1
| #define HAVE_STRINGS_H 1
| #define HAVE_INTTYPES_H 1
| #define HAVE_STDINT_H 1
| #define HAVE_UNISTD_H 1
| #define SIZEOF_VOID_P 8
| #define inline inline
| #define HAVE___ATOMIC_LOAD_N 1
| #define HAVE___ATOMIC_STORE_N 1
| #define HAVE_FSEEKO 1
| #define HAVE_NETPACKET_PACKET_H 1
| #define HAVE_STRERROR 1
| #define HAVE_GNU_STRERROR_R /**/
| #define HAVE_VSYSLOG 1
| #define HAVE_VASPRINTF 1
| #define HAVE_ASPRINTF 1
| #define HAVE_STRTOK_R 1
| #define HAVE_FFS 1
| #define STRINGS_H_DECLARES_FFS /**/
| #define HAVE_LINUX_GETNETBYNAME_R 1
| #define HAVE_LINUX_GETPROTOBYNAME_R 1
| #define HAVE_ETHER_HOSTTON 1
| #define NETINET_ETHER_H_DECLARES_ETHER_HOSTTON /**/
| #define HAVE_DECL_ETHER_HOSTTON 1
| #define HAVE_LINUX_SOCKET_H 1
| #define HAVE_LINUX_WIRELESS_H 1
| #define HAVE_STRUCT_TPACKET_AUXDATA_TP_VLAN_TCI 1
| #define HAVE_LINUX_NET_TSTAMP_H 1
| #define HAVE_SOCKLEN_T 1
| #define INET6 1
| #define HAVE_STRUCT_SOCKADDR_STORAGE 1
| /* end confdefs.h.  */
| 
| 	#include <sys/types.h>
| 	#include <sys/dlpi.h>
| 	#include <sys/dlpi_ext.h>
| 
| 
| int
| main ()
| {
| static dl_hp_ppa_info_t ac_aggr;
| if (sizeof ac_aggr.dl_module_id_1)
| return 0;
|   ;
|   return 0;
| }
configure:12136: result: no
configure:12170: checking for Linux usbmon USB sniffing support
configure:12263: result: no
configure:12275: checking whether we can compile the netfilter support
configure:12301: gcc -c -g -O2  conftest.c >&5
configure:12301: $? = 0
configure:12309: result: yes
configure:12338: checking whether we can compile the netmap support
configure:12357: gcc -c -g -O2  conftest.c >&5
conftest.c:81:29: fatal error: net/netmap_user.h: No such file or directory
compilation terminated.
configure:12357: $? = 1
configure: failed program was:
| /* confdefs.h */
| #define PACKAGE_NAME "pcap"
| #define PACKAGE_TARNAME "pcap"
| #define PACKAGE_VERSION "1.10.4"
| #define PACKAGE_STRING "pcap 1.10.4"
| #define PACKAGE_BUGREPORT ""
| #define PACKAGE_URL ""
| #define STDC_HEADERS 1
| #define HAVE_SYS_TYPES_H 1
| #define HAVE_SYS_STAT_H 1
| #define HAVE_STDLIB_H 1
| #define HAVE_STRING_H 1
| #define HAVE_MEMORY_H 1
| #define HAVE_STRINGS_H 1
| #define HAVE_INTTYPES_H 1
| #define HAVE_STDINT_H 1
| #define HAVE_UNISTD_H 1
| #define SIZEOF_VOID_P 8
| #define inline inline
| #define HAVE___ATOMIC_LOAD_N 1
| #define HAVE___ATOMIC_STORE_N 1
| #define HAVE_FSEEKO 1
| #define HAVE_NETPACKET_PACKET_H 1
| #define HAVE_STRERROR 1
| #define HAVE_GNU_STRERROR_R /**/
| #define HAVE_VSYSLOG 1
| #define HAVE_VASPRINTF 1
| #define HAVE_ASPRINTF 1
| #define HAVE_STRTOK_R 1
| #define HAVE_FFS 1
| #define STRINGS_H_DECLARES_FFS /**/
| #define HAVE_LINUX_GETNETBYNAME_R 1
| #define HAVE_LINUX_GETPROTOBYNAME_R 1
| #define HAVE_ETHER_HOSTTON 1
| #define NETINET_ETHER_H_DECLARES_ETHER_HOSTTON /**/
| #define HAVE_DECL_ETHER_HOSTTON 1
| #define HAVE_LINUX_SOCKET_H 1
| #define HAVE_LINUX_WIRELESS_H 1
| #define HAVE_STRUCT_TPACKET_AUXDATA_TP_VLAN_TCI 1
| #define HAVE_LINUX_NET_TSTAMP_H 1
| #define HAVE_SOCKLEN_T 1
| #define INET6 1
| #define HAVE_STRUCT_SOCKADDR_STORAGE 1
| #define PCAP_SUPPORT_NETFILTER 1
| /* end confdefs.h.  */
| 
| #include <stdio.h>
| #ifdef HAVE_SYS_TYPES_H
| # include <sys/types.h>
| #endif
| #ifdef HAVE_SYS_STAT_H
| # include <sys/stat.h>
| #endif
| #ifdef STDC_HEADERS
| # include <stdlib.h>
| # include <stddef.h>
| #else
| # ifdef HAVE_STDLIB_H
| #  include <stdlib.h>
| # endif
| #endif
| #ifdef HAVE_STRING_H
| # if !defined STDC_HEADERS && defined HAVE_MEMORY_H
| #  include <memory.h>
| # endif
| # include <string.h>
| #endif
| #ifdef HAVE_STRINGS_H
| # include <strings.h>
| #endif
| #ifdef HAVE_INTTYPES_H
| # include <inttypes.h>
| #endif
| #ifdef HAVE_STDINT_H
| # include <stdint.h>
| #endif
| #ifdef HAVE_UNISTD_H
| # include <unistd.h>
| #endif
| #define NETMAP_WITH_LIBS
| #include <net/netmap_user.h>
| int
| main ()
| {
| 
|   ;
|   return 0;
| }
configure:12365: result: no
configure:12449: checking for libdpdk with pkg-config
configure:12575: result: not found
configure:12701: WARNING: We couldn't find DPDK with pkg-config.  If
you want DPDK support, make sure that pkg-config is installed,
that DPDK 18.02.2 or later is installed, and that DPDK provides a
.pc file.
configure:13119: checking for libibverbs with pkg-config
configure:13246: result: not found
configure:13253: checking for ibv_get_device_list in -libverbs
configure:13278: gcc -o conftest -g -O2   conftest.c -libverbs   >&5
/usr/bin/ld: cannot find -libverbs
collect2: error: ld returned 1 exit status
configure:13278: $? = 1
configure: failed program was:
| /* confdefs.h */
| #define PACKAGE_NAME "pcap"
| #define PACKAGE_TARNAME "pcap"
| #define PACKAGE_VERSION "1.10.4"
| #define PACKAGE_STRING "pcap 1.10.4"
| #define PACKAGE_BUGREPORT ""
| #define PACKAGE_URL ""
| #define STDC_HEADERS 1
| #define HAVE_SYS_TYPES_H 1
| #define HAVE_SYS_STAT_H 1
| #define HAVE_STDLIB_H 1
| #define HAVE_STRING_H 1
| #define HAVE_MEMORY_H 1
| #define HAVE_STRINGS_H 1
| #define HAVE_INTTYPES_H 1
| #define HAVE_STDINT_H 1
| #define HAVE_UNISTD_H 1
| #define SIZEOF_VOID_P 8
| #define inline inline
| #define HAVE___ATOMIC_LOAD_N 1
| #define HAVE___ATOMIC_STORE_N 1
| #define HAVE_FSEEKO 1
| #define HAVE_NETPACKET_PACKET_H 1
| #define HAVE_STRERROR 1
| #define HAVE_GNU_STRERROR_R /**/
| #define HAVE_VSYSLOG 1
| #define HAVE_VASPRINTF 1
| #define HAVE_ASPRINTF 1
| #define HAVE_STRTOK_R 1
| #define HAVE_FFS 1
| #define STRINGS_H_DECLARES_FFS /**/
| #define HAVE_LINUX_GETNETBYNAME_R 1
| #define HAVE_LINUX_GETPROTOBYNAME_R 1
| #define HAVE_ETHER_HOSTTON 1
| #define NETINET_ETHER_H_DECLARES_ETHER_HOSTTON /**/
| #define HAVE_DECL_ETHER_HOSTTON 1
| #define HAVE_LINUX_SOCKET_H 1
| #define HAVE_LINUX_WIRELESS_H 1
| #define HAVE_STRUCT_TPACKET_AUXDATA_TP_VLAN_TCI 1
| #define HAVE_LINUX_NET_TSTAMP_H 1
| #define HAVE_SOCKLEN_T 1
| #define INET6 1
| #define HAVE_STRUCT_SOCKADDR_STORAGE 1
| #define PCAP_SUPPORT_NETFILTER 1
| /* end confdefs.h.  */
| 
| /* Override any GCC internal prototype to avoid an error.
|    Use char because int might match the return type of a GCC
|    builtin and then its argument prototype would still apply.  */
| #ifdef __cplusplus
| extern "C"
| #endif
| char ibv_get_device_list ();
| int
| main ()
| {
| return ibv_get_device_list ();
|   ;
|   return 0;
| }
configure:13287: result: no
configure:13457: checking for a BSD-compatible install
configure:13525: result: /usr/bin/install -c
configure:13681: creating ./config.status

## ---------------------- ##
## Running config.status. ##
## ---------------------- ##

This file was extended by pcap config.status 1.10.4, which was
generated by GNU Autoconf 2.69.  Invocation command line was

  CONFIG_FILES    = 
  CONFIG_HEADERS  = 
  CONFIG_LINKS    = 
  CONFIG_COMMANDS = 
  $ ./config.status 

on cebf3c9a2b34

config.status:935: creating Makefile
config.status:935: creating grammar.y
config.status:935: creating pcap-filter.manmisc
config.status:935: creating pcap-linktype.manmisc
config.status:935: creating pcap-tstamp.manmisc
config.status:935: creating pcap-savefile.manfile
config.status:935: creating pcap.3pcap
config.status:935: creating pcap_compile.3pcap
config.status:935: creating pcap_datalink.3pcap
config.status:935: creating pcap_dump_open.3pcap
config.status:935: creating pcap_get_tstamp_precision.3pcap
config.status:935: creating pcap_list_datalinks.3pcap
config.status:935: creating pcap_list_tstamp_types.3pcap
config.status:935: creating pcap_open_dead.3pcap
config.status:935: creating pcap_open_offline.3pcap
config.status:935: creating pcap_set_immediate_mode.3pcap
config.status:935: creating pcap_set_tstamp_precision.3pcap
config.status:935: creating pcap_set_tstamp_type.3pcap
config.status:935: creating config.h
config.status:1124: executing default-1 commands

## ---------------- ##
## Cache variables. ##
## ---------------- ##

ac_cv_build=x86_64-pc-linux-gnu
ac_cv_c_compiler_gnu=yes
ac_cv_env_CCC_set=
ac_cv_env_CCC_value=
ac_cv_env_CC_set=
ac_cv_env_CC_value=
ac_cv_env_CFLAGS_set=
ac_cv_env_CFLAGS_value=
ac_cv_env_CPPFLAGS_set=
ac_cv_env_CPPFLAGS_value=
ac_cv_env_CPP_set=
ac_cv_env_CPP_value=
ac_cv_env_CXXFLAGS_set=
ac_cv_env_CXXFLAGS_value=
ac_cv_env_CXX_set=
ac_cv_env_CXX_value=
ac_cv_env_DBUS_CFLAGS_set=
ac_cv_env_DBUS_CFLAGS_value=
ac_cv_env_DBUS_LIBS_STATIC_set=
ac_cv_env_DBUS_LIBS_STATIC_value=
ac_cv_env_DBUS_LIBS_set=
ac_cv_env_DBUS_LIBS_value=
ac_cv_env_DPDK_CFLAGS_set=
ac_cv_env_DPDK_CFLAGS_value=
ac_cv_env_DPDK_LIBS_STATIC_set=
ac_cv_env_DPDK_LIBS_STATIC_value=
ac_cv_env_DPDK_LIBS_set=
ac_cv_env_DPDK_LIBS_value=
ac_cv_env_LDFLAGS_set=
ac_cv_env_LDFLAGS_value=
ac_cv_env_LIBIBVERBS_CFLAGS_set=
ac_cv_env_LIBIBVERBS_CFLAGS_value=
ac_cv_env_LIBIBVERBS_LIBS_STATIC_set=
ac_cv_env_LIBIBVERBS_LIBS_STATIC_value=
ac_cv_env_LIBIBVERBS_LIBS_set=
ac_cv_env_LIBIBVERBS_LIBS_value=
ac_cv_env_LIBNL_CFLAGS_set=
ac_cv_env_LIBNL_CFLAGS_value=
ac_cv_env_LIBNL_LIBS_STATIC_set=
ac_cv_env_LIBNL_LIBS_STATIC_value=
ac_cv_env_LIBNL_LIBS_set=
ac_cv_env_LIBNL_LIBS_value=
ac_cv_env_LIBS_set=
ac_cv_env_LIBS_value=
ac_cv_env_OPENSSL_CFLAGS_set=
ac_cv_env_OPENSSL_CFLAGS_value=
ac_cv_env_OPENSSL_LIBS_STATIC_set=
ac_cv_env_OPENSSL_LIBS_STATIC_value=
ac_cv_env_OPENSSL_LIBS_set=
ac_cv_env_OPENSSL_LIBS_value=
ac_cv_env_PKG_CONFIG_LIBDIR_set=
ac_cv_env_PKG_CONFIG_LIBDIR_value=
ac_cv_env_PKG_CONFIG_PATH_set=
ac_cv_env_PKG_CONFIG_PATH_value=
ac_cv_env_PKG_CONFIG_set=
ac_cv_env_PKG_CONFIG_value=
ac_cv_env_build_alias_set=
ac_cv_env_build_alias_value=
ac_cv_env_host_alias_set=
ac_cv_env_host_alias_value=
ac_cv_env_target_alias_set=
ac_cv_env_target_alias_value=
ac_cv_func_asprintf=yes
ac_cv_func_ether_hostton=yes
ac_cv_func_ffs=yes
ac_cv_func_getaddrinfo=yes
ac_cv_func_getifaddrs=yes
ac_cv_func_pthread_create=no
ac_cv_func_snprintf=yes
ac_cv_func_strerror=yes
ac_cv_func_strerror_r=yes
ac_cv_func_strlcat=no
ac_cv_func_strlcpy=no
ac_cv_func_strtok_r=yes
ac_cv_func_vasprintf=yes
ac_cv_func_vsnprintf=yes
ac_cv_func_vsyslog=yes
ac_cv_have_decl_ether_hostton=yes
ac_cv_have_decl_ffs=yes
ac_cv_have_decl_getnetbyname_r=yes
ac_cv_have_decl_getprotobyname_r=yes
ac_cv_header_config_HaikuConfig_h=no
ac_cv_header_dagapi_h=no
ac_cv_header_ifaddrs_h=yes
ac_cv_header_inttypes_h=yes
ac_cv_header_linux_net_tstamp_h=yes
ac_cv_header_linux_socket_h=yes
ac_cv_header_linux_wireless_h=yes
ac_cv_header_memory_h=yes
ac_cv_header_net_bpf_h=no
ac_cv_header_net_enet_h=no
ac_cv_header_net_nit_h=no
ac_cv_header_net_pfilt_h=no
ac_cv_header_net_raw_h=no
ac_cv_header_netpacket_packet_h=yes
ac_cv_header_pthread_h=yes
ac_cv_header_stdc=yes
ac_cv_header_stdint_h=yes
ac_cv_header_stdlib_h=yes
ac_cv_header_string_h=yes
ac_cv_header_strings_h=yes
ac_cv_header_sys_dlpi_h=no
ac_cv_header_sys_ioccom_h=no
ac_cv_header_sys_net_nit_h=no
ac_cv_header_sys_sockio_h=no
ac_cv_header_sys_stat_h=yes
ac_cv_header_sys_types_h=yes
ac_cv_header_unistd_h=yes
ac_cv_host=x86_64-pc-linux-gnu
ac_cv_lbl_gcc_fixincludes=yes
ac_cv_lbl_inline=inline
ac_cv_lbl_septel_api=no
ac_cv_lbl_snf_api=no
ac_cv_lbl_turbocap_api=no
ac_cv_lib_ibverbs_ibv_get_device_list=no
ac_cv_lib_pthread_pthread_create=yes
ac_cv_lib_pthreads_pthread_create=no
ac_cv_member_dl_hp_ppa_info_t_dl_module_id_1=no
ac_cv_member_struct_sockaddr_sa_len=no
ac_cv_member_struct_tpacket_auxdata_tp_vlan_tci=yes
ac_cv_net_netmap_user_can_compile=no
ac_cv_netfilter_can_compile=yes
ac_cv_objext=o
ac_cv_path_EGREP='/bin/grep -E'
ac_cv_path_GREP=/bin/grep
ac_cv_path_install='/usr/bin/install -c'
ac_cv_prog_CPP='gcc -E'
ac_cv_prog_ac_ct_AR=ar
ac_cv_prog_ac_ct_CC=gcc
ac_cv_prog_ac_ct_RANLIB=ranlib
ac_cv_prog_cc_c89=
ac_cv_prog_cc_c99=
ac_cv_prog_cc_g=yes
ac_cv_search_putmsg='none required'
ac_cv_sizeof_void_p=8
ac_cv_sys_file_offset_bits=no
ac_cv_sys_largefile_CC=no
ac_cv_sys_largefile_source=no
ac_cv_target=x86_64-pc-linux-gnu
ac_cv_type_socklen_t=yes
ac_cv_type_struct_sockaddr_storage=yes

## ----------------- ##
## Output variables. ##
## ----------------- ##

ADDLARCHIVEOBJS=''
ADDLOBJS=''
AR='ar'
BREW=''
BUILD_RPCAPD=''
CC='gcc'
CFLAGS='-g -O2'
CPP='gcc -E'
CPPFLAGS=''
CXX=''
CXXFLAGS=''
DBUS_CFLAGS=''
DBUS_LIBS=''
DBUS_LIBS_STATIC=''
DEFS='-DHAVE_CONFIG_H'
DEPENDENCY_CFLAG=''
DPDK_CFLAGS=''
DPDK_LIBS=''
DPDK_LIBS_STATIC=''
DYEXT='none'
ECHO_C=''
ECHO_N='-n'
ECHO_T=''
EGREP='/bin/grep -E'
EXEEXT=''
GREP='/bin/grep'
INSTALL_DATA='${INSTALL} -m 644'
INSTALL_PROGRAM='${INSTALL}'
INSTALL_RPCAPD=''
INSTALL_SCRIPT='${INSTALL}'
LDFLAGS=''
LIBIBVERBS_CFLAGS=''
LIBIBVERBS_LIBS=''
LIBIBVERBS_LIBS_STATIC=''
LIBNL_CFLAGS=''
LIBNL_LIBS=''
LIBNL_LIBS_STATIC=''
LIBOBJS=' ${LIBOBJDIR}strlcat$U.o ${LIBOBJDIR}strlcpy$U.o'
LIBS=' '
LIBS_PRIVATE=''
LIBS_STATIC=' '
LN_S='ln -s'
LTLIBOBJS=' ${LIBOBJDIR}strlcat$U.lo ${LIBOBJDIR}strlcpy$U.lo'
MAN_ADMIN_COMMANDS='8'
MAN_DEVICES='4'
MAN_FILE_FORMATS='5'
MAN_MISC_INFO='7'
MKDEP=''
MODULE_C_SRC=' pcap-netfilter-linux.c'
OBJEXT='o'
OPENSSL_CFLAGS=''
OPENSSL_LIBS=''
OPENSSL_LIBS_STATIC=''
PACKAGE_BUGREPORT=''
PACKAGE_NAME='pcap'
PACKAGE_STRING='pcap 1.10.4'
PACKAGE_TARNAME='pcap'
PACKAGE_URL=''
PACKAGE_VERSION='1.10.4'
PATH_SEPARATOR=':'
PCAP_SUPPORT_BT=''
PCAP_SUPPORT_DBUS=''
PCAP_SUPPORT_DPDK=''
PCAP_SUPPORT_LINUX_USBMON=''
PCAP_SUPPORT_NETFILTER=''
PCAP_SUPPORT_NETMAP=''
PCAP_SUPPORT_RDMASNIFF=''
PKG_CONFIG=''
PKG_CONFIG_LIBDIR=''
PKG_CONFIG_PATH=''
PLATFORM_CXX_SRC=''
PLATFORM_C_SRC='pcap-linux.c fad-getad.c'
PTHREAD_LIBS=' -lpthread'
RANLIB='ranlib'
REMOTE_C_SRC=''
REQUIRES_PRIVATE=''
RPATH='-Wl,-rpath,${libdir}'
RPCAPD_LIBS=''
SHELL='/bin/bash'
SHLICC2=''
VALGRINDTEST_SRC='valgrindtest.c'
V_CCOPT=' -fvisibility=hidden'
V_DEFS=''
V_INCLS=''
V_LIB_CCOPT_FAT=''
V_LIB_LDFLAGS_FAT=''
V_PROG_CCOPT_FAT=''
V_PROG_LDFLAGS_FAT=''
V_SHLIB_CCOPT=' -fpic'
V_SHLIB_CMD='$(CC)'
V_SHLIB_OPT='-shared'
V_SONAME_OPT='-Wl,-soname,'
ac_ct_CC='gcc'
ac_ct_CXX=''
bindir='${exec_prefix}/bin'
build='x86_64-pc-linux-gnu'
build_alias=''
build_cpu='x86_64'
build_os='linux-gnu'
build_vendor='pc'
datadir='${datarootdir}'
datarootdir='${prefix}/share'
docdir='${datarootdir}/doc/${PACKAGE_TARNAME}'
dvidir='${docdir}'
exec_prefix='${prefix}'
host='x86_64-pc-linux-gnu'
host_alias=''
host_cpu='x86_64'
host_os='linux-gnu'
host_vendor='pc'
htmldir='${docdir}'
includedir='${prefix}/include'
infodir='${datarootdir}/info'
libdir='${exec_prefix}/lib'
libexecdir='${exec_prefix}/libexec'
localedir='${datarootdir}/locale'
localstatedir='${prefix}/var'
mandir='${datarootdir}/man'
oldincludedir='/usr/include'
pdfdir='${docdir}'
prefix='/usr/local'
program_transform_name='s,x,x,'
psdir='${docdir}'
runstatedir='${localstatedir}/run'
sbindir='${exec_prefix}/sbin'
sharedstatedir='${prefix}/com'
sysconfdir='${prefix}/etc'
target='x86_64-pc-linux-gnu'
target_alias=''
target_cpu='x86_64'
target_os='linux-gnu'
target_vendor='pc'

## ----------- ##
## confdefs.h. ##
## ----------- ##

/* confdefs.h */
#define PACKAGE_NAME "pcap"
#define PACKAGE_TARNAME "pcap"
#define PACKAGE_VERSION "1.10.4"
#define PACKAGE_STRING "pcap 1.10.4"
#define PACKAGE_BUGREPORT ""
#define PACKAGE_URL ""
#define STDC_HEADERS 1
#define HAVE_SYS_TYPES_H 1
#define HAVE_SYS_STAT_H 1
#define HAVE_STDLIB_H 1
#define HAVE_STRING_H 1
#define HAVE_MEMORY_H 1
#define HAVE_STRINGS_H 1
#define HAVE_INTTYPES_H 1
#define HAVE_STDINT_H 1
#define HAVE_UNISTD_H 1
#define SIZEOF_VOID_P 8
#define inline inline
#define HAVE___ATOMIC_LOAD_N 1
#define HAVE___ATOMIC_STORE_N 1
#define HAVE_FSEEKO 1
#define HAVE_NETPACKET_PACKET_H 1
#define HAVE_STRERROR 1
#define HAVE_GNU_STRERROR_R /**/
#define HAVE_VSYSLOG 1
#define HAVE_VASPRINTF 1
#define HAVE_ASPRINTF 1
#define HAVE_STRTOK_R 1
#define HAVE_FFS 1
#define STRINGS_H_DECLARES_FFS /**/
#define HAVE_LINUX_GETNETBYNAME_R 1
#define HAVE_LINUX_GETPROTOBYNAME_R 1
#define HAVE_ETHER_HOSTTON 1
#define NETINET_ETHER_H_DECLARES_ETHER_HOSTTON /**/
#define HAVE_DECL_ETHER_HOSTTON 1
#define HAVE_LINUX_SOCKET_H 1
#define HAVE_LINUX_WIRELESS_H 1
#define HAVE_STRUCT_TPACKET_AUXDATA_TP_VLAN_TCI 1
#define HAVE_LINUX_NET_TSTAMP_H 1
#define HAVE_SOCKLEN_T 1
#define INET6 1
#define HAVE_STRUCT_SOCKADDR_STORAGE 1
#define PCAP_SUPPORT_NETFILTER 1

configure: exit 0

## ---------------------- ##
## Running config.status. ##
## ---------------------- ##

This file was extended by pcap config.status 1.10.4, which was
generated by GNU Autoconf 2.69.  Invocation command line was

  CONFIG_FILES    = 
  CONFIG_HEADERS  = 
  CONFIG_LINKS    = 
  CONFIG_COMMANDS = 
  $ ./config.status --file=libpcap.pc.tmp:./libpcap.pc.in

on cebf3c9a2b34

config.status:935: creating libpcap.pc.tmp

## ---------------------- ##
## Running config.status. ##
## ---------------------- ##

This file was extended by pcap config.status 1.10.4, which was
generated by GNU Autoconf 2.69.  Invocation command line was

  CONFIG_FILES    = 
  CONFIG_HEADERS  = 
  CONFIG_LINKS    = 
  CONFIG_COMMANDS = 
  $ ./config.status --file=pcap-config.tmp:./pcap-config.in

on cebf3c9a2b34

config.status:935: creating pcap-config.tmp
